This is pdfTeX, Version 3.14159265-2.6-1.40.18 (TeX Live 2017/Debian) (preloaded format=pdflatex 2019.2.8)  12 FEB 2019 16:23
entering extended mode
 restricted \write18 enabled.
 %&-line parsing enabled.
**report_18_12_21.tex
(./report_18_12_21.tex
LaTeX2e <2017-04-15>
Babel <3.18> and hyphenation patterns for 84 language(s) loaded.
(/usr/share/texlive/texmf-dist/tex/latex/base/article.cls
Document Class: article 2014/09/29 v1.4h Standard LaTeX document class
(/usr/share/texlive/texmf-dist/tex/latex/base/size12.clo
File: size12.clo 2014/09/29 v1.4h Standard LaTeX file (size option)
)
\c@part=\count79
\c@section=\count80
\c@subsection=\count81
\c@subsubsection=\count82
\c@paragraph=\count83
\c@subparagraph=\count84
\c@figure=\count85
\c@table=\count86
\abovecaptionskip=\skip41
\belowcaptionskip=\skip42
\bibindent=\dimen102
)
(/usr/share/texlive/texmf-dist/tex/generic/babel/babel.sty
Package: babel 2018/02/14 3.18 The Babel package

(/usr/share/texlive/texmf-dist/tex/generic/babel/switch.def
File: switch.def 2018/02/14 3.18 Babel switching mechanism
)
(/usr/share/texlive/texmf-dist/tex/generic/babel-portuges/portuges.ldf
Language: portuges 2008/03/18 v1.2q Portuguese support from the babel system

(/usr/share/texlive/texmf-dist/tex/generic/babel/babel.def
File: babel.def 2018/02/14 3.18 Babel common definitions
\babel@savecnt=\count87
\U@D=\dimen103

(/usr/share/texlive/texmf-dist/tex/generic/babel/txtbabel.def)
\bbl@dirlevel=\count88
)
Package babel Info: Making " an active character on input line 145.
))
(/usr/share/texlive/texmf-dist/tex/latex/base/inputenc.sty
Package: inputenc 2015/03/17 v1.2c Input encoding file
\inpenc@prehook=\toks14
\inpenc@posthook=\toks15

(/usr/share/texlive/texmf-dist/tex/latex/base/utf8.def
File: utf8.def 2017/01/28 v1.1t UTF-8 support for inputenc
Now handling font encoding OML ...
... no UTF-8 mapping file for font encoding OML
Now handling font encoding T1 ...
... processing UTF-8 mapping file for font encoding T1

(/usr/share/texlive/texmf-dist/tex/latex/base/t1enc.dfu
File: t1enc.dfu 2017/01/28 v1.1t UTF-8 support for inputenc
   defining Unicode char U+00A0 (decimal 160)
   defining Unicode char U+00A1 (decimal 161)
   defining Unicode char U+00A3 (decimal 163)
   defining Unicode char U+00AB (decimal 171)
   defining Unicode char U+00AD (decimal 173)
   defining Unicode char U+00BB (decimal 187)
   defining Unicode char U+00BF (decimal 191)
   defining Unicode char U+00C0 (decimal 192)
   defining Unicode char U+00C1 (decimal 193)
   defining Unicode char U+00C2 (decimal 194)
   defining Unicode char U+00C3 (decimal 195)
   defining Unicode char U+00C4 (decimal 196)
   defining Unicode char U+00C5 (decimal 197)
   defining Unicode char U+00C6 (decimal 198)
   defining Unicode char U+00C7 (decimal 199)
   defining Unicode char U+00C8 (decimal 200)
   defining Unicode char U+00C9 (decimal 201)
   defining Unicode char U+00CA (decimal 202)
   defining Unicode char U+00CB (decimal 203)
   defining Unicode char U+00CC (decimal 204)
   defining Unicode char U+00CD (decimal 205)
   defining Unicode char U+00CE (decimal 206)
   defining Unicode char U+00CF (decimal 207)
   defining Unicode char U+00D0 (decimal 208)
   defining Unicode char U+00D1 (decimal 209)
   defining Unicode char U+00D2 (decimal 210)
   defining Unicode char U+00D3 (decimal 211)
   defining Unicode char U+00D4 (decimal 212)
   defining Unicode char U+00D5 (decimal 213)
   defining Unicode char U+00D6 (decimal 214)
   defining Unicode char U+00D8 (decimal 216)
   defining Unicode char U+00D9 (decimal 217)
   defining Unicode char U+00DA (decimal 218)
   defining Unicode char U+00DB (decimal 219)
   defining Unicode char U+00DC (decimal 220)
   defining Unicode char U+00DD (decimal 221)
   defining Unicode char U+00DE (decimal 222)
   defining Unicode char U+00DF (decimal 223)
   defining Unicode char U+00E0 (decimal 224)
   defining Unicode char U+00E1 (decimal 225)
   defining Unicode char U+00E2 (decimal 226)
   defining Unicode char U+00E3 (decimal 227)
   defining Unicode char U+00E4 (decimal 228)
   defining Unicode char U+00E5 (decimal 229)
   defining Unicode char U+00E6 (decimal 230)
   defining Unicode char U+00E7 (decimal 231)
   defining Unicode char U+00E8 (decimal 232)
   defining Unicode char U+00E9 (decimal 233)
   defining Unicode char U+00EA (decimal 234)
   defining Unicode char U+00EB (decimal 235)
   defining Unicode char U+00EC (decimal 236)
   defining Unicode char U+00ED (decimal 237)
   defining Unicode char U+00EE (decimal 238)
   defining Unicode char U+00EF (decimal 239)
   defining Unicode char U+00F0 (decimal 240)
   defining Unicode char U+00F1 (decimal 241)
   defining Unicode char U+00F2 (decimal 242)
   defining Unicode char U+00F3 (decimal 243)
   defining Unicode char U+00F4 (decimal 244)
   defining Unicode char U+00F5 (decimal 245)
   defining Unicode char U+00F6 (decimal 246)
   defining Unicode char U+00F8 (decimal 248)
   defining Unicode char U+00F9 (decimal 249)
   defining Unicode char U+00FA (decimal 250)
   defining Unicode char U+00FB (decimal 251)
   defining Unicode char U+00FC (decimal 252)
   defining Unicode char U+00FD (decimal 253)
   defining Unicode char U+00FE (decimal 254)
   defining Unicode char U+00FF (decimal 255)
   defining Unicode char U+0100 (decimal 256)
   defining Unicode char U+0101 (decimal 257)
   defining Unicode char U+0102 (decimal 258)
   defining Unicode char U+0103 (decimal 259)
   defining Unicode char U+0104 (decimal 260)
   defining Unicode char U+0105 (decimal 261)
   defining Unicode char U+0106 (decimal 262)
   defining Unicode char U+0107 (decimal 263)
   defining Unicode char U+0108 (decimal 264)
   defining Unicode char U+0109 (decimal 265)
   defining Unicode char U+010A (decimal 266)
   defining Unicode char U+010B (decimal 267)
   defining Unicode char U+010C (decimal 268)
   defining Unicode char U+010D (decimal 269)
   defining Unicode char U+010E (decimal 270)
   defining Unicode char U+010F (decimal 271)
   defining Unicode char U+0110 (decimal 272)
   defining Unicode char U+0111 (decimal 273)
   defining Unicode char U+0112 (decimal 274)
   defining Unicode char U+0113 (decimal 275)
   defining Unicode char U+0114 (decimal 276)
   defining Unicode char U+0115 (decimal 277)
   defining Unicode char U+0116 (decimal 278)
   defining Unicode char U+0117 (decimal 279)
   defining Unicode char U+0118 (decimal 280)
   defining Unicode char U+0119 (decimal 281)
   defining Unicode char U+011A (decimal 282)
   defining Unicode char U+011B (decimal 283)
   defining Unicode char U+011C (decimal 284)
   defining Unicode char U+011D (decimal 285)
   defining Unicode char U+011E (decimal 286)
   defining Unicode char U+011F (decimal 287)
   defining Unicode char U+0120 (decimal 288)
   defining Unicode char U+0121 (decimal 289)
   defining Unicode char U+0122 (decimal 290)
   defining Unicode char U+0123 (decimal 291)
   defining Unicode char U+0124 (decimal 292)
   defining Unicode char U+0125 (decimal 293)
   defining Unicode char U+0128 (decimal 296)
   defining Unicode char U+0129 (decimal 297)
   defining Unicode char U+012A (decimal 298)
   defining Unicode char U+012B (decimal 299)
   defining Unicode char U+012C (decimal 300)
   defining Unicode char U+012D (decimal 301)
   defining Unicode char U+012E (decimal 302)
   defining Unicode char U+012F (decimal 303)
   defining Unicode char U+0130 (decimal 304)
   defining Unicode char U+0131 (decimal 305)
   defining Unicode char U+0132 (decimal 306)
   defining Unicode char U+0133 (decimal 307)
   defining Unicode char U+0134 (decimal 308)
   defining Unicode char U+0135 (decimal 309)
   defining Unicode char U+0136 (decimal 310)
   defining Unicode char U+0137 (decimal 311)
   defining Unicode char U+0139 (decimal 313)
   defining Unicode char U+013A (decimal 314)
   defining Unicode char U+013B (decimal 315)
   defining Unicode char U+013C (decimal 316)
   defining Unicode char U+013D (decimal 317)
   defining Unicode char U+013E (decimal 318)
   defining Unicode char U+0141 (decimal 321)
   defining Unicode char U+0142 (decimal 322)
   defining Unicode char U+0143 (decimal 323)
   defining Unicode char U+0144 (decimal 324)
   defining Unicode char U+0145 (decimal 325)
   defining Unicode char U+0146 (decimal 326)
   defining Unicode char U+0147 (decimal 327)
   defining Unicode char U+0148 (decimal 328)
   defining Unicode char U+014A (decimal 330)
   defining Unicode char U+014B (decimal 331)
   defining Unicode char U+014C (decimal 332)
   defining Unicode char U+014D (decimal 333)
   defining Unicode char U+014E (decimal 334)
   defining Unicode char U+014F (decimal 335)
   defining Unicode char U+0150 (decimal 336)
   defining Unicode char U+0151 (decimal 337)
   defining Unicode char U+0152 (decimal 338)
   defining Unicode char U+0153 (decimal 339)
   defining Unicode char U+0154 (decimal 340)
   defining Unicode char U+0155 (decimal 341)
   defining Unicode char U+0156 (decimal 342)
   defining Unicode char U+0157 (decimal 343)
   defining Unicode char U+0158 (decimal 344)
   defining Unicode char U+0159 (decimal 345)
   defining Unicode char U+015A (decimal 346)
   defining Unicode char U+015B (decimal 347)
   defining Unicode char U+015C (decimal 348)
   defining Unicode char U+015D (decimal 349)
   defining Unicode char U+015E (decimal 350)
   defining Unicode char U+015F (decimal 351)
   defining Unicode char U+0160 (decimal 352)
   defining Unicode char U+0161 (decimal 353)
   defining Unicode char U+0162 (decimal 354)
   defining Unicode char U+0163 (decimal 355)
   defining Unicode char U+0164 (decimal 356)
   defining Unicode char U+0165 (decimal 357)
   defining Unicode char U+0168 (decimal 360)
   defining Unicode char U+0169 (decimal 361)
   defining Unicode char U+016A (decimal 362)
   defining Unicode char U+016B (decimal 363)
   defining Unicode char U+016C (decimal 364)
   defining Unicode char U+016D (decimal 365)
   defining Unicode char U+016E (decimal 366)
   defining Unicode char U+016F (decimal 367)
   defining Unicode char U+0170 (decimal 368)
   defining Unicode char U+0171 (decimal 369)
   defining Unicode char U+0172 (decimal 370)
   defining Unicode char U+0173 (decimal 371)
   defining Unicode char U+0174 (decimal 372)
   defining Unicode char U+0175 (decimal 373)
   defining Unicode char U+0176 (decimal 374)
   defining Unicode char U+0177 (decimal 375)
   defining Unicode char U+0178 (decimal 376)
   defining Unicode char U+0179 (decimal 377)
   defining Unicode char U+017A (decimal 378)
   defining Unicode char U+017B (decimal 379)
   defining Unicode char U+017C (decimal 380)
   defining Unicode char U+017D (decimal 381)
   defining Unicode char U+017E (decimal 382)
   defining Unicode char U+01CD (decimal 461)
   defining Unicode char U+01CE (decimal 462)
   defining Unicode char U+01CF (decimal 463)
   defining Unicode char U+01D0 (decimal 464)
   defining Unicode char U+01D1 (decimal 465)
   defining Unicode char U+01D2 (decimal 466)
   defining Unicode char U+01D3 (decimal 467)
   defining Unicode char U+01D4 (decimal 468)
   defining Unicode char U+01E2 (decimal 482)
   defining Unicode char U+01E3 (decimal 483)
   defining Unicode char U+01E6 (decimal 486)
   defining Unicode char U+01E7 (decimal 487)
   defining Unicode char U+01E8 (decimal 488)
   defining Unicode char U+01E9 (decimal 489)
   defining Unicode char U+01EA (decimal 490)
   defining Unicode char U+01EB (decimal 491)
   defining Unicode char U+01F0 (decimal 496)
   defining Unicode char U+01F4 (decimal 500)
   defining Unicode char U+01F5 (decimal 501)
   defining Unicode char U+0218 (decimal 536)
   defining Unicode char U+0219 (decimal 537)
   defining Unicode char U+021A (decimal 538)
   defining Unicode char U+021B (decimal 539)
   defining Unicode char U+0232 (decimal 562)
   defining Unicode char U+0233 (decimal 563)
   defining Unicode char U+1E02 (decimal 7682)
   defining Unicode char U+1E03 (decimal 7683)
   defining Unicode char U+200C (decimal 8204)
   defining Unicode char U+2010 (decimal 8208)
   defining Unicode char U+2011 (decimal 8209)
   defining Unicode char U+2012 (decimal 8210)
   defining Unicode char U+2013 (decimal 8211)
   defining Unicode char U+2014 (decimal 8212)
   defining Unicode char U+2015 (decimal 8213)
   defining Unicode char U+2018 (decimal 8216)
   defining Unicode char U+2019 (decimal 8217)
   defining Unicode char U+201A (decimal 8218)
   defining Unicode char U+201C (decimal 8220)
   defining Unicode char U+201D (decimal 8221)
   defining Unicode char U+201E (decimal 8222)
   defining Unicode char U+2030 (decimal 8240)
   defining Unicode char U+2031 (decimal 8241)
   defining Unicode char U+2039 (decimal 8249)
   defining Unicode char U+203A (decimal 8250)
   defining Unicode char U+2423 (decimal 9251)
   defining Unicode char U+1E20 (decimal 7712)
   defining Unicode char U+1E21 (decimal 7713)
)
Now handling font encoding OT1 ...
... processing UTF-8 mapping file for font encoding OT1

(/usr/share/texlive/texmf-dist/tex/latex/base/ot1enc.dfu
File: ot1enc.dfu 2017/01/28 v1.1t UTF-8 support for inputenc
   defining Unicode char U+00A0 (decimal 160)
   defining Unicode char U+00A1 (decimal 161)
   defining Unicode char U+00A3 (decimal 163)
   defining Unicode char U+00AD (decimal 173)
   defining Unicode char U+00B8 (decimal 184)
   defining Unicode char U+00BF (decimal 191)
   defining Unicode char U+00C5 (decimal 197)
   defining Unicode char U+00C6 (decimal 198)
   defining Unicode char U+00D8 (decimal 216)
   defining Unicode char U+00DF (decimal 223)
   defining Unicode char U+00E6 (decimal 230)
   defining Unicode char U+00EC (decimal 236)
   defining Unicode char U+00ED (decimal 237)
   defining Unicode char U+00EE (decimal 238)
   defining Unicode char U+00EF (decimal 239)
   defining Unicode char U+00F8 (decimal 248)
   defining Unicode char U+0131 (decimal 305)
   defining Unicode char U+0141 (decimal 321)
   defining Unicode char U+0142 (decimal 322)
   defining Unicode char U+0152 (decimal 338)
   defining Unicode char U+0153 (decimal 339)
   defining Unicode char U+0174 (decimal 372)
   defining Unicode char U+0175 (decimal 373)
   defining Unicode char U+0176 (decimal 374)
   defining Unicode char U+0177 (decimal 375)
   defining Unicode char U+0218 (decimal 536)
   defining Unicode char U+0219 (decimal 537)
   defining Unicode char U+021A (decimal 538)
   defining Unicode char U+021B (decimal 539)
   defining Unicode char U+2013 (decimal 8211)
   defining Unicode char U+2014 (decimal 8212)
   defining Unicode char U+2018 (decimal 8216)
   defining Unicode char U+2019 (decimal 8217)
   defining Unicode char U+201C (decimal 8220)
   defining Unicode char U+201D (decimal 8221)
)
Now handling font encoding OMS ...
... processing UTF-8 mapping file for font encoding OMS

(/usr/share/texlive/texmf-dist/tex/latex/base/omsenc.dfu
File: omsenc.dfu 2017/01/28 v1.1t UTF-8 support for inputenc
   defining Unicode char U+00A7 (decimal 167)
   defining Unicode char U+00B6 (decimal 182)
   defining Unicode char U+00B7 (decimal 183)
   defining Unicode char U+2020 (decimal 8224)
   defining Unicode char U+2021 (decimal 8225)
   defining Unicode char U+2022 (decimal 8226)
)
Now handling font encoding OMX ...
... no UTF-8 mapping file for font encoding OMX
Now handling font encoding U ...
... no UTF-8 mapping file for font encoding U
   defining Unicode char U+00A9 (decimal 169)
   defining Unicode char U+00AA (decimal 170)
   defining Unicode char U+00AE (decimal 174)
   defining Unicode char U+00BA (decimal 186)
   defining Unicode char U+02C6 (decimal 710)
   defining Unicode char U+02DC (decimal 732)
   defining Unicode char U+200C (decimal 8204)
   defining Unicode char U+2026 (decimal 8230)
   defining Unicode char U+2122 (decimal 8482)
   defining Unicode char U+2423 (decimal 9251)
))
(/usr/share/texlive/texmf-dist/tex/latex/amsmath/amsmath.sty
Package: amsmath 2017/09/02 v2.17a AMS math features
\@mathmargin=\skip43

For additional information on amsmath, use the `?' option.
(/usr/share/texlive/texmf-dist/tex/latex/amsmath/amstext.sty
Package: amstext 2000/06/29 v2.01 AMS text

(/usr/share/texlive/texmf-dist/tex/latex/amsmath/amsgen.sty
File: amsgen.sty 1999/11/30 v2.0 generic functions
\@emptytoks=\toks16
\ex@=\dimen104
))
(/usr/share/texlive/texmf-dist/tex/latex/amsmath/amsbsy.sty
Package: amsbsy 1999/11/29 v1.2d Bold Symbols
\pmbraise@=\dimen105
)
(/usr/share/texlive/texmf-dist/tex/latex/amsmath/amsopn.sty
Package: amsopn 2016/03/08 v2.02 operator names
)
\inf@bad=\count89
LaTeX Info: Redefining \frac on input line 213.
\uproot@=\count90
\leftroot@=\count91
LaTeX Info: Redefining \overline on input line 375.
\classnum@=\count92
\DOTSCASE@=\count93
LaTeX Info: Redefining \ldots on input line 472.
LaTeX Info: Redefining \dots on input line 475.
LaTeX Info: Redefining \cdots on input line 596.
\Mathstrutbox@=\box26
\strutbox@=\box27
\big@size=\dimen106
LaTeX Font Info:    Redeclaring font encoding OML on input line 712.
LaTeX Font Info:    Redeclaring font encoding OMS on input line 713.
\macc@depth=\count94
\c@MaxMatrixCols=\count95
\dotsspace@=\muskip10
\c@parentequation=\count96
\dspbrk@lvl=\count97
\tag@help=\toks17
\row@=\count98
\column@=\count99
\maxfields@=\count100
\andhelp@=\toks18
\eqnshift@=\dimen107
\alignsep@=\dimen108
\tagshift@=\dimen109
\tagwidth@=\dimen110
\totwidth@=\dimen111
\lineht@=\dimen112
\@envbody=\toks19
\multlinegap=\skip44
\multlinetaggap=\skip45
\mathdisplay@stack=\toks20
LaTeX Info: Redefining \[ on input line 2817.
LaTeX Info: Redefining \] on input line 2818.
)
(/usr/share/texlive/texmf-dist/tex/latex/commath/commath.sty
(/usr/share/texlive/texmf-dist/tex/latex/base/ifthen.sty
Package: ifthen 2014/09/29 v1.1c Standard LaTeX ifthen package (DPC)
))
(/usr/share/texlive/texmf-dist/tex/latex/abntex2/abntex2cite.sty
Package: abntex2cite 2016/02/26 v-1.9.6 abnTeX2

(/usr/share/texlive/texmf-dist/tex/latex/tools/calc.sty
Package: calc 2014/10/28 v4.3 Infix arithmetic (KKT,FJ)
\calc@Acount=\count101
\calc@Bcount=\count102
\calc@Adimen=\dimen113
\calc@Bdimen=\dimen114
\calc@Askip=\skip46
\calc@Bskip=\skip47
LaTeX Info: Redefining \setlength on input line 80.
LaTeX Info: Redefining \addtolength on input line 81.
\calc@Ccount=\count103
\calc@Cskip=\skip48
)
(/usr/share/texlive/texmf-dist/tex/latex/abntex2/abntex2abrev.sty)
(/usr/share/texlive/texmf-dist/tex/latex/setspace/setspace.sty
Package: setspace 2011/12/19 v6.7a set line spacing
)
(/usr/share/texlive/texmf-dist/tex/latex/url/url.sty
\Urlmuskip=\muskip11
Package: url 2013/09/16  ver 3.4  Verb mode for urls, etc.
)
\minimumbiblabelwidth=\skip49
\ABCIauxlen=\skip50
\c@ABCIaux=\count104
\c@ABCImax=\count105

(/usr/share/texlive/texmf-dist/tex/generic/oberdiek/ifpdf.sty
Package: ifpdf 2017/03/15 v3.2 Provides the ifpdf switch
)
(/usr/share/texlive/texmf-dist/tex/generic/ifxetex/ifxetex.sty
Package: ifxetex 2010/09/12 v0.6 Provides ifxetex conditional
)
(/usr/share/texlive/texmf-dist/tex/latex/relsize/relsize.sty
Package: relsize 2013/03/29 ver 4.1
)
\biblabelsep=\skip51
LaTeX Info: Redefining \newblock on input line 591.
LaTeX Info: Redefining \cite on input line 618.
\ABCItoken=\toks21
)
(/usr/share/texlive/texmf-dist/tex/latex/tools/indentfirst.sty
Package: indentfirst 1995/11/23 v1.03 Indent first paragraph (DPC)
)
(/usr/share/texlive/texmf-dist/tex/latex/graphics/graphicx.sty
Package: graphicx 2017/06/01 v1.1a Enhanced LaTeX Graphics (DPC,SPQR)

(/usr/share/texlive/texmf-dist/tex/latex/graphics/keyval.sty
Package: keyval 2014/10/28 v1.15 key=value parser (DPC)
\KV@toks@=\toks22
)
(/usr/share/texlive/texmf-dist/tex/latex/graphics/graphics.sty
Package: graphics 2017/06/25 v1.2c Standard LaTeX Graphics (DPC,SPQR)

(/usr/share/texlive/texmf-dist/tex/latex/graphics/trig.sty
Package: trig 2016/01/03 v1.10 sin cos tan (DPC)
)
(/usr/share/texlive/texmf-dist/tex/latex/graphics-cfg/graphics.cfg
File: graphics.cfg 2016/06/04 v1.11 sample graphics configuration
)
Package graphics Info: Driver file: pdftex.def on input line 99.

(/usr/share/texlive/texmf-dist/tex/latex/graphics-def/pdftex.def
File: pdftex.def 2018/01/08 v1.0l Graphics/color driver for pdftex
))
\Gin@req@height=\dimen115
\Gin@req@width=\dimen116
)
(/usr/share/texlive/texmf-dist/tex/latex/tools/multicol.sty
Package: multicol 2017/04/11 v1.8q multicolumn formatting (FMi)
\c@tracingmulticols=\count106
\mult@box=\box28
\multicol@leftmargin=\dimen117
\c@unbalance=\count107
\c@collectmore=\count108
\doublecol@number=\count109
\multicoltolerance=\count110
\multicolpretolerance=\count111
\full@width=\dimen118
\page@free=\dimen119
\premulticols=\dimen120
\postmulticols=\dimen121
\multicolsep=\skip52
\multicolbaselineskip=\skip53
\partial@page=\box29
\last@line=\box30
\maxbalancingoverflow=\dimen122
\mult@rightbox=\box31
\mult@grightbox=\box32
\mult@gfirstbox=\box33
\mult@firstbox=\box34
\@tempa=\box35
\@tempa=\box36
\@tempa=\box37
\@tempa=\box38
\@tempa=\box39
\@tempa=\box40
\@tempa=\box41
\@tempa=\box42
\@tempa=\box43
\@tempa=\box44
\@tempa=\box45
\@tempa=\box46
\@tempa=\box47
\@tempa=\box48
\@tempa=\box49
\@tempa=\box50
\@tempa=\box51
\c@columnbadness=\count112
\c@finalcolumnbadness=\count113
\last@try=\dimen123
\multicolovershoot=\dimen124
\multicolundershoot=\dimen125
\mult@nat@firstbox=\box52
\colbreak@box=\box53
\mc@col@check@num=\count114
)
(/usr/share/texlive/texmf-dist/tex/latex/lipsum/lipsum.sty
Package: lipsum 2014/07/27 v1.3 150 paragraphs of Lorem Ipsum dummy text
\c@lips@count=\count115
)
(/usr/share/texlive/texmf-dist/tex/latex/subfig/subfig.sty
Package: subfig 2005/06/28 ver: 1.3 subfig package

(/usr/share/texlive/texmf-dist/tex/latex/caption/caption.sty
Package: caption 2016/02/21 v3.3-144 Customizing captions (AR)

(/usr/share/texlive/texmf-dist/tex/latex/caption/caption3.sty
Package: caption3 2016/05/22 v1.7-166 caption3 kernel (AR)
Package caption3 Info: TeX engine: e-TeX on input line 67.
\captionmargin=\dimen126
\captionmargin@=\dimen127
\captionwidth=\dimen128
\caption@tempdima=\dimen129
\caption@indent=\dimen130
\caption@parindent=\dimen131
\caption@hangindent=\dimen132
)
\c@ContinuedFloat=\count116
)
\c@KVtest=\count117
\sf@farskip=\skip54
\sf@captopadj=\dimen133
\sf@capskip=\skip55
\sf@nearskip=\skip56
\c@subfigure=\count118
\c@subfigure@save=\count119
\c@lofdepth=\count120
\c@subtable=\count121
\c@subtable@save=\count122
\c@lotdepth=\count123
\sf@top=\skip57
\sf@bottom=\skip58
)
(/usr/share/texlive/texmf-dist/tex/latex/geometry/geometry.sty
Package: geometry 2010/09/12 v5.6 Page Geometry

(/usr/share/texlive/texmf-dist/tex/generic/oberdiek/ifvtex.sty
Package: ifvtex 2016/05/16 v1.6 Detect VTeX and its facilities (HO)
Package ifvtex Info: VTeX not detected.
)
\Gm@cnth=\count124
\Gm@cntv=\count125
\c@Gm@tempcnt=\count126
\Gm@bindingoffset=\dimen134
\Gm@wd@mp=\dimen135
\Gm@odd@mp=\dimen136
\Gm@even@mp=\dimen137
\Gm@layoutwidth=\dimen138
\Gm@layoutheight=\dimen139
\Gm@layouthoffset=\dimen140
\Gm@layoutvoffset=\dimen141
\Gm@dimlist=\toks23
)
(./report_18_12_21.aux)
\openout1 = `report_18_12_21.aux'.

LaTeX Font Info:    Checking defaults for OML/cmm/m/it on input line 24.
LaTeX Font Info:    ... okay on input line 24.
LaTeX Font Info:    Checking defaults for T1/cmr/m/n on input line 24.
LaTeX Font Info:    ... okay on input line 24.
LaTeX Font Info:    Checking defaults for OT1/cmr/m/n on input line 24.
LaTeX Font Info:    ... okay on input line 24.
LaTeX Font Info:    Checking defaults for OMS/cmsy/m/n on input line 24.
LaTeX Font Info:    ... okay on input line 24.
LaTeX Font Info:    Checking defaults for OMX/cmex/m/n on input line 24.
LaTeX Font Info:    ... okay on input line 24.
LaTeX Font Info:    Checking defaults for U/cmr/m/n on input line 24.
LaTeX Font Info:    ... okay on input line 24.

(/usr/share/texlive/texmf-dist/tex/context/base/mkii/supp-pdf.mkii
[Loading MPS to PDF converter (version 2006.09.02).]
\scratchcounter=\count127
\scratchdimen=\dimen142
\scratchbox=\box54
\nofMPsegments=\count128
\nofMParguments=\count129
\everyMPshowfont=\toks24
\MPscratchCnt=\count130
\MPscratchDim=\dimen143
\MPnumerator=\count131
\makeMPintoPDFobject=\count132
\everyMPtoPDFconversion=\toks25
) (/usr/share/texlive/texmf-dist/tex/latex/oberdiek/epstopdf-base.sty
Package: epstopdf-base 2016/05/15 v2.6 Base part for package epstopdf

(/usr/share/texlive/texmf-dist/tex/generic/oberdiek/infwarerr.sty
Package: infwarerr 2016/05/16 v1.4 Providing info/warning/error messages (HO)
)
(/usr/share/texlive/texmf-dist/tex/latex/oberdiek/grfext.sty
Package: grfext 2016/05/16 v1.2 Manage graphics extensions (HO)

(/usr/share/texlive/texmf-dist/tex/generic/oberdiek/kvdefinekeys.sty
Package: kvdefinekeys 2016/05/16 v1.4 Define keys (HO)

(/usr/share/texlive/texmf-dist/tex/generic/oberdiek/ltxcmds.sty
Package: ltxcmds 2016/05/16 v1.23 LaTeX kernel commands for general use (HO)
)))
(/usr/share/texlive/texmf-dist/tex/latex/oberdiek/kvoptions.sty
Package: kvoptions 2016/05/16 v3.12 Key value format for package options (HO)

(/usr/share/texlive/texmf-dist/tex/generic/oberdiek/kvsetkeys.sty
Package: kvsetkeys 2016/05/16 v1.17 Key value parser (HO)

(/usr/share/texlive/texmf-dist/tex/generic/oberdiek/etexcmds.sty
Package: etexcmds 2016/05/16 v1.6 Avoid name clashes with e-TeX commands (HO)

(/usr/share/texlive/texmf-dist/tex/generic/oberdiek/ifluatex.sty
Package: ifluatex 2016/05/16 v1.4 Provides the ifluatex switch (HO)
Package ifluatex Info: LuaTeX not detected.
)
Package etexcmds Info: Could not find \expanded.
(etexcmds)             That can mean that you are not using pdfTeX 1.50 or
(etexcmds)             that some package has redefined \expanded.
(etexcmds)             In the latter case, load this package earlier.
)))
(/usr/share/texlive/texmf-dist/tex/generic/oberdiek/pdftexcmds.sty
Package: pdftexcmds 2018/01/21 v0.26 Utility functions of pdfTeX for LuaTeX (HO
)
Package pdftexcmds Info: LuaTeX not detected.
Package pdftexcmds Info: \pdf@primitive is available.
Package pdftexcmds Info: \pdf@ifprimitive is available.
Package pdftexcmds Info: \pdfdraftmode found.
)
Package epstopdf-base Info: Redefining graphics rule for `.eps' on input line 4
38.
Package grfext Info: Graphics extension search list:
(grfext)             [.pdf,.png,.jpg,.mps,.jpeg,.jbig2,.jb2,.PDF,.PNG,.JPG,.JPE
G,.JBIG2,.JB2,.eps]
(grfext)             \AppendGraphicsExtensions on input line 456.

(/usr/share/texlive/texmf-dist/tex/latex/latexconfig/epstopdf-sys.cfg
File: epstopdf-sys.cfg 2010/07/13 v1.3 Configuration of (r)epstopdf for TeX Liv
e
))
Package caption Info: Begin \AtBeginDocument code.
Package caption Info: subfig package v1.3 is loaded.
Package caption Info: End \AtBeginDocument code.

*geometry* driver: auto-detecting
*geometry* detected driver: pdftex
*geometry* verbose mode - [ preamble ] result:
* driver: pdftex
* paper: a4paper
* layout: <same size as paper>
* layoutoffset:(h,v)=(0.0pt,0.0pt)
* modes: 
* h-part:(L,W,R)=(85.35826pt, 426.79135pt, 85.35826pt)
* v-part:(T,H,B)=(56.9055pt, 731.23584pt, 56.9055pt)
* \paperwidth=597.50787pt
* \paperheight=845.04684pt
* \textwidth=426.79135pt
* \textheight=731.23584pt
* \oddsidemargin=13.08827pt
* \evensidemargin=13.08827pt
* \topmargin=-52.36449pt
* \headheight=12.0pt
* \headsep=25.0pt
* \topskip=12.0pt
* \footskip=30.0pt
* \marginparwidth=44.0pt
* \marginparsep=10.0pt
* \columnsep=10.0pt
* \skip\footins=10.8pt plus 4.0pt minus 2.0pt
* \hoffset=0.0pt
* \voffset=0.0pt
* \mag=1000
* \@twocolumnfalse
* \@twosidefalse
* \@mparswitchfalse
* \@reversemarginfalse
* (1in=72.27pt=25.4mm, 1cm=28.453pt)

[1

{/var/lib/texmf/fonts/map/pdftex/updmap/pdftex.map}] [1]
Overfull \hbox (36.33388pt too wide) in paragraph at lines 190--190
[]\OT1/cmtt/m/n/12 similarity_narrow_dihedral <- 1 - (2/pi)*acos((hhhh + 9*hvhv
 + 6*Re(hhhv))/[] 
 []


Overfull \hbox (30.15887pt too wide) in paragraph at lines 190--190
[]                                                \OT1/cmtt/m/n/12 (10*sqrt_tra
ce_kennaugh) )[] 
 []


Overfull \hbox (17.80887pt too wide) in paragraph at lines 190--190
[]\OT1/cmtt/m/n/12 similarity_cylinder <- 1 - (2/pi)*acos( ( 9*hhhh + hvhv + 6*
Re(hhhv) ) /[] 
 []


Overfull \hbox (17.80887pt too wide) in paragraph at lines 190--190
[]\OT1/cmtt/m/n/12 similarity_left_helix <- 1 - (2/pi)*acos( ( hvhv + vvvv - 2*
Im(hvvv) ) /[] 
 []


Overfull \hbox (23.98387pt too wide) in paragraph at lines 190--190
[]\OT1/cmtt/m/n/12 similarity_right_helix <- 1 - (2/pi)*acos( ( hvhv + vvvv + 2
*Im(hvvv) ) /[] 
 []

[2]
Overfull \hbox (5.45886pt too wide) in paragraph at lines 190--190
[]\OT1/cmtt/m/n/12 similarity_pos_wave <- 1 - (2/pi)*acos( ( hhhh + hvhv - 2*Im
(hhhv) ) /[] 
 []


Overfull \hbox (5.45886pt too wide) in paragraph at lines 190--190
[]\OT1/cmtt/m/n/12 similarity_neg_wave <- 1 - (2/pi)*acos( ( hhhh + hvhv + 2*Im
(hhhv) ) /[] 
 []

<../../Images/Report_18_12_20/guatemala.png, id=24, 1858.945pt x 1010.77625pt>
File: ../../Images/Report_18_12_20/guatemala.png Graphic file (type png)
<use ../../Images/Report_18_12_20/guatemala.png>
Package pdftex.def Info: ../../Images/Report_18_12_20/guatemala.png  used on in
put line 196.
(pdftex.def)             Requested size: 384.1096pt x 208.84532pt.
<../../Images/Report_18_12_20/ponder.png, id=26, 1522.68875pt x 1010.77625pt>
File: ../../Images/Report_18_12_20/ponder.png Graphic file (type png)
<use ../../Images/Report_18_12_20/ponder.png>
Package pdftex.def Info: ../../Images/Report_18_12_20/ponder.png  used on input
 line 203.
(pdftex.def)             Requested size: 384.1096pt x 254.97607pt.
<../../Images/Report_18_12_20/slum.png, id=27, 1159.33125pt x 1040.88875pt>
File: ../../Images/Report_18_12_20/slum.png Graphic file (type png)
<use ../../Images/Report_18_12_20/slum.png>
Package pdftex.def Info: ../../Images/Report_18_12_20/slum.png  used on input l
ine 210.
(pdftex.def)             Requested size: 384.1096pt x 344.86026pt.

LaTeX Warning: `!h' float specifier changed to `!ht'.

[3 <../../Images/Report_18_12_20/guatemala.png> <../../Images/Report_18_12_20/p
onder.png>] [4 <../../Images/Report_18_12_20/slum.png>]
<../../Images/Report_18_12_17/tri_region1.png, id=37, 587.19376pt x 383.93437pt
>
File: ../../Images/Report_18_12_17/tri_region1.png Graphic file (type png)
<use ../../Images/Report_18_12_17/tri_region1.png>
Package pdftex.def Info: ../../Images/Report_18_12_17/tri_region1.png  used on 
input line 222.
(pdftex.def)             Requested size: 405.45047pt x 265.10246pt.
<../../Images/Report_18_12_17/tri_region2.png, id=38, 587.19376pt x 383.93437pt
>
File: ../../Images/Report_18_12_17/tri_region2.png Graphic file (type png)
<use ../../Images/Report_18_12_17/tri_region2.png>
Package pdftex.def Info: ../../Images/Report_18_12_17/tri_region2.png  used on 
input line 230.
(pdftex.def)             Requested size: 405.45047pt x 265.10246pt.
<../../Images/Report_18_12_17/tri_region3.png, id=39, 587.19376pt x 383.93437pt
>
File: ../../Images/Report_18_12_17/tri_region3.png Graphic file (type png)
<use ../../Images/Report_18_12_17/tri_region3.png>
Package pdftex.def Info: ../../Images/Report_18_12_17/tri_region3.png  used on 
input line 238.
(pdftex.def)             Requested size: 405.45047pt x 265.10246pt.


LaTeX Warning: `!h' float specifier changed to `!ht'.

<../../Images/Report_18_12_17/tri_region4.png, id=40, 587.19376pt x 383.93437pt
>
File: ../../Images/Report_18_12_17/tri_region4.png Graphic file (type png)
<use ../../Images/Report_18_12_17/tri_region4.png>
Package pdftex.def Info: ../../Images/Report_18_12_17/tri_region4.png  used on 
input line 246.
(pdftex.def)             Requested size: 405.45047pt x 265.10246pt.

LaTeX Warning: `!h' float specifier changed to `!ht'.

<../../Images/Report_18_12_17/tri_region5.png, id=41, 588.69937pt x 383.93437pt
>
File: ../../Images/Report_18_12_17/tri_region5.png Graphic file (type png)
<use ../../Images/Report_18_12_17/tri_region5.png>
Package pdftex.def Info: ../../Images/Report_18_12_17/tri_region5.png  used on 
input line 254.
(pdftex.def)             Requested size: 405.45047pt x 264.42876pt.

LaTeX Warning: `!h' float specifier changed to `!ht'.

<../../Images/Report_18_12_20/ponder_tri_region1.png, id=42, 588.69937pt x 383.
93437pt>
File: ../../Images/Report_18_12_20/ponder_tri_region1.png Graphic file (type pn
g)
<use ../../Images/Report_18_12_20/ponder_tri_region1.png>
Package pdftex.def Info: ../../Images/Report_18_12_20/ponder_tri_region1.png  u
sed on input line 262.
(pdftex.def)             Requested size: 426.79135pt x 278.34235pt.

LaTeX Warning: `!h' float specifier changed to `!ht'.

<../../Images/Report_18_12_20/ponder_tri_region2.png, id=43, 587.19376pt x 383.
93437pt>
File: ../../Images/Report_18_12_20/ponder_tri_region2.png Graphic file (type pn
g)
<use ../../Images/Report_18_12_20/ponder_tri_region2.png>
Package pdftex.def Info: ../../Images/Report_18_12_20/ponder_tri_region2.png  u
sed on input line 270.
(pdftex.def)             Requested size: 426.79135pt x 279.05707pt.

LaTeX Warning: `!h' float specifier changed to `!ht'.

<../../Images/Report_18_12_20/ponder_tri_region3.png, id=44, 587.19376pt x 383.
93437pt>
File: ../../Images/Report_18_12_20/ponder_tri_region3.png Graphic file (type pn
g)
<use ../../Images/Report_18_12_20/ponder_tri_region3.png>
Package pdftex.def Info: ../../Images/Report_18_12_20/ponder_tri_region3.png  u
sed on input line 278.
(pdftex.def)             Requested size: 426.79135pt x 279.05707pt.

LaTeX Warning: `!h' float specifier changed to `!ht'.

<../../Images/Report_18_12_20/ponder_tri_region4.png, id=45, 587.19376pt x 383.
93437pt>
File: ../../Images/Report_18_12_20/ponder_tri_region4.png Graphic file (type pn
g)
<use ../../Images/Report_18_12_20/ponder_tri_region4.png>
Package pdftex.def Info: ../../Images/Report_18_12_20/ponder_tri_region4.png  u
sed on input line 286.
(pdftex.def)             Requested size: 426.79135pt x 279.05707pt.

LaTeX Warning: `!h' float specifier changed to `!ht'.

<../../Images/Report_18_12_20/slum_tri_region1.png, id=46, 587.19376pt x 383.93
437pt>
File: ../../Images/Report_18_12_20/slum_tri_region1.png Graphic file (type png)

<use ../../Images/Report_18_12_20/slum_tri_region1.png>
Package pdftex.def Info: ../../Images/Report_18_12_20/slum_tri_region1.png  use
d on input line 294.
(pdftex.def)             Requested size: 426.79135pt x 279.05707pt.

LaTeX Warning: `!h' float specifier changed to `!ht'.

<../../Images/Report_18_12_20/slum_tri_region2.png, id=47, 587.19376pt x 383.93
437pt>
File: ../../Images/Report_18_12_20/slum_tri_region2.png Graphic file (type png)

<use ../../Images/Report_18_12_20/slum_tri_region2.png>
Package pdftex.def Info: ../../Images/Report_18_12_20/slum_tri_region2.png  use
d on input line 302.
(pdftex.def)             Requested size: 426.79135pt x 279.05707pt.

LaTeX Warning: `!h' float specifier changed to `!ht'.

<../../Images/Report_18_12_20/slum_tri_region3.png, id=48, 587.19376pt x 383.93
437pt>
File: ../../Images/Report_18_12_20/slum_tri_region3.png Graphic file (type png)

<use ../../Images/Report_18_12_20/slum_tri_region3.png>
Package pdftex.def Info: ../../Images/Report_18_12_20/slum_tri_region3.png  use
d on input line 310.
(pdftex.def)             Requested size: 426.79135pt x 279.05707pt.

LaTeX Warning: `!h' float specifier changed to `!ht'.

[5 <../../Images/Report_18_12_17/tri_region1.png (PNG copy)> <../../Images/Repo
rt_18_12_17/tri_region2.png (PNG copy)>]

LaTeX Warning: Text page 6 contains only floats.

[6 <../../Images/Report_18_12_17/tri_region3.png (PNG copy)> <../../Images/Repo
rt_18_12_17/tri_region4.png (PNG copy)>]

LaTeX Warning: Text page 7 contains only floats.

[7 <../../Images/Report_18_12_17/tri_region5.png (PNG copy)> <../../Images/Repo
rt_18_12_20/ponder_tri_region1.png (PNG copy)>]

LaTeX Warning: Text page 8 contains only floats.

[8 <../../Images/Report_18_12_20/ponder_tri_region2.png (PNG copy)> <../../Imag
es/Report_18_12_20/ponder_tri_region3.png (PNG copy)>]

LaTeX Warning: Text page 9 contains only floats.

[9 <../../Images/Report_18_12_20/ponder_tri_region4.png (PNG copy)> <../../Imag
es/Report_18_12_20/slum_tri_region1.png (PNG copy)>]

LaTeX Warning: Text page 10 contains only floats.

[10 <../../Images/Report_18_12_20/slum_tri_region2.png (PNG copy)> <../../Image
s/Report_18_12_20/slum_tri_region3.png (PNG copy)>]
<../../Images/Report_18_12_17/di_region1.png, id=68, 587.19376pt x 383.93437pt>

File: ../../Images/Report_18_12_17/di_region1.png Graphic file (type png)
<use ../../Images/Report_18_12_17/di_region1.png>
Package pdftex.def Info: ../../Images/Report_18_12_17/di_region1.png  used on i
nput line 320.
(pdftex.def)             Requested size: 396.91283pt x 259.51944pt.
<../../Images/Report_18_12_17/di_region2.png, id=69, 587.19376pt x 383.93437pt>

File: ../../Images/Report_18_12_17/di_region2.png Graphic file (type png)
<use ../../Images/Report_18_12_17/di_region2.png>
Package pdftex.def Info: ../../Images/Report_18_12_17/di_region2.png  used on i
nput line 327.
(pdftex.def)             Requested size: 396.91283pt x 259.51944pt.
<../../Images/Report_18_12_17/di_region3.png, id=70, 587.19376pt x 383.93437pt>

File: ../../Images/Report_18_12_17/di_region3.png Graphic file (type png)
<use ../../Images/Report_18_12_17/di_region3.png>
Package pdftex.def Info: ../../Images/Report_18_12_17/di_region3.png  used on i
nput line 335.
(pdftex.def)             Requested size: 405.45047pt x 265.10246pt.


LaTeX Warning: `!h' float specifier changed to `!ht'.

<../../Images/Report_18_12_17/di_region4.png, id=71, 587.19376pt x 383.93437pt>

File: ../../Images/Report_18_12_17/di_region4.png Graphic file (type png)
<use ../../Images/Report_18_12_17/di_region4.png>
Package pdftex.def Info: ../../Images/Report_18_12_17/di_region4.png  used on i
nput line 343.
(pdftex.def)             Requested size: 405.45047pt x 265.10246pt.

LaTeX Warning: `!h' float specifier changed to `!ht'.

<../../Images/Report_18_12_17/di_region5.png, id=72, 587.19376pt x 383.93437pt>

File: ../../Images/Report_18_12_17/di_region5.png Graphic file (type png)
<use ../../Images/Report_18_12_17/di_region5.png>
Package pdftex.def Info: ../../Images/Report_18_12_17/di_region5.png  used on i
nput line 351.
(pdftex.def)             Requested size: 405.45047pt x 265.10246pt.

LaTeX Warning: `!h' float specifier changed to `!ht'.

<../../Images/Report_18_12_20/ponder_di_region1.png, id=73, 587.19376pt x 383.9
3437pt>
File: ../../Images/Report_18_12_20/ponder_di_region1.png Graphic file (type png
)
<use ../../Images/Report_18_12_20/ponder_di_region1.png>
Package pdftex.def Info: ../../Images/Report_18_12_20/ponder_di_region1.png  us
ed on input line 359.
(pdftex.def)             Requested size: 426.79135pt x 279.05707pt.

LaTeX Warning: `!h' float specifier changed to `!ht'.

<../../Images/Report_18_12_20/ponder_di_region2.png, id=74, 587.19376pt x 383.9
3437pt>
File: ../../Images/Report_18_12_20/ponder_di_region2.png Graphic file (type png
)
<use ../../Images/Report_18_12_20/ponder_di_region2.png>
Package pdftex.def Info: ../../Images/Report_18_12_20/ponder_di_region2.png  us
ed on input line 367.
(pdftex.def)             Requested size: 426.79135pt x 279.05707pt.

LaTeX Warning: `!h' float specifier changed to `!ht'.

<../../Images/Report_18_12_20/ponder_di_region3.png, id=75, 587.19376pt x 383.9
3437pt>
File: ../../Images/Report_18_12_20/ponder_di_region3.png Graphic file (type png
)
<use ../../Images/Report_18_12_20/ponder_di_region3.png>
Package pdftex.def Info: ../../Images/Report_18_12_20/ponder_di_region3.png  us
ed on input line 375.
(pdftex.def)             Requested size: 426.79135pt x 279.05707pt.

LaTeX Warning: `!h' float specifier changed to `!ht'.

<../../Images/Report_18_12_20/ponder_di_region4.png, id=76, 587.19376pt x 383.9
3437pt>
File: ../../Images/Report_18_12_20/ponder_di_region4.png Graphic file (type png
)
<use ../../Images/Report_18_12_20/ponder_di_region4.png>
Package pdftex.def Info: ../../Images/Report_18_12_20/ponder_di_region4.png  us
ed on input line 383.
(pdftex.def)             Requested size: 426.79135pt x 279.05707pt.

LaTeX Warning: `!h' float specifier changed to `!ht'.

<../../Images/Report_18_12_20/slum_di_region1.png, id=77, 587.19376pt x 383.934
37pt>
File: ../../Images/Report_18_12_20/slum_di_region1.png Graphic file (type png)
<use ../../Images/Report_18_12_20/slum_di_region1.png>
Package pdftex.def Info: ../../Images/Report_18_12_20/slum_di_region1.png  used
 on input line 391.
(pdftex.def)             Requested size: 426.79135pt x 279.05707pt.

LaTeX Warning: `!h' float specifier changed to `!ht'.

<../../Images/Report_18_12_20/slum_di_region2.png, id=78, 587.19376pt x 383.934
37pt>
File: ../../Images/Report_18_12_20/slum_di_region2.png Graphic file (type png)
<use ../../Images/Report_18_12_20/slum_di_region2.png>
Package pdftex.def Info: ../../Images/Report_18_12_20/slum_di_region2.png  used
 on input line 399.
(pdftex.def)             Requested size: 426.79135pt x 279.05707pt.

LaTeX Warning: `!h' float specifier changed to `!ht'.

<../../Images/Report_18_12_20/slum_di_region3.png, id=79, 587.19376pt x 383.934
37pt>
File: ../../Images/Report_18_12_20/slum_di_region3.png Graphic file (type png)
<use ../../Images/Report_18_12_20/slum_di_region3.png>
Package pdftex.def Info: ../../Images/Report_18_12_20/slum_di_region3.png  used
 on input line 407.
(pdftex.def)             Requested size: 426.79135pt x 279.05707pt.

LaTeX Warning: `!h' float specifier changed to `!ht'.

[11 <../../Images/Report_18_12_17/di_region1.png (PNG copy)> <../../Images/Repo
rt_18_12_17/di_region2.png (PNG copy)>]

LaTeX Warning: Text page 12 contains only floats.

[12 <../../Images/Report_18_12_17/di_region3.png (PNG copy)> <../../Images/Repo
rt_18_12_17/di_region4.png (PNG copy)>]

LaTeX Warning: Text page 13 contains only floats.

[13 <../../Images/Report_18_12_17/di_region5.png (PNG copy)> <../../Images/Repo
rt_18_12_20/ponder_di_region1.png (PNG copy)>]

LaTeX Warning: Text page 14 contains only floats.

[14 <../../Images/Report_18_12_20/ponder_di_region2.png (PNG copy)> <../../Imag
es/Report_18_12_20/ponder_di_region3.png (PNG copy)>]

LaTeX Warning: Text page 15 contains only floats.

[15 <../../Images/Report_18_12_20/ponder_di_region4.png (PNG copy)> <../../Imag
es/Report_18_12_20/slum_di_region1.png (PNG copy)>]

LaTeX Warning: Text page 16 contains only floats.

[16 <../../Images/Report_18_12_20/slum_di_region2.png (PNG copy)> <../../Images
/Report_18_12_20/slum_di_region3.png (PNG copy)>]
<../../Images/Report_18_12_17/rv_region1.png, id=99, 588.69937pt x 383.93437pt>

File: ../../Images/Report_18_12_17/rv_region1.png Graphic file (type png)
<use ../../Images/Report_18_12_17/rv_region1.png>
Package pdftex.def Info: ../../Images/Report_18_12_17/rv_region1.png  used on i
nput line 416.
(pdftex.def)             Requested size: 405.45047pt x 264.42876pt.
<../../Images/Report_18_12_17/rv_region2.png, id=100, 588.69937pt x 383.93437pt
>
File: ../../Images/Report_18_12_17/rv_region2.png Graphic file (type png)
<use ../../Images/Report_18_12_17/rv_region2.png>
Package pdftex.def Info: ../../Images/Report_18_12_17/rv_region2.png  used on i
nput line 423.
(pdftex.def)             Requested size: 405.45047pt x 264.42876pt.
<../../Images/Report_18_12_17/rv_region3.png, id=101, 588.69937pt x 383.93437pt
>
File: ../../Images/Report_18_12_17/rv_region3.png Graphic file (type png)
<use ../../Images/Report_18_12_17/rv_region3.png>
Package pdftex.def Info: ../../Images/Report_18_12_17/rv_region3.png  used on i
nput line 431.
(pdftex.def)             Requested size: 405.45047pt x 264.42876pt.


LaTeX Warning: `!h' float specifier changed to `!ht'.

<../../Images/Report_18_12_17/rv_region4.png, id=102, 588.69937pt x 383.93437pt
>
File: ../../Images/Report_18_12_17/rv_region4.png Graphic file (type png)
<use ../../Images/Report_18_12_17/rv_region4.png>
Package pdftex.def Info: ../../Images/Report_18_12_17/rv_region4.png  used on i
nput line 439.
(pdftex.def)             Requested size: 405.45047pt x 264.42876pt.

LaTeX Warning: `!h' float specifier changed to `!ht'.

<../../Images/Report_18_12_17/rv_region5.png, id=103, 588.69937pt x 383.93437pt
>
File: ../../Images/Report_18_12_17/rv_region5.png Graphic file (type png)
<use ../../Images/Report_18_12_17/rv_region5.png>
Package pdftex.def Info: ../../Images/Report_18_12_17/rv_region5.png  used on i
nput line 447.
(pdftex.def)             Requested size: 405.45047pt x 264.42876pt.

LaTeX Warning: `!h' float specifier changed to `!ht'.

<../../Images/Report_18_12_20/ponder_rv_region1.png, id=104, 588.69937pt x 383.
93437pt>
File: ../../Images/Report_18_12_20/ponder_rv_region1.png Graphic file (type png
)
<use ../../Images/Report_18_12_20/ponder_rv_region1.png>
Package pdftex.def Info: ../../Images/Report_18_12_20/ponder_rv_region1.png  us
ed on input line 455.
(pdftex.def)             Requested size: 405.45047pt x 264.42876pt.

LaTeX Warning: `!h' float specifier changed to `!ht'.

<../../Images/Report_18_12_20/ponder_rv_region2.png, id=105, 587.19376pt x 383.
93437pt>
File: ../../Images/Report_18_12_20/ponder_rv_region2.png Graphic file (type png
)
<use ../../Images/Report_18_12_20/ponder_rv_region2.png>
Package pdftex.def Info: ../../Images/Report_18_12_20/ponder_rv_region2.png  us
ed on input line 463.
(pdftex.def)             Requested size: 405.45047pt x 265.10246pt.

LaTeX Warning: `!h' float specifier changed to `!ht'.

<../../Images/Report_18_12_20/ponder_rv_region3.png, id=106, 587.19376pt x 383.
93437pt>
File: ../../Images/Report_18_12_20/ponder_rv_region3.png Graphic file (type png
)
<use ../../Images/Report_18_12_20/ponder_rv_region3.png>
Package pdftex.def Info: ../../Images/Report_18_12_20/ponder_rv_region3.png  us
ed on input line 471.
(pdftex.def)             Requested size: 426.79135pt x 279.05707pt.

LaTeX Warning: `!h' float specifier changed to `!ht'.

<../../Images/Report_18_12_20/ponder_rv_region4.png, id=107, 587.19376pt x 383.
93437pt>
File: ../../Images/Report_18_12_20/ponder_rv_region4.png Graphic file (type png
)
<use ../../Images/Report_18_12_20/ponder_rv_region4.png>
Package pdftex.def Info: ../../Images/Report_18_12_20/ponder_rv_region4.png  us
ed on input line 479.
(pdftex.def)             Requested size: 426.79135pt x 279.05707pt.

LaTeX Warning: `!h' float specifier changed to `!ht'.

<../../Images/Report_18_12_20/slum_rv_region1.png, id=108, 587.19376pt x 383.93
437pt>
File: ../../Images/Report_18_12_20/slum_rv_region1.png Graphic file (type png)
<use ../../Images/Report_18_12_20/slum_rv_region1.png>
Package pdftex.def Info: ../../Images/Report_18_12_20/slum_rv_region1.png  used
 on input line 487.
(pdftex.def)             Requested size: 426.79135pt x 279.05707pt.

LaTeX Warning: `!h' float specifier changed to `!ht'.

<../../Images/Report_18_12_20/slum_rv_region2.png, id=109, 587.19376pt x 383.93
437pt>
File: ../../Images/Report_18_12_20/slum_rv_region2.png Graphic file (type png)
<use ../../Images/Report_18_12_20/slum_rv_region2.png>
Package pdftex.def Info: ../../Images/Report_18_12_20/slum_rv_region2.png  used
 on input line 495.
(pdftex.def)             Requested size: 426.79135pt x 279.05707pt.

LaTeX Warning: `!h' float specifier changed to `!ht'.

<../../Images/Report_18_12_20/slum_rv_region3.png, id=110, 587.19376pt x 383.93
437pt>
File: ../../Images/Report_18_12_20/slum_rv_region3.png Graphic file (type png)
<use ../../Images/Report_18_12_20/slum_rv_region3.png>
Package pdftex.def Info: ../../Images/Report_18_12_20/slum_rv_region3.png  used
 on input line 503.
(pdftex.def)             Requested size: 426.79135pt x 279.05707pt.

LaTeX Warning: `!h' float specifier changed to `!ht'.

[17 <../../Images/Report_18_12_17/rv_region1.png (PNG copy)> <../../Images/Repo
rt_18_12_17/rv_region2.png (PNG copy)>]

LaTeX Warning: Text page 18 contains only floats.

[18 <../../Images/Report_18_12_17/rv_region3.png (PNG copy)> <../../Images/Repo
rt_18_12_17/rv_region4.png (PNG copy)>]

LaTeX Warning: Text page 19 contains only floats.

[19 <../../Images/Report_18_12_17/rv_region5.png (PNG copy)> <../../Images/Repo
rt_18_12_20/ponder_rv_region1.png (PNG copy)>]

LaTeX Warning: Text page 20 contains only floats.

[20 <../../Images/Report_18_12_20/ponder_rv_region2.png (PNG copy)> <../../Imag
es/Report_18_12_20/ponder_rv_region3.png (PNG copy)>]

LaTeX Warning: Text page 21 contains only floats.

[21 <../../Images/Report_18_12_20/ponder_rv_region4.png (PNG copy)> <../../Imag
es/Report_18_12_20/slum_rv_region1.png (PNG copy)>]

LaTeX Warning: Text page 22 contains only floats.

[22 <../../Images/Report_18_12_20/slum_rv_region2.png (PNG copy)> <../../Images
/Report_18_12_20/slum_rv_region3.png (PNG copy)>]
<../../Images/Report_18_12_20/nd_region1.png, id=130, 587.19376pt x 383.93437pt
>
File: ../../Images/Report_18_12_20/nd_region1.png Graphic file (type png)
<use ../../Images/Report_18_12_20/nd_region1.png>
Package pdftex.def Info: ../../Images/Report_18_12_20/nd_region1.png  used on i
nput line 513.
(pdftex.def)             Requested size: 426.79135pt x 279.05707pt.
<../../Images/Report_18_12_20/nd_region2.png, id=131, 587.19376pt x 383.93437pt
>
File: ../../Images/Report_18_12_20/nd_region2.png Graphic file (type png)
<use ../../Images/Report_18_12_20/nd_region2.png>
Package pdftex.def Info: ../../Images/Report_18_12_20/nd_region2.png  used on i
nput line 520.
(pdftex.def)             Requested size: 426.79135pt x 279.05707pt.
<../../Images/Report_18_12_20/nd_region3.png, id=132, 587.19376pt x 383.93437pt
>
File: ../../Images/Report_18_12_20/nd_region3.png Graphic file (type png)
<use ../../Images/Report_18_12_20/nd_region3.png>
Package pdftex.def Info: ../../Images/Report_18_12_20/nd_region3.png  used on i
nput line 528.
(pdftex.def)             Requested size: 426.79135pt x 279.05707pt.


LaTeX Warning: `!h' float specifier changed to `!ht'.

<../../Images/Report_18_12_20/nd_region4.png, id=133, 588.69937pt x 383.93437pt
>
File: ../../Images/Report_18_12_20/nd_region4.png Graphic file (type png)
<use ../../Images/Report_18_12_20/nd_region4.png>
Package pdftex.def Info: ../../Images/Report_18_12_20/nd_region4.png  used on i
nput line 536.
(pdftex.def)             Requested size: 426.79135pt x 278.34235pt.

LaTeX Warning: `!h' float specifier changed to `!ht'.

<../../Images/Report_18_12_20/nd_region5.png, id=134, 588.69937pt x 383.93437pt
>
File: ../../Images/Report_18_12_20/nd_region5.png Graphic file (type png)
<use ../../Images/Report_18_12_20/nd_region5.png>
Package pdftex.def Info: ../../Images/Report_18_12_20/nd_region5.png  used on i
nput line 543.
(pdftex.def)             Requested size: 426.79135pt x 278.34235pt.

LaTeX Warning: `!h' float specifier changed to `!ht'.

[23 <../../Images/Report_18_12_20/nd_region1.png (PNG copy)> <../../Images/Repo
rt_18_12_20/nd_region2.png (PNG copy)>]

LaTeX Warning: Text page 24 contains only floats.

[24 <../../Images/Report_18_12_20/nd_region3.png (PNG copy)> <../../Images/Repo
rt_18_12_20/nd_region4.png (PNG copy)>]
<../../Images/Report_18_12_20/cy_region1.png, id=142, 587.19376pt x 383.93437pt
>
File: ../../Images/Report_18_12_20/cy_region1.png Graphic file (type png)
<use ../../Images/Report_18_12_20/cy_region1.png>
Package pdftex.def Info: ../../Images/Report_18_12_20/cy_region1.png  used on i
nput line 553.
(pdftex.def)             Requested size: 426.79135pt x 279.05707pt.
<../../Images/Report_18_12_20/cy_region2.png, id=143, 587.19376pt x 383.93437pt
>
File: ../../Images/Report_18_12_20/cy_region2.png Graphic file (type png)
<use ../../Images/Report_18_12_20/cy_region2.png>
Package pdftex.def Info: ../../Images/Report_18_12_20/cy_region2.png  used on i
nput line 561.
(pdftex.def)             Requested size: 426.79135pt x 279.05707pt.
 [25 <../../Images/Report_18_12_20/nd_region5.png (PNG copy)> <../../Images/Rep
ort_18_12_20/cy_region1.png (PNG copy)>]
<../../Images/Report_18_12_20/cy_region3.png, id=147, 587.19376pt x 383.93437pt
>
File: ../../Images/Report_18_12_20/cy_region3.png Graphic file (type png)
<use ../../Images/Report_18_12_20/cy_region3.png>
Package pdftex.def Info: ../../Images/Report_18_12_20/cy_region3.png  used on i
nput line 569.
(pdftex.def)             Requested size: 426.79135pt x 279.05707pt.
<../../Images/Report_18_12_20/cy_region4.png, id=148, 587.19376pt x 383.93437pt
>
File: ../../Images/Report_18_12_20/cy_region4.png Graphic file (type png)
<use ../../Images/Report_18_12_20/cy_region4.png>
Package pdftex.def Info: ../../Images/Report_18_12_20/cy_region4.png  used on i
nput line 577.
(pdftex.def)             Requested size: 426.79135pt x 279.05707pt.

LaTeX Warning: `!h' float specifier changed to `!ht'.

<../../Images/Report_18_12_20/cy_region5.png, id=149, 587.19376pt x 383.93437pt
>
File: ../../Images/Report_18_12_20/cy_region5.png Graphic file (type png)
<use ../../Images/Report_18_12_20/cy_region5.png>
Package pdftex.def Info: ../../Images/Report_18_12_20/cy_region5.png  used on i
nput line 585.
(pdftex.def)             Requested size: 426.79135pt x 279.05707pt.

LaTeX Warning: `!h' float specifier changed to `!ht'.

[26 <../../Images/Report_18_12_20/cy_region2.png (PNG copy)> <../../Images/Repo
rt_18_12_20/cy_region3.png (PNG copy)>]

LaTeX Warning: Text page 27 contains only floats.

[27 <../../Images/Report_18_12_20/cy_region4.png (PNG copy)> <../../Images/Repo
rt_18_12_20/cy_region5.png (PNG copy)>]
<../../Images/Report_18_12_20/dip_region1.png, id=156, 587.19376pt x 383.93437p
t>
File: ../../Images/Report_18_12_20/dip_region1.png Graphic file (type png)
<use ../../Images/Report_18_12_20/dip_region1.png>
Package pdftex.def Info: ../../Images/Report_18_12_20/dip_region1.png  used on 
input line 594.
(pdftex.def)             Requested size: 426.79135pt x 279.05707pt.
<../../Images/Report_18_12_20/dip_region2.png, id=157, 587.19376pt x 383.93437p
t>
File: ../../Images/Report_18_12_20/dip_region2.png Graphic file (type png)
<use ../../Images/Report_18_12_20/dip_region2.png>
Package pdftex.def Info: ../../Images/Report_18_12_20/dip_region2.png  used on 
input line 601.
(pdftex.def)             Requested size: 426.79135pt x 279.05707pt.
<../../Images/Report_18_12_20/dip_region3.png, id=158, 587.19376pt x 383.93437p
t>
File: ../../Images/Report_18_12_20/dip_region3.png Graphic file (type png)
<use ../../Images/Report_18_12_20/dip_region3.png>
Package pdftex.def Info: ../../Images/Report_18_12_20/dip_region3.png  used on 
input line 609.
(pdftex.def)             Requested size: 426.79135pt x 279.05707pt.


LaTeX Warning: `!h' float specifier changed to `!ht'.

<../../Images/Report_18_12_20/dip_region4.png, id=159, 587.19376pt x 383.93437p
t>
File: ../../Images/Report_18_12_20/dip_region4.png Graphic file (type png)
<use ../../Images/Report_18_12_20/dip_region4.png>
Package pdftex.def Info: ../../Images/Report_18_12_20/dip_region4.png  used on 
input line 617.
(pdftex.def)             Requested size: 426.79135pt x 279.05707pt.

LaTeX Warning: `!h' float specifier changed to `!ht'.

<../../Images/Report_18_12_20/dip_region5.png, id=160, 587.19376pt x 383.93437p
t>
File: ../../Images/Report_18_12_20/dip_region5.png Graphic file (type png)
<use ../../Images/Report_18_12_20/dip_region5.png>
Package pdftex.def Info: ../../Images/Report_18_12_20/dip_region5.png  used on 
input line 624.
(pdftex.def)             Requested size: 426.79135pt x 279.05707pt.

LaTeX Warning: `!h' float specifier changed to `!ht'.

[28 <../../Images/Report_18_12_20/dip_region1.png (PNG copy)> <../../Images/Rep
ort_18_12_20/dip_region2.png (PNG copy)>]

LaTeX Warning: Text page 29 contains only floats.

[29 <../../Images/Report_18_12_20/dip_region3.png (PNG copy)> <../../Images/Rep
ort_18_12_20/dip_region4.png (PNG copy)>]
<../../Images/Report_18_12_20/lh_region1.png, id=167, 587.19376pt x 383.93437pt
>
File: ../../Images/Report_18_12_20/lh_region1.png Graphic file (type png)
<use ../../Images/Report_18_12_20/lh_region1.png>
Package pdftex.def Info: ../../Images/Report_18_12_20/lh_region1.png  used on i
nput line 633.
(pdftex.def)             Requested size: 426.79135pt x 279.05707pt.
<../../Images/Report_18_12_20/lh_region2.png, id=168, 587.19376pt x 383.93437pt
>
File: ../../Images/Report_18_12_20/lh_region2.png Graphic file (type png)
<use ../../Images/Report_18_12_20/lh_region2.png>
Package pdftex.def Info: ../../Images/Report_18_12_20/lh_region2.png  used on i
nput line 641.
(pdftex.def)             Requested size: 426.79135pt x 279.05707pt.


LaTeX Warning: `!h' float specifier changed to `!ht'.

<../../Images/Report_18_12_20/lh_region3.png, id=169, 587.19376pt x 383.93437pt
>
File: ../../Images/Report_18_12_20/lh_region3.png Graphic file (type png)
<use ../../Images/Report_18_12_20/lh_region3.png>
Package pdftex.def Info: ../../Images/Report_18_12_20/lh_region3.png  used on i
nput line 649.
(pdftex.def)             Requested size: 426.79135pt x 279.05707pt.

LaTeX Warning: `!h' float specifier changed to `!ht'.

<../../Images/Report_18_12_20/lh_region4.png, id=170, 587.19376pt x 383.93437pt
>
File: ../../Images/Report_18_12_20/lh_region4.png Graphic file (type png)
<use ../../Images/Report_18_12_20/lh_region4.png>
Package pdftex.def Info: ../../Images/Report_18_12_20/lh_region4.png  used on i
nput line 657.
(pdftex.def)             Requested size: 426.79135pt x 279.05707pt.

LaTeX Warning: `!h' float specifier changed to `!ht'.

<../../Images/Report_18_12_20/lh_region5.png, id=171, 593.96906pt x 383.93437pt
>
File: ../../Images/Report_18_12_20/lh_region5.png Graphic file (type png)
<use ../../Images/Report_18_12_20/lh_region5.png>
Package pdftex.def Info: ../../Images/Report_18_12_20/lh_region5.png  used on i
nput line 665.
(pdftex.def)             Requested size: 426.79135pt x 275.88184pt.

LaTeX Warning: `!h' float specifier changed to `!ht'.

[30 <../../Images/Report_18_12_20/dip_region5.png (PNG copy)> <../../Images/Rep
ort_18_12_20/lh_region1.png (PNG copy)>]

LaTeX Warning: Text page 31 contains only floats.

[31 <../../Images/Report_18_12_20/lh_region2.png (PNG copy)> <../../Images/Repo
rt_18_12_20/lh_region3.png (PNG copy)>]

LaTeX Warning: Text page 32 contains only floats.

[32 <../../Images/Report_18_12_20/lh_region4.png (PNG copy)> <../../Images/Repo
rt_18_12_20/lh_region5.png (PNG copy)>]
<../../Images/Report_18_12_20/rh_region1.png, id=182, 587.19376pt x 383.93437pt
>
File: ../../Images/Report_18_12_20/rh_region1.png Graphic file (type png)
<use ../../Images/Report_18_12_20/rh_region1.png>
Package pdftex.def Info: ../../Images/Report_18_12_20/rh_region1.png  used on i
nput line 674.
(pdftex.def)             Requested size: 426.79135pt x 279.05707pt.
<../../Images/Report_18_12_20/rh_region2.png, id=183, 588.69937pt x 383.93437pt
>
File: ../../Images/Report_18_12_20/rh_region2.png Graphic file (type png)
<use ../../Images/Report_18_12_20/rh_region2.png>
Package pdftex.def Info: ../../Images/Report_18_12_20/rh_region2.png  used on i
nput line 681.
(pdftex.def)             Requested size: 426.79135pt x 278.34235pt.
<../../Images/Report_18_12_20/rh_region3.png, id=184, 588.69937pt x 383.93437pt
>
File: ../../Images/Report_18_12_20/rh_region3.png Graphic file (type png)
<use ../../Images/Report_18_12_20/rh_region3.png>
Package pdftex.def Info: ../../Images/Report_18_12_20/rh_region3.png  used on i
nput line 689.
(pdftex.def)             Requested size: 426.79135pt x 278.34235pt.


LaTeX Warning: `!h' float specifier changed to `!ht'.

<../../Images/Report_18_12_20/rh_region4.png, id=185, 588.69937pt x 383.93437pt
>
File: ../../Images/Report_18_12_20/rh_region4.png Graphic file (type png)
<use ../../Images/Report_18_12_20/rh_region4.png>
Package pdftex.def Info: ../../Images/Report_18_12_20/rh_region4.png  used on i
nput line 697.
(pdftex.def)             Requested size: 426.79135pt x 278.34235pt.

LaTeX Warning: `!h' float specifier changed to `!ht'.

<../../Images/Report_18_12_20/rh_region5.png, id=186, 588.69937pt x 383.93437pt
>
File: ../../Images/Report_18_12_20/rh_region5.png Graphic file (type png)
<use ../../Images/Report_18_12_20/rh_region5.png>
Package pdftex.def Info: ../../Images/Report_18_12_20/rh_region5.png  used on i
nput line 704.
(pdftex.def)             Requested size: 426.79135pt x 278.34235pt.

LaTeX Warning: `!h' float specifier changed to `!ht'.

[33 <../../Images/Report_18_12_20/rh_region1.png (PNG copy)> <../../Images/Repo
rt_18_12_20/rh_region2.png (PNG copy)>]

LaTeX Warning: Text page 34 contains only floats.

[34 <../../Images/Report_18_12_20/rh_region3.png (PNG copy)> <../../Images/Repo
rt_18_12_20/rh_region4.png (PNG copy)>]
<../../Images/Report_18_12_20/pwv_region1.png, id=193, 588.69937pt x 383.93437p
t>
File: ../../Images/Report_18_12_20/pwv_region1.png Graphic file (type png)
<use ../../Images/Report_18_12_20/pwv_region1.png>
Package pdftex.def Info: ../../Images/Report_18_12_20/pwv_region1.png  used on 
input line 714.
(pdftex.def)             Requested size: 426.79135pt x 278.34235pt.
<../../Images/Report_18_12_20/pwv_region2.png, id=194, 588.69937pt x 383.93437p
t>
File: ../../Images/Report_18_12_20/pwv_region2.png Graphic file (type png)
<use ../../Images/Report_18_12_20/pwv_region2.png>
Package pdftex.def Info: ../../Images/Report_18_12_20/pwv_region2.png  used on 
input line 722.
(pdftex.def)             Requested size: 426.79135pt x 278.34235pt.
 [35 <../../Images/Report_18_12_20/rh_region5.png (PNG copy)> <../../Images/Rep
ort_18_12_20/pwv_region1.png (PNG copy)>]
<../../Images/Report_18_12_20/pwv_region3.png, id=198, 588.69937pt x 383.93437p
t>
File: ../../Images/Report_18_12_20/pwv_region3.png Graphic file (type png)
<use ../../Images/Report_18_12_20/pwv_region3.png>
Package pdftex.def Info: ../../Images/Report_18_12_20/pwv_region3.png  used on 
input line 730.
(pdftex.def)             Requested size: 426.79135pt x 278.34235pt.
<../../Images/Report_18_12_20/pwv_region4.png, id=199, 588.69937pt x 383.93437p
t>
File: ../../Images/Report_18_12_20/pwv_region4.png Graphic file (type png)
<use ../../Images/Report_18_12_20/pwv_region4.png>
Package pdftex.def Info: ../../Images/Report_18_12_20/pwv_region4.png  used on 
input line 738.
(pdftex.def)             Requested size: 426.79135pt x 278.34235pt.


LaTeX Warning: `!h' float specifier changed to `!ht'.

<../../Images/Report_18_12_20/pwv_region5.png, id=200, 588.69937pt x 383.93437p
t>
File: ../../Images/Report_18_12_20/pwv_region5.png Graphic file (type png)
<use ../../Images/Report_18_12_20/pwv_region5.png>
Package pdftex.def Info: ../../Images/Report_18_12_20/pwv_region5.png  used on 
input line 746.
(pdftex.def)             Requested size: 426.79135pt x 278.34235pt.

LaTeX Warning: `!h' float specifier changed to `!ht'.

[36 <../../Images/Report_18_12_20/pwv_region2.png (PNG copy)> <../../Images/Rep
ort_18_12_20/pwv_region3.png (PNG copy)>]

LaTeX Warning: Text page 37 contains only floats.

[37 <../../Images/Report_18_12_20/pwv_region4.png (PNG copy)> <../../Images/Rep
ort_18_12_20/pwv_region5.png (PNG copy)>]
<../../Images/Report_18_12_20/nwv_region1.png, id=208, 588.69937pt x 383.93437p
t>
File: ../../Images/Report_18_12_20/nwv_region1.png Graphic file (type png)
<use ../../Images/Report_18_12_20/nwv_region1.png>
Package pdftex.def Info: ../../Images/Report_18_12_20/nwv_region1.png  used on 
input line 755.
(pdftex.def)             Requested size: 426.79135pt x 278.34235pt.
<../../Images/Report_18_12_20/nwv_region2.png, id=209, 588.69937pt x 383.93437p
t>
File: ../../Images/Report_18_12_20/nwv_region2.png Graphic file (type png)
<use ../../Images/Report_18_12_20/nwv_region2.png>
Package pdftex.def Info: ../../Images/Report_18_12_20/nwv_region2.png  used on 
input line 762.
(pdftex.def)             Requested size: 426.79135pt x 278.34235pt.
<../../Images/Report_18_12_20/nwv_region3.png, id=210, 588.69937pt x 383.93437p
t>
File: ../../Images/Report_18_12_20/nwv_region3.png Graphic file (type png)
<use ../../Images/Report_18_12_20/nwv_region3.png>
Package pdftex.def Info: ../../Images/Report_18_12_20/nwv_region3.png  used on 
input line 770.
(pdftex.def)             Requested size: 426.79135pt x 278.34235pt.


LaTeX Warning: `!h' float specifier changed to `!ht'.

<../../Images/Report_18_12_20/nwv_region4.png, id=211, 588.69937pt x 383.93437p
t>
File: ../../Images/Report_18_12_20/nwv_region4.png Graphic file (type png)
<use ../../Images/Report_18_12_20/nwv_region4.png>
Package pdftex.def Info: ../../Images/Report_18_12_20/nwv_region4.png  used on 
input line 778.
(pdftex.def)             Requested size: 426.79135pt x 278.34235pt.

LaTeX Warning: `!h' float specifier changed to `!ht'.

<../../Images/Report_18_12_20/nwv_region5.png, id=212, 588.69937pt x 383.93437p
t>
File: ../../Images/Report_18_12_20/nwv_region5.png Graphic file (type png)
<use ../../Images/Report_18_12_20/nwv_region5.png>
Package pdftex.def Info: ../../Images/Report_18_12_20/nwv_region5.png  used on 
input line 785.
(pdftex.def)             Requested size: 426.79135pt x 278.34235pt.

LaTeX Warning: `!h' float specifier changed to `!ht'.

[38 <../../Images/Report_18_12_20/nwv_region1.png (PNG copy)> <../../Images/Rep
ort_18_12_20/nwv_region2.png (PNG copy)>]

LaTeX Warning: Text page 39 contains only floats.

[39 <../../Images/Report_18_12_20/nwv_region3.png (PNG copy)> <../../Images/Rep
ort_18_12_20/nwv_region4.png (PNG copy)>]
<../../Images/Report_18_12_17/tri_region6.png, id=219, 587.19376pt x 383.93437p
t>
File: ../../Images/Report_18_12_17/tri_region6.png Graphic file (type png)
<use ../../Images/Report_18_12_17/tri_region6.png>
Package pdftex.def Info: ../../Images/Report_18_12_17/tri_region6.png  used on 
input line 794.
(pdftex.def)             Requested size: 405.45047pt x 265.10246pt.
<../../Images/Report_18_12_17/tri_region7.png, id=220, 587.19376pt x 383.93437p
t>
File: ../../Images/Report_18_12_17/tri_region7.png Graphic file (type png)
<use ../../Images/Report_18_12_17/tri_region7.png>
Package pdftex.def Info: ../../Images/Report_18_12_17/tri_region7.png  used on 
input line 802.
(pdftex.def)             Requested size: 405.45047pt x 265.10246pt.


LaTeX Warning: `!h' float specifier changed to `!ht'.

<../../Images/Report_18_12_17/tri_region8.png, id=221, 587.19376pt x 383.93437p
t>
File: ../../Images/Report_18_12_17/tri_region8.png Graphic file (type png)
<use ../../Images/Report_18_12_17/tri_region8.png>
Package pdftex.def Info: ../../Images/Report_18_12_17/tri_region8.png  used on 
input line 810.
(pdftex.def)             Requested size: 405.45047pt x 265.10246pt.

LaTeX Warning: `!h' float specifier changed to `!ht'.

[40 <../../Images/Report_18_12_20/nwv_region5.png (PNG copy)> <../../Images/Rep
ort_18_12_17/tri_region6.png (PNG copy)>]

LaTeX Warning: Text page 41 contains only floats.

[41 <../../Images/Report_18_12_17/tri_region7.png (PNG copy)> <../../Images/Rep
ort_18_12_17/tri_region8.png (PNG copy)>]
<../../Images/Report_18_12_17/di_region6.png, id=228, 587.19376pt x 383.93437pt
>
File: ../../Images/Report_18_12_17/di_region6.png Graphic file (type png)
<use ../../Images/Report_18_12_17/di_region6.png>
Package pdftex.def Info: ../../Images/Report_18_12_17/di_region6.png  used on i
nput line 819.
(pdftex.def)             Requested size: 405.45047pt x 265.10246pt.
<../../Images/Report_18_12_17/di_region7.png, id=229, 587.19376pt x 383.93437pt
>
File: ../../Images/Report_18_12_17/di_region7.png Graphic file (type png)
<use ../../Images/Report_18_12_17/di_region7.png>
Package pdftex.def Info: ../../Images/Report_18_12_17/di_region7.png  used on i
nput line 827.
(pdftex.def)             Requested size: 405.45047pt x 265.10246pt.
<../../Images/Report_18_12_17/di_region8.png, id=230, 587.19376pt x 383.93437pt
>
File: ../../Images/Report_18_12_17/di_region8.png Graphic file (type png)
<use ../../Images/Report_18_12_17/di_region8.png>
Package pdftex.def Info: ../../Images/Report_18_12_17/di_region8.png  used on i
nput line 834.
(pdftex.def)             Requested size: 405.45047pt x 265.10246pt.


LaTeX Warning: `!h' float specifier changed to `!ht'.

[42 <../../Images/Report_18_12_17/di_region6.png (PNG copy)> <../../Images/Repo
rt_18_12_17/di_region7.png (PNG copy)>]
<../../Images/Report_18_12_17/rv_region6.png, id=235, 587.19376pt x 383.93437pt
>
File: ../../Images/Report_18_12_17/rv_region6.png Graphic file (type png)
<use ../../Images/Report_18_12_17/rv_region6.png>
Package pdftex.def Info: ../../Images/Report_18_12_17/rv_region6.png  used on i
nput line 843.
(pdftex.def)             Requested size: 405.45047pt x 265.10246pt.
<../../Images/Report_18_12_17/rv_region7.png, id=236, 587.19376pt x 383.93437pt
>
File: ../../Images/Report_18_12_17/rv_region7.png Graphic file (type png)
<use ../../Images/Report_18_12_17/rv_region7.png>
Package pdftex.def Info: ../../Images/Report_18_12_17/rv_region7.png  used on i
nput line 851.
(pdftex.def)             Requested size: 405.45047pt x 265.10246pt.


LaTeX Warning: `!h' float specifier changed to `!ht'.

<../../Images/Report_18_12_17/rv_region8.png, id=237, 587.19376pt x 383.93437pt
>
File: ../../Images/Report_18_12_17/rv_region8.png Graphic file (type png)
<use ../../Images/Report_18_12_17/rv_region8.png>
Package pdftex.def Info: ../../Images/Report_18_12_17/rv_region8.png  used on i
nput line 859.
(pdftex.def)             Requested size: 405.45047pt x 265.10246pt.

LaTeX Warning: `!h' float specifier changed to `!ht'.

[43 <../../Images/Report_18_12_17/di_region8.png (PNG copy)> <../../Images/Repo
rt_18_12_17/rv_region6.png (PNG copy)>]

LaTeX Warning: Text page 44 contains only floats.

[44 <../../Images/Report_18_12_17/rv_region7.png (PNG copy)> <../../Images/Repo
rt_18_12_17/rv_region8.png (PNG copy)>]
<../../Images/Report_18_12_20/Classifier_Geo_Dist/Class_Map/Guate/region1_predo
main.png, id=244, 526.96875pt x 376.40625pt>
File: ../../Images/Report_18_12_20/Classifier_Geo_Dist/Class_Map/Guate/region1_
predomain.png Graphic file (type png)
<use ../../Images/Report_18_12_20/Classifier_Geo_Dist/Class_Map/Guate/region1_p
redomain.png>
Package pdftex.def Info: ../../Images/Report_18_12_20/Classifier_Geo_Dist/Class
_Map/Guate/region1_predomain.png  used on input line 876.
(pdftex.def)             Requested size: 362.77525pt x 259.13475pt.
<../../Images/Report_18_12_20/Classifier_Geo_Dist/Histograms/Guate/region1_rv_s
m_filter.pdf, id=245, 794.97pt x 614.295pt>
File: ../../Images/Report_18_12_20/Classifier_Geo_Dist/Histograms/Guate/region1
_rv_sm_filter.pdf Graphic file (type pdf)
<use ../../Images/Report_18_12_20/Classifier_Geo_Dist/Histograms/Guate/region1_
rv_sm_filter.pdf>
Package pdftex.def Info: ../../Images/Report_18_12_20/Classifier_Geo_Dist/Histo
grams/Guate/region1_rv_sm_filter.pdf  used on input line 883.
(pdftex.def)             Requested size: 362.77525pt x 280.32951pt.


LaTeX Warning: `!h' float specifier changed to `!ht'.

<../../Images/Report_18_12_20/Classifier_Geo_Dist/Histograms/Guate/region1_rh_s
m_filter.pdf, id=246, 794.97pt x 614.295pt>
File: ../../Images/Report_18_12_20/Classifier_Geo_Dist/Histograms/Guate/region1
_rh_sm_filter.pdf Graphic file (type pdf)
<use ../../Images/Report_18_12_20/Classifier_Geo_Dist/Histograms/Guate/region1_
rh_sm_filter.pdf>
Package pdftex.def Info: ../../Images/Report_18_12_20/Classifier_Geo_Dist/Histo
grams/Guate/region1_rh_sm_filter.pdf  used on input line 890.
(pdftex.def)             Requested size: 362.77525pt x 280.32951pt.

LaTeX Warning: `!h' float specifier changed to `!ht'.

[45 <../../Images/Report_18_12_20/Classifier_Geo_Dist/Class_Map/Guate/region1_p
redomain.png (PNG copy)>] [46 <../../Images/Report_18_12_20/Classifier_Geo_Dist
/Histograms/Guate/region1_rv_sm_filter.pdf> <../../Images/Report_18_12_20/Class
ifier_Geo_Dist/Histograms/Guate/region1_rh_sm_filter.pdf>]
<../../Images/Report_18_12_20/Classifier_Geo_Dist/Class_Map/Guate/region2_predo
main.png, id=264, 526.96875pt x 376.40625pt>
File: ../../Images/Report_18_12_20/Classifier_Geo_Dist/Class_Map/Guate/region2_
predomain.png Graphic file (type png)
<use ../../Images/Report_18_12_20/Classifier_Geo_Dist/Class_Map/Guate/region2_p
redomain.png>
Package pdftex.def Info: ../../Images/Report_18_12_20/Classifier_Geo_Dist/Class
_Map/Guate/region2_predomain.png  used on input line 901.
(pdftex.def)             Requested size: 362.77525pt x 259.13475pt.
<../../Images/Report_18_12_20/Classifier_Geo_Dist/Histograms/Guate/region2_rv_s
m_filter.pdf, id=265, 794.97pt x 614.295pt>
File: ../../Images/Report_18_12_20/Classifier_Geo_Dist/Histograms/Guate/region2
_rv_sm_filter.pdf Graphic file (type pdf)
<use ../../Images/Report_18_12_20/Classifier_Geo_Dist/Histograms/Guate/region2_
rv_sm_filter.pdf>
Package pdftex.def Info: ../../Images/Report_18_12_20/Classifier_Geo_Dist/Histo
grams/Guate/region2_rv_sm_filter.pdf  used on input line 908.
(pdftex.def)             Requested size: 362.77525pt x 280.32951pt.
 [47 <../../Images/Report_18_12_20/Classifier_Geo_Dist/Class_Map/Guate/region2_
predomain.png (PNG copy)> <../../Images/Report_18_12_20/Classifier_Geo_Dist/His
tograms/Guate/region2_rv_sm_filter.pdf>]
<../../Images/Report_18_12_20/Classifier_Geo_Dist/Class_Map/Guate/region3_predo
main.png, id=274, 526.96875pt x 376.40625pt>
File: ../../Images/Report_18_12_20/Classifier_Geo_Dist/Class_Map/Guate/region3_
predomain.png Graphic file (type png)
<use ../../Images/Report_18_12_20/Classifier_Geo_Dist/Class_Map/Guate/region3_p
redomain.png>
Package pdftex.def Info: ../../Images/Report_18_12_20/Classifier_Geo_Dist/Class
_Map/Guate/region3_predomain.png  used on input line 917.
(pdftex.def)             Requested size: 341.43437pt x 243.89153pt.
<../../Images/Report_18_12_20/Classifier_Geo_Dist/Histograms/Guate/region3_rv_s
m_filter.pdf, id=275, 794.97pt x 614.295pt>
File: ../../Images/Report_18_12_20/Classifier_Geo_Dist/Histograms/Guate/region3
_rv_sm_filter.pdf Graphic file (type pdf)
<use ../../Images/Report_18_12_20/Classifier_Geo_Dist/Histograms/Guate/region3_
rv_sm_filter.pdf>
Package pdftex.def Info: ../../Images/Report_18_12_20/Classifier_Geo_Dist/Histo
grams/Guate/region3_rv_sm_filter.pdf  used on input line 924.
(pdftex.def)             Requested size: 341.43437pt x 263.84175pt.
 [48 <../../Images/Report_18_12_20/Classifier_Geo_Dist/Class_Map/Guate/region3_
predomain.png (PNG copy)> <../../Images/Report_18_12_20/Classifier_Geo_Dist/His
tograms/Guate/region3_rv_sm_filter.pdf>]
<../../Images/Report_18_12_20/Classifier_Geo_Dist/Class_Map/Guate/region4_predo
main.png, id=285, 526.96875pt x 376.40625pt>
File: ../../Images/Report_18_12_20/Classifier_Geo_Dist/Class_Map/Guate/region4_
predomain.png Graphic file (type png)
<use ../../Images/Report_18_12_20/Classifier_Geo_Dist/Class_Map/Guate/region4_p
redomain.png>
Package pdftex.def Info: ../../Images/Report_18_12_20/Classifier_Geo_Dist/Class
_Map/Guate/region4_predomain.png  used on input line 933.
(pdftex.def)             Requested size: 341.43437pt x 243.89153pt.
<../../Images/Report_18_12_20/Classifier_Geo_Dist/Histograms/Guate/region4_rv_s
m_filter.pdf, id=286, 794.97pt x 614.295pt>
File: ../../Images/Report_18_12_20/Classifier_Geo_Dist/Histograms/Guate/region4
_rv_sm_filter.pdf Graphic file (type pdf)
<use ../../Images/Report_18_12_20/Classifier_Geo_Dist/Histograms/Guate/region4_
rv_sm_filter.pdf>
Package pdftex.def Info: ../../Images/Report_18_12_20/Classifier_Geo_Dist/Histo
grams/Guate/region4_rv_sm_filter.pdf  used on input line 940.
(pdftex.def)             Requested size: 341.43437pt x 263.84175pt.
<../../Images/Report_18_12_20/Classifier_Geo_Dist/Histograms/Guate/region4_tri_
sm_filter.pdf, id=287, 794.97pt x 614.295pt>
File: ../../Images/Report_18_12_20/Classifier_Geo_Dist/Histograms/Guate/region4
_tri_sm_filter.pdf Graphic file (type pdf)
<use ../../Images/Report_18_12_20/Classifier_Geo_Dist/Histograms/Guate/region4_
tri_sm_filter.pdf>
Package pdftex.def Info: ../../Images/Report_18_12_20/Classifier_Geo_Dist/Histo
grams/Guate/region4_tri_sm_filter.pdf  used on input line 947.
(pdftex.def)             Requested size: 332.89673pt x 257.24289pt.


LaTeX Warning: `!h' float specifier changed to `!ht'.

[49 <../../Images/Report_18_12_20/Classifier_Geo_Dist/Class_Map/Guate/region4_p
redomain.png (PNG copy)> <../../Images/Report_18_12_20/Classifier_Geo_Dist/Hist
ograms/Guate/region4_rv_sm_filter.pdf>]
<../../Images/Report_18_12_20/Classifier_Geo_Dist/Class_Map/Guate/region5_predo
main.png, id=296, 526.96875pt x 376.40625pt>
File: ../../Images/Report_18_12_20/Classifier_Geo_Dist/Class_Map/Guate/region5_
predomain.png Graphic file (type png)
<use ../../Images/Report_18_12_20/Classifier_Geo_Dist/Class_Map/Guate/region5_p
redomain.png>
Package pdftex.def Info: ../../Images/Report_18_12_20/Classifier_Geo_Dist/Class
_Map/Guate/region5_predomain.png  used on input line 956.
(pdftex.def)             Requested size: 328.63115pt x 234.7479pt.
<../../Images/Report_18_12_20/Classifier_Geo_Dist/Histograms/Guate/region5_rv_s
m_filter.pdf, id=297, 794.97pt x 614.295pt>
File: ../../Images/Report_18_12_20/Classifier_Geo_Dist/Histograms/Guate/region5
_rv_sm_filter.pdf Graphic file (type pdf)
<use ../../Images/Report_18_12_20/Classifier_Geo_Dist/Histograms/Guate/region5_
rv_sm_filter.pdf>
Package pdftex.def Info: ../../Images/Report_18_12_20/Classifier_Geo_Dist/Histo
grams/Guate/region5_rv_sm_filter.pdf  used on input line 963.
(pdftex.def)             Requested size: 341.43437pt x 263.84175pt.


LaTeX Warning: `!h' float specifier changed to `!ht'.

<../../Images/Report_18_12_20/Classifier_Geo_Dist/Histograms/Guate/region5_tri_
sm_filter.pdf, id=298, 794.97pt x 614.295pt>
File: ../../Images/Report_18_12_20/Classifier_Geo_Dist/Histograms/Guate/region5
_tri_sm_filter.pdf Graphic file (type pdf)
<use ../../Images/Report_18_12_20/Classifier_Geo_Dist/Histograms/Guate/region5_
tri_sm_filter.pdf>
Package pdftex.def Info: ../../Images/Report_18_12_20/Classifier_Geo_Dist/Histo
grams/Guate/region5_tri_sm_filter.pdf  used on input line 970.
(pdftex.def)             Requested size: 341.43437pt x 263.84175pt.

LaTeX Warning: `!h' float specifier changed to `!ht'.

[50 <../../Images/Report_18_12_20/Classifier_Geo_Dist/Histograms/Guate/region4_
tri_sm_filter.pdf> <../../Images/Report_18_12_20/Classifier_Geo_Dist/Class_Map/
Guate/region5_predomain.png (PNG copy)>] [51 <../../Images/Report_18_12_20/Clas
sifier_Geo_Dist/Histograms/Guate/region5_rv_sm_filter.pdf> <../../Images/Report
_18_12_20/Classifier_Geo_Dist/Histograms/Guate/region5_tri_sm_filter.pdf>]
<../../Images/Report_18_12_20/Classifier_Geo_Dist/Class_Map/Guate/geo_dist_guat
emala.png, id=320, 451.6875pt x 526.96875pt>
File: ../../Images/Report_18_12_20/Classifier_Geo_Dist/Class_Map/Guate/geo_dist
_guatemala.png Graphic file (type png)
<use ../../Images/Report_18_12_20/Classifier_Geo_Dist/Class_Map/Guate/geo_dist_
guatemala.png>
Package pdftex.def Info: ../../Images/Report_18_12_20/Classifier_Geo_Dist/Class
_Map/Guate/geo_dist_guatemala.png  used on input line 981.
(pdftex.def)             Requested size: 341.43437pt x 398.36153pt.

(./report_18_12_21.bbl) [52 <../../Images/Report_18_12_20/Classifier_Geo_Dist/C
lass_Map/Guate/geo_dist_guatemala.png (PNG copy)>] (./report_18_12_21.aux) ) 
Here is how much of TeX's memory you used:
 6107 strings out of 492982
 103373 string characters out of 6134897
 272094 words of memory out of 5000000
 9465 multiletter control sequences out of 15000+600000
 9383 words of font info for 34 fonts, out of 8000000 for 9000
 1141 hyphenation exceptions out of 8191
 44i,8n,42p,1170b,297s stack positions out of 5000i,500n,10000p,200000b,80000s
</u
sr/share/texlive/texmf-dist/fonts/type1/public/amsfonts/cm/cmbx12.pfb></usr/sha
re/texlive/texmf-dist/fonts/type1/public/amsfonts/cm/cmex10.pfb></usr/share/tex
live/texmf-dist/fonts/type1/public/amsfonts/cm/cmmi12.pfb></usr/share/texlive/t
exmf-dist/fonts/type1/public/amsfonts/cm/cmmi8.pfb></usr/share/texlive/texmf-di
st/fonts/type1/public/amsfonts/cm/cmr12.pfb></usr/share/texlive/texmf-dist/font
s/type1/public/amsfonts/cm/cmr17.pfb></usr/share/texlive/texmf-dist/fonts/type1
/public/amsfonts/cm/cmr6.pfb></usr/share/texlive/texmf-dist/fonts/type1/public/
amsfonts/cm/cmr8.pfb></usr/share/texlive/texmf-dist/fonts/type1/public/amsfonts
/cm/cmsy10.pfb></usr/share/texlive/texmf-dist/fonts/type1/public/amsfonts/cm/cm
sy8.pfb></usr/share/texlive/texmf-dist/fonts/type1/public/amsfonts/cm/cmti12.pf
b></usr/share/texlive/texmf-dist/fonts/type1/public/amsfonts/cm/cmtt12.pfb>
Output written on report_18_12_21.pdf (53 pages, 16033379 bytes).
PDF statistics:
 365 PDF objects out of 1000 (max. 8388607)
 188 compressed objects within 2 object streams
 0 named destinations out of 1000 (max. 500000)
 486 words of extra memory for PDF output out of 10000 (max. 10000000)

