This is pdfTeX, Version 3.14159265-2.6-1.40.16 (TeX Live 2015/Debian) (preloaded format=pdflatex 2019.9.17)  18 SEP 2019 14:32
entering extended mode
 restricted \write18 enabled.
 %&-line parsing enabled.
**report_19_09.tex
(./report_19_09.tex
LaTeX2e <2016/02/01>
Babel <3.9q> and hyphenation patterns for 81 language(s) loaded.
(/usr/share/texlive/texmf-dist/tex/latex/base/article.cls
Document Class: article 2014/09/29 v1.4h Standard LaTeX document class
(/usr/share/texlive/texmf-dist/tex/latex/base/size12.clo
File: size12.clo 2014/09/29 v1.4h Standard LaTeX file (size option)
)
\c@part=\count79
\c@section=\count80
\c@subsection=\count81
\c@subsubsection=\count82
\c@paragraph=\count83
\c@subparagraph=\count84
\c@figure=\count85
\c@table=\count86
\abovecaptionskip=\skip41
\belowcaptionskip=\skip42
\bibindent=\dimen102
)
(/usr/share/texlive/texmf-dist/tex/generic/babel/babel.sty
Package: babel 2016/02/24 3.9q The Babel package

(/usr/share/texlive/texmf-dist/tex/generic/babel-portuges/portuges.ldf
Language: portuges 2008/03/18 v1.2q Portuguese support from the babel system

(/usr/share/texlive/texmf-dist/tex/generic/babel/babel.def
File: babel.def 2016/02/24 3.9q Babel common definitions
\babel@savecnt=\count87
\U@D=\dimen103
)
Package babel Info: Making " an active character on input line 145.
))
(/usr/share/texlive/texmf-dist/tex/latex/base/inputenc.sty
Package: inputenc 2015/03/17 v1.2c Input encoding file
\inpenc@prehook=\toks14
\inpenc@posthook=\toks15

(/usr/share/texlive/texmf-dist/tex/latex/base/utf8.def
File: utf8.def 2015/12/03 v1.1r UTF-8 support for inputenc
Now handling font encoding OML ...
... no UTF-8 mapping file for font encoding OML
Now handling font encoding T1 ...
... processing UTF-8 mapping file for font encoding T1

(/usr/share/texlive/texmf-dist/tex/latex/base/t1enc.dfu
File: t1enc.dfu 2015/12/03 v1.1r UTF-8 support for inputenc
   defining Unicode char U+00A0 (decimal 160)
   defining Unicode char U+00A1 (decimal 161)
   defining Unicode char U+00A3 (decimal 163)
   defining Unicode char U+00AB (decimal 171)
   defining Unicode char U+00AD (decimal 173)
   defining Unicode char U+00BB (decimal 187)
   defining Unicode char U+00BF (decimal 191)
   defining Unicode char U+00C0 (decimal 192)
   defining Unicode char U+00C1 (decimal 193)
   defining Unicode char U+00C2 (decimal 194)
   defining Unicode char U+00C3 (decimal 195)
   defining Unicode char U+00C4 (decimal 196)
   defining Unicode char U+00C5 (decimal 197)
   defining Unicode char U+00C6 (decimal 198)
   defining Unicode char U+00C7 (decimal 199)
   defining Unicode char U+00C8 (decimal 200)
   defining Unicode char U+00C9 (decimal 201)
   defining Unicode char U+00CA (decimal 202)
   defining Unicode char U+00CB (decimal 203)
   defining Unicode char U+00CC (decimal 204)
   defining Unicode char U+00CD (decimal 205)
   defining Unicode char U+00CE (decimal 206)
   defining Unicode char U+00CF (decimal 207)
   defining Unicode char U+00D0 (decimal 208)
   defining Unicode char U+00D1 (decimal 209)
   defining Unicode char U+00D2 (decimal 210)
   defining Unicode char U+00D3 (decimal 211)
   defining Unicode char U+00D4 (decimal 212)
   defining Unicode char U+00D5 (decimal 213)
   defining Unicode char U+00D6 (decimal 214)
   defining Unicode char U+00D8 (decimal 216)
   defining Unicode char U+00D9 (decimal 217)
   defining Unicode char U+00DA (decimal 218)
   defining Unicode char U+00DB (decimal 219)
   defining Unicode char U+00DC (decimal 220)
   defining Unicode char U+00DD (decimal 221)
   defining Unicode char U+00DE (decimal 222)
   defining Unicode char U+00DF (decimal 223)
   defining Unicode char U+00E0 (decimal 224)
   defining Unicode char U+00E1 (decimal 225)
   defining Unicode char U+00E2 (decimal 226)
   defining Unicode char U+00E3 (decimal 227)
   defining Unicode char U+00E4 (decimal 228)
   defining Unicode char U+00E5 (decimal 229)
   defining Unicode char U+00E6 (decimal 230)
   defining Unicode char U+00E7 (decimal 231)
   defining Unicode char U+00E8 (decimal 232)
   defining Unicode char U+00E9 (decimal 233)
   defining Unicode char U+00EA (decimal 234)
   defining Unicode char U+00EB (decimal 235)
   defining Unicode char U+00EC (decimal 236)
   defining Unicode char U+00ED (decimal 237)
   defining Unicode char U+00EE (decimal 238)
   defining Unicode char U+00EF (decimal 239)
   defining Unicode char U+00F0 (decimal 240)
   defining Unicode char U+00F1 (decimal 241)
   defining Unicode char U+00F2 (decimal 242)
   defining Unicode char U+00F3 (decimal 243)
   defining Unicode char U+00F4 (decimal 244)
   defining Unicode char U+00F5 (decimal 245)
   defining Unicode char U+00F6 (decimal 246)
   defining Unicode char U+00F8 (decimal 248)
   defining Unicode char U+00F9 (decimal 249)
   defining Unicode char U+00FA (decimal 250)
   defining Unicode char U+00FB (decimal 251)
   defining Unicode char U+00FC (decimal 252)
   defining Unicode char U+00FD (decimal 253)
   defining Unicode char U+00FE (decimal 254)
   defining Unicode char U+00FF (decimal 255)
   defining Unicode char U+0100 (decimal 256)
   defining Unicode char U+0101 (decimal 257)
   defining Unicode char U+0102 (decimal 258)
   defining Unicode char U+0103 (decimal 259)
   defining Unicode char U+0104 (decimal 260)
   defining Unicode char U+0105 (decimal 261)
   defining Unicode char U+0106 (decimal 262)
   defining Unicode char U+0107 (decimal 263)
   defining Unicode char U+0108 (decimal 264)
   defining Unicode char U+0109 (decimal 265)
   defining Unicode char U+010A (decimal 266)
   defining Unicode char U+010B (decimal 267)
   defining Unicode char U+010C (decimal 268)
   defining Unicode char U+010D (decimal 269)
   defining Unicode char U+010E (decimal 270)
   defining Unicode char U+010F (decimal 271)
   defining Unicode char U+0110 (decimal 272)
   defining Unicode char U+0111 (decimal 273)
   defining Unicode char U+0112 (decimal 274)
   defining Unicode char U+0113 (decimal 275)
   defining Unicode char U+0114 (decimal 276)
   defining Unicode char U+0115 (decimal 277)
   defining Unicode char U+0116 (decimal 278)
   defining Unicode char U+0117 (decimal 279)
   defining Unicode char U+0118 (decimal 280)
   defining Unicode char U+0119 (decimal 281)
   defining Unicode char U+011A (decimal 282)
   defining Unicode char U+011B (decimal 283)
   defining Unicode char U+011C (decimal 284)
   defining Unicode char U+011D (decimal 285)
   defining Unicode char U+011E (decimal 286)
   defining Unicode char U+011F (decimal 287)
   defining Unicode char U+0120 (decimal 288)
   defining Unicode char U+0121 (decimal 289)
   defining Unicode char U+0122 (decimal 290)
   defining Unicode char U+0123 (decimal 291)
   defining Unicode char U+0124 (decimal 292)
   defining Unicode char U+0125 (decimal 293)
   defining Unicode char U+0128 (decimal 296)
   defining Unicode char U+0129 (decimal 297)
   defining Unicode char U+012A (decimal 298)
   defining Unicode char U+012B (decimal 299)
   defining Unicode char U+012C (decimal 300)
   defining Unicode char U+012D (decimal 301)
   defining Unicode char U+012E (decimal 302)
   defining Unicode char U+012F (decimal 303)
   defining Unicode char U+0130 (decimal 304)
   defining Unicode char U+0131 (decimal 305)
   defining Unicode char U+0132 (decimal 306)
   defining Unicode char U+0133 (decimal 307)
   defining Unicode char U+0134 (decimal 308)
   defining Unicode char U+0135 (decimal 309)
   defining Unicode char U+0136 (decimal 310)
   defining Unicode char U+0137 (decimal 311)
   defining Unicode char U+0139 (decimal 313)
   defining Unicode char U+013A (decimal 314)
   defining Unicode char U+013B (decimal 315)
   defining Unicode char U+013C (decimal 316)
   defining Unicode char U+013D (decimal 317)
   defining Unicode char U+013E (decimal 318)
   defining Unicode char U+0141 (decimal 321)
   defining Unicode char U+0142 (decimal 322)
   defining Unicode char U+0143 (decimal 323)
   defining Unicode char U+0144 (decimal 324)
   defining Unicode char U+0145 (decimal 325)
   defining Unicode char U+0146 (decimal 326)
   defining Unicode char U+0147 (decimal 327)
   defining Unicode char U+0148 (decimal 328)
   defining Unicode char U+014A (decimal 330)
   defining Unicode char U+014B (decimal 331)
   defining Unicode char U+014C (decimal 332)
   defining Unicode char U+014D (decimal 333)
   defining Unicode char U+014E (decimal 334)
   defining Unicode char U+014F (decimal 335)
   defining Unicode char U+0150 (decimal 336)
   defining Unicode char U+0151 (decimal 337)
   defining Unicode char U+0152 (decimal 338)
   defining Unicode char U+0153 (decimal 339)
   defining Unicode char U+0154 (decimal 340)
   defining Unicode char U+0155 (decimal 341)
   defining Unicode char U+0156 (decimal 342)
   defining Unicode char U+0157 (decimal 343)
   defining Unicode char U+0158 (decimal 344)
   defining Unicode char U+0159 (decimal 345)
   defining Unicode char U+015A (decimal 346)
   defining Unicode char U+015B (decimal 347)
   defining Unicode char U+015C (decimal 348)
   defining Unicode char U+015D (decimal 349)
   defining Unicode char U+015E (decimal 350)
   defining Unicode char U+015F (decimal 351)
   defining Unicode char U+0160 (decimal 352)
   defining Unicode char U+0161 (decimal 353)
   defining Unicode char U+0162 (decimal 354)
   defining Unicode char U+0163 (decimal 355)
   defining Unicode char U+0164 (decimal 356)
   defining Unicode char U+0165 (decimal 357)
   defining Unicode char U+0168 (decimal 360)
   defining Unicode char U+0169 (decimal 361)
   defining Unicode char U+016A (decimal 362)
   defining Unicode char U+016B (decimal 363)
   defining Unicode char U+016C (decimal 364)
   defining Unicode char U+016D (decimal 365)
   defining Unicode char U+016E (decimal 366)
   defining Unicode char U+016F (decimal 367)
   defining Unicode char U+0170 (decimal 368)
   defining Unicode char U+0171 (decimal 369)
   defining Unicode char U+0172 (decimal 370)
   defining Unicode char U+0173 (decimal 371)
   defining Unicode char U+0174 (decimal 372)
   defining Unicode char U+0175 (decimal 373)
   defining Unicode char U+0176 (decimal 374)
   defining Unicode char U+0177 (decimal 375)
   defining Unicode char U+0178 (decimal 376)
   defining Unicode char U+0179 (decimal 377)
   defining Unicode char U+017A (decimal 378)
   defining Unicode char U+017B (decimal 379)
   defining Unicode char U+017C (decimal 380)
   defining Unicode char U+017D (decimal 381)
   defining Unicode char U+017E (decimal 382)
   defining Unicode char U+01CD (decimal 461)
   defining Unicode char U+01CE (decimal 462)
   defining Unicode char U+01CF (decimal 463)
   defining Unicode char U+01D0 (decimal 464)
   defining Unicode char U+01D1 (decimal 465)
   defining Unicode char U+01D2 (decimal 466)
   defining Unicode char U+01D3 (decimal 467)
   defining Unicode char U+01D4 (decimal 468)
   defining Unicode char U+01E2 (decimal 482)
   defining Unicode char U+01E3 (decimal 483)
   defining Unicode char U+01E6 (decimal 486)
   defining Unicode char U+01E7 (decimal 487)
   defining Unicode char U+01E8 (decimal 488)
   defining Unicode char U+01E9 (decimal 489)
   defining Unicode char U+01EA (decimal 490)
   defining Unicode char U+01EB (decimal 491)
   defining Unicode char U+01F0 (decimal 496)
   defining Unicode char U+01F4 (decimal 500)
   defining Unicode char U+01F5 (decimal 501)
   defining Unicode char U+0218 (decimal 536)
   defining Unicode char U+0219 (decimal 537)
   defining Unicode char U+021A (decimal 538)
   defining Unicode char U+021B (decimal 539)
   defining Unicode char U+01E02 (decimal 7682)
   defining Unicode char U+01E03 (decimal 7683)
   defining Unicode char U+200C (decimal 8204)
   defining Unicode char U+2013 (decimal 8211)
   defining Unicode char U+2014 (decimal 8212)
   defining Unicode char U+2018 (decimal 8216)
   defining Unicode char U+2019 (decimal 8217)
   defining Unicode char U+201A (decimal 8218)
   defining Unicode char U+201C (decimal 8220)
   defining Unicode char U+201D (decimal 8221)
   defining Unicode char U+201E (decimal 8222)
   defining Unicode char U+2030 (decimal 8240)
   defining Unicode char U+2031 (decimal 8241)
   defining Unicode char U+2039 (decimal 8249)
   defining Unicode char U+203A (decimal 8250)
   defining Unicode char U+2423 (decimal 9251)
)
Now handling font encoding OT1 ...
... processing UTF-8 mapping file for font encoding OT1

(/usr/share/texlive/texmf-dist/tex/latex/base/ot1enc.dfu
File: ot1enc.dfu 2015/12/03 v1.1r UTF-8 support for inputenc
   defining Unicode char U+00A0 (decimal 160)
   defining Unicode char U+00A1 (decimal 161)
   defining Unicode char U+00A3 (decimal 163)
   defining Unicode char U+00AD (decimal 173)
   defining Unicode char U+00B8 (decimal 184)
   defining Unicode char U+00BF (decimal 191)
   defining Unicode char U+00C5 (decimal 197)
   defining Unicode char U+00C6 (decimal 198)
   defining Unicode char U+00D8 (decimal 216)
   defining Unicode char U+00DF (decimal 223)
   defining Unicode char U+00E6 (decimal 230)
   defining Unicode char U+00EC (decimal 236)
   defining Unicode char U+00ED (decimal 237)
   defining Unicode char U+00EE (decimal 238)
   defining Unicode char U+00EF (decimal 239)
   defining Unicode char U+00F8 (decimal 248)
   defining Unicode char U+0131 (decimal 305)
   defining Unicode char U+0141 (decimal 321)
   defining Unicode char U+0142 (decimal 322)
   defining Unicode char U+0152 (decimal 338)
   defining Unicode char U+0153 (decimal 339)
   defining Unicode char U+0174 (decimal 372)
   defining Unicode char U+0175 (decimal 373)
   defining Unicode char U+0176 (decimal 374)
   defining Unicode char U+0177 (decimal 375)
   defining Unicode char U+0218 (decimal 536)
   defining Unicode char U+0219 (decimal 537)
   defining Unicode char U+021A (decimal 538)
   defining Unicode char U+021B (decimal 539)
   defining Unicode char U+2013 (decimal 8211)
   defining Unicode char U+2014 (decimal 8212)
   defining Unicode char U+2018 (decimal 8216)
   defining Unicode char U+2019 (decimal 8217)
   defining Unicode char U+201C (decimal 8220)
   defining Unicode char U+201D (decimal 8221)
)
Now handling font encoding OMS ...
... processing UTF-8 mapping file for font encoding OMS

(/usr/share/texlive/texmf-dist/tex/latex/base/omsenc.dfu
File: omsenc.dfu 2015/12/03 v1.1r UTF-8 support for inputenc
   defining Unicode char U+00A7 (decimal 167)
   defining Unicode char U+00B6 (decimal 182)
   defining Unicode char U+00B7 (decimal 183)
   defining Unicode char U+2020 (decimal 8224)
   defining Unicode char U+2021 (decimal 8225)
   defining Unicode char U+2022 (decimal 8226)
)
Now handling font encoding OMX ...
... no UTF-8 mapping file for font encoding OMX
Now handling font encoding U ...
... no UTF-8 mapping file for font encoding U
   defining Unicode char U+00A9 (decimal 169)
   defining Unicode char U+00AA (decimal 170)
   defining Unicode char U+00AE (decimal 174)
   defining Unicode char U+00BA (decimal 186)
   defining Unicode char U+02C6 (decimal 710)
   defining Unicode char U+02DC (decimal 732)
   defining Unicode char U+200C (decimal 8204)
   defining Unicode char U+2026 (decimal 8230)
   defining Unicode char U+2122 (decimal 8482)
   defining Unicode char U+2423 (decimal 9251)
))
(/usr/share/texlive/texmf-dist/tex/latex/amsmath/amsmath.sty
Package: amsmath 2016/03/03 v2.15a AMS math features
\@mathmargin=\skip43

For additional information on amsmath, use the `?' option.
(/usr/share/texlive/texmf-dist/tex/latex/amsmath/amstext.sty
Package: amstext 2000/06/29 v2.01 AMS text

(/usr/share/texlive/texmf-dist/tex/latex/amsmath/amsgen.sty
File: amsgen.sty 1999/11/30 v2.0 generic functions
\@emptytoks=\toks16
\ex@=\dimen104
))
(/usr/share/texlive/texmf-dist/tex/latex/amsmath/amsbsy.sty
Package: amsbsy 1999/11/29 v1.2d Bold Symbols
\pmbraise@=\dimen105
)
(/usr/share/texlive/texmf-dist/tex/latex/amsmath/amsopn.sty
Package: amsopn 1999/12/14 v2.01 operator names
)
\inf@bad=\count88
LaTeX Info: Redefining \frac on input line 199.
\uproot@=\count89
\leftroot@=\count90
LaTeX Info: Redefining \overline on input line 297.
\classnum@=\count91
\DOTSCASE@=\count92
LaTeX Info: Redefining \ldots on input line 394.
LaTeX Info: Redefining \dots on input line 397.
LaTeX Info: Redefining \cdots on input line 518.
\Mathstrutbox@=\box26
\strutbox@=\box27
\big@size=\dimen106
LaTeX Font Info:    Redeclaring font encoding OML on input line 630.
LaTeX Font Info:    Redeclaring font encoding OMS on input line 631.
\macc@depth=\count93
\c@MaxMatrixCols=\count94
\dotsspace@=\muskip10
\c@parentequation=\count95
\dspbrk@lvl=\count96
\tag@help=\toks17
\row@=\count97
\column@=\count98
\maxfields@=\count99
\andhelp@=\toks18
\eqnshift@=\dimen107
\alignsep@=\dimen108
\tagshift@=\dimen109
\tagwidth@=\dimen110
\totwidth@=\dimen111
\lineht@=\dimen112
\@envbody=\toks19
\multlinegap=\skip44
\multlinetaggap=\skip45
\mathdisplay@stack=\toks20
LaTeX Info: Redefining \[ on input line 2735.
LaTeX Info: Redefining \] on input line 2736.
)
(/usr/share/texlive/texmf-dist/tex/latex/commath/commath.sty
(/usr/share/texlive/texmf-dist/tex/latex/base/ifthen.sty
Package: ifthen 2014/09/29 v1.1c Standard LaTeX ifthen package (DPC)
))
(/usr/share/texlive/texmf-dist/tex/latex/booktabs/booktabs.sty
Package: booktabs 2005/04/14 v1.61803 publication quality tables
\heavyrulewidth=\dimen113
\lightrulewidth=\dimen114
\cmidrulewidth=\dimen115
\belowrulesep=\dimen116
\belowbottomsep=\dimen117
\aboverulesep=\dimen118
\abovetopsep=\dimen119
\cmidrulesep=\dimen120
\cmidrulekern=\dimen121
\defaultaddspace=\dimen122
\@cmidla=\count100
\@cmidlb=\count101
\@aboverulesep=\dimen123
\@belowrulesep=\dimen124
\@thisruleclass=\count102
\@lastruleclass=\count103
\@thisrulewidth=\dimen125
)
(/usr/share/texlive/texmf-dist/tex/latex/abntex2/abntex2cite.sty
Package: abntex2cite 2016/02/26 v-1.9.6 abnTeX2

(/usr/share/texlive/texmf-dist/tex/latex/tools/calc.sty
Package: calc 2014/10/28 v4.3 Infix arithmetic (KKT,FJ)
\calc@Acount=\count104
\calc@Bcount=\count105
\calc@Adimen=\dimen126
\calc@Bdimen=\dimen127
\calc@Askip=\skip46
\calc@Bskip=\skip47
LaTeX Info: Redefining \setlength on input line 80.
LaTeX Info: Redefining \addtolength on input line 81.
\calc@Ccount=\count106
\calc@Cskip=\skip48
)
(/usr/share/texlive/texmf-dist/tex/latex/abntex2/abntex2abrev.sty)
(/usr/share/texlive/texmf-dist/tex/latex/setspace/setspace.sty
Package: setspace 2011/12/19 v6.7a set line spacing
)
(/usr/share/texlive/texmf-dist/tex/latex/url/url.sty
\Urlmuskip=\muskip11
Package: url 2013/09/16  ver 3.4  Verb mode for urls, etc.
)
\minimumbiblabelwidth=\skip49
\ABCIauxlen=\skip50
\c@ABCIaux=\count107
\c@ABCImax=\count108

(/usr/share/texlive/texmf-dist/tex/generic/oberdiek/ifpdf.sty
Package: ifpdf 2011/01/30 v2.3 Provides the ifpdf switch (HO)
Package ifpdf Info: pdfTeX in PDF mode is detected.
)
(/usr/share/texlive/texmf-dist/tex/generic/ifxetex/ifxetex.sty
Package: ifxetex 2010/09/12 v0.6 Provides ifxetex conditional
)
(/usr/share/texlive/texmf-dist/tex/latex/relsize/relsize.sty
Package: relsize 2013/03/29 ver 4.1
)
\biblabelsep=\skip51
LaTeX Info: Redefining \newblock on input line 591.
LaTeX Info: Redefining \cite on input line 618.
\ABCItoken=\toks21
)
(/usr/share/texlive/texmf-dist/tex/latex/tools/indentfirst.sty
Package: indentfirst 1995/11/23 v1.03 Indent first paragraph (DPC)
)
(/usr/share/texlive/texmf-dist/tex/latex/graphics/graphicx.sty
Package: graphicx 2014/10/28 v1.0g Enhanced LaTeX Graphics (DPC,SPQR)

(/usr/share/texlive/texmf-dist/tex/latex/graphics/keyval.sty
Package: keyval 2014/10/28 v1.15 key=value parser (DPC)
\KV@toks@=\toks22
)
(/usr/share/texlive/texmf-dist/tex/latex/graphics/graphics.sty
Package: graphics 2016/01/03 v1.0q Standard LaTeX Graphics (DPC,SPQR)

(/usr/share/texlive/texmf-dist/tex/latex/graphics/trig.sty
Package: trig 2016/01/03 v1.10 sin cos tan (DPC)
)
(/usr/share/texlive/texmf-dist/tex/latex/latexconfig/graphics.cfg
File: graphics.cfg 2010/04/23 v1.9 graphics configuration of TeX Live
)
Package graphics Info: Driver file: pdftex.def on input line 95.

(/usr/share/texlive/texmf-dist/tex/latex/pdftex-def/pdftex.def
File: pdftex.def 2011/05/27 v0.06d Graphics/color for pdfTeX

(/usr/share/texlive/texmf-dist/tex/generic/oberdiek/infwarerr.sty
Package: infwarerr 2010/04/08 v1.3 Providing info/warning/error messages (HO)
)
(/usr/share/texlive/texmf-dist/tex/generic/oberdiek/ltxcmds.sty
Package: ltxcmds 2011/11/09 v1.22 LaTeX kernel commands for general use (HO)
)
\Gread@gobject=\count109
))
\Gin@req@height=\dimen128
\Gin@req@width=\dimen129
)
(/usr/share/texlive/texmf-dist/tex/latex/tools/multicol.sty
Package: multicol 2015/08/19 v1.8n multicolumn formatting (FMi)
\c@tracingmulticols=\count110
\mult@box=\box28
\multicol@leftmargin=\dimen130
\c@unbalance=\count111
\c@collectmore=\count112
\doublecol@number=\count113
\multicoltolerance=\count114
\multicolpretolerance=\count115
\full@width=\dimen131
\page@free=\dimen132
\premulticols=\dimen133
\postmulticols=\dimen134
\multicolsep=\skip52
\multicolbaselineskip=\skip53
\partial@page=\box29
\last@line=\box30
\maxbalancingoverflow=\dimen135
\mult@rightbox=\box31
\mult@grightbox=\box32
\mult@gfirstbox=\box33
\mult@firstbox=\box34
\@tempa=\box35
\@tempa=\box36
\@tempa=\box37
\@tempa=\box38
\@tempa=\box39
\@tempa=\box40
\@tempa=\box41
\@tempa=\box42
\@tempa=\box43
\@tempa=\box44
\@tempa=\box45
\@tempa=\box46
\@tempa=\box47
\@tempa=\box48
\@tempa=\box49
\@tempa=\box50
\@tempa=\box51
\c@columnbadness=\count116
\c@finalcolumnbadness=\count117
\last@try=\dimen136
\multicolovershoot=\dimen137
\multicolundershoot=\dimen138
\mult@nat@firstbox=\box52
\colbreak@box=\box53
\mc@col@check@num=\count118
)
(/usr/share/texlive/texmf-dist/tex/latex/lipsum/lipsum.sty
Package: lipsum 2014/07/27 v1.3 150 paragraphs of Lorem Ipsum dummy text
\c@lips@count=\count119
)
(/usr/share/texlive/texmf-dist/tex/latex/geometry/geometry.sty
Package: geometry 2010/09/12 v5.6 Page Geometry

(/usr/share/texlive/texmf-dist/tex/generic/oberdiek/ifvtex.sty
Package: ifvtex 2010/03/01 v1.5 Detect VTeX and its facilities (HO)
Package ifvtex Info: VTeX not detected.
)
\Gm@cnth=\count120
\Gm@cntv=\count121
\c@Gm@tempcnt=\count122
\Gm@bindingoffset=\dimen139
\Gm@wd@mp=\dimen140
\Gm@odd@mp=\dimen141
\Gm@even@mp=\dimen142
\Gm@layoutwidth=\dimen143
\Gm@layoutheight=\dimen144
\Gm@layouthoffset=\dimen145
\Gm@layoutvoffset=\dimen146
\Gm@dimlist=\toks23
)
(/usr/share/texlive/texmf-dist/tex/latex/subfigure/subfigure.sty
Package: subfigure 2002/03/15 v2.1.5 subfigure package
\subfigtopskip=\skip54
\subfigcapskip=\skip55
\subfigcaptopadj=\dimen147
\subfigbottomskip=\skip56
\subfigcapmargin=\dimen148
\subfiglabelskip=\skip57
\c@subfigure=\count123
\c@lofdepth=\count124
\c@subtable=\count125
\c@lotdepth=\count126

****************************************
* Local config file subfigure.cfg used *
****************************************
(/usr/share/texlive/texmf-dist/tex/latex/subfigure/subfigure.cfg)
\subfig@top=\skip58
\subfig@bottom=\skip59
)
(./report_19_09.aux)
\openout1 = `report_19_09.aux'.

LaTeX Font Info:    Checking defaults for OML/cmm/m/it on input line 25.
LaTeX Font Info:    ... okay on input line 25.
LaTeX Font Info:    Checking defaults for T1/cmr/m/n on input line 25.
LaTeX Font Info:    ... okay on input line 25.
LaTeX Font Info:    Checking defaults for OT1/cmr/m/n on input line 25.
LaTeX Font Info:    ... okay on input line 25.
LaTeX Font Info:    Checking defaults for OMS/cmsy/m/n on input line 25.
LaTeX Font Info:    ... okay on input line 25.
LaTeX Font Info:    Checking defaults for OMX/cmex/m/n on input line 25.
LaTeX Font Info:    ... okay on input line 25.
LaTeX Font Info:    Checking defaults for U/cmr/m/n on input line 25.
LaTeX Font Info:    ... okay on input line 25.

(/usr/share/texlive/texmf-dist/tex/context/base/supp-pdf.mkii
[Loading MPS to PDF converter (version 2006.09.02).]
\scratchcounter=\count127
\scratchdimen=\dimen149
\scratchbox=\box54
\nofMPsegments=\count128
\nofMParguments=\count129
\everyMPshowfont=\toks24
\MPscratchCnt=\count130
\MPscratchDim=\dimen150
\MPnumerator=\count131
\makeMPintoPDFobject=\count132
\everyMPtoPDFconversion=\toks25
) (/usr/share/texlive/texmf-dist/tex/generic/oberdiek/pdftexcmds.sty
Package: pdftexcmds 2011/11/29 v0.20 Utility functions of pdfTeX for LuaTeX (HO
)

(/usr/share/texlive/texmf-dist/tex/generic/oberdiek/ifluatex.sty
Package: ifluatex 2010/03/01 v1.3 Provides the ifluatex switch (HO)
Package ifluatex Info: LuaTeX not detected.
)
Package pdftexcmds Info: LuaTeX not detected.
Package pdftexcmds Info: \pdf@primitive is available.
Package pdftexcmds Info: \pdf@ifprimitive is available.
Package pdftexcmds Info: \pdfdraftmode found.
)
(/usr/share/texlive/texmf-dist/tex/latex/oberdiek/epstopdf-base.sty
Package: epstopdf-base 2010/02/09 v2.5 Base part for package epstopdf

(/usr/share/texlive/texmf-dist/tex/latex/oberdiek/grfext.sty
Package: grfext 2010/08/19 v1.1 Manage graphics extensions (HO)

(/usr/share/texlive/texmf-dist/tex/generic/oberdiek/kvdefinekeys.sty
Package: kvdefinekeys 2011/04/07 v1.3 Define keys (HO)
))
(/usr/share/texlive/texmf-dist/tex/latex/oberdiek/kvoptions.sty
Package: kvoptions 2011/06/30 v3.11 Key value format for package options (HO)

(/usr/share/texlive/texmf-dist/tex/generic/oberdiek/kvsetkeys.sty
Package: kvsetkeys 2012/04/25 v1.16 Key value parser (HO)

(/usr/share/texlive/texmf-dist/tex/generic/oberdiek/etexcmds.sty
Package: etexcmds 2011/02/16 v1.5 Avoid name clashes with e-TeX commands (HO)
Package etexcmds Info: Could not find \expanded.
(etexcmds)             That can mean that you are not using pdfTeX 1.50 or
(etexcmds)             that some package has redefined \expanded.
(etexcmds)             In the latter case, load this package earlier.
)))
Package grfext Info: Graphics extension search list:
(grfext)             [.png,.pdf,.jpg,.mps,.jpeg,.jbig2,.jb2,.PNG,.PDF,.JPG,.JPE
G,.JBIG2,.JB2,.eps]
(grfext)             \AppendGraphicsExtensions on input line 452.

(/usr/share/texlive/texmf-dist/tex/latex/latexconfig/epstopdf-sys.cfg
File: epstopdf-sys.cfg 2010/07/13 v1.3 Configuration of (r)epstopdf for TeX Liv
e
))
*geometry* driver: auto-detecting
*geometry* detected driver: pdftex
*geometry* verbose mode - [ preamble ] result:
* driver: pdftex
* paper: a4paper
* layout: <same size as paper>
* layoutoffset:(h,v)=(0.0pt,0.0pt)
* modes: 
* h-part:(L,W,R)=(85.35826pt, 426.79135pt, 85.35826pt)
* v-part:(T,H,B)=(56.9055pt, 731.23584pt, 56.9055pt)
* \paperwidth=597.50787pt
* \paperheight=845.04684pt
* \textwidth=426.79135pt
* \textheight=731.23584pt
* \oddsidemargin=13.08827pt
* \evensidemargin=13.08827pt
* \topmargin=-52.36449pt
* \headheight=12.0pt
* \headsep=25.0pt
* \topskip=12.0pt
* \footskip=30.0pt
* \marginparwidth=44.0pt
* \marginparsep=10.0pt
* \columnsep=10.0pt
* \skip\footins=10.8pt plus 4.0pt minus 2.0pt
* \hoffset=0.0pt
* \voffset=0.0pt
* \mag=1000
* \@twocolumnfalse
* \@twosidefalse
* \@mparswitchfalse
* \@reversemarginfalse
* (1in=72.27pt=25.4mm, 1cm=28.453pt)

[1

{/var/lib/texmf/fonts/map/pdftex/updmap/pdftex.map}]
<../../Images/Report_19_09//Regions/classes.png, id=9, 646.415pt x 795.97375pt>
File: ../../Images/Report_19_09//Regions/classes.png Graphic file (type png)
<use ../../Images/Report_19_09//Regions/classes.png>
Package pdftex.def Info: ../../Images/Report_19_09//Regions/classes.png used on
 input line 66.
(pdftex.def)             Requested size: 234.73654pt x 289.04018pt.

<../../Images/Report_19_09//Regions/regions_1.png, id=10, 446.66875pt x 617.306
24pt>
File: ../../Images/Report_19_09//Regions/regions_1.png Graphic file (type png)
 <use ../../Images/Report_19_09//Regions/regions_1.png>
Package pdftex.def Info: ../../Images/Report_19_09//Regions/regions_1.png used 
on input line 74.
(pdftex.def)             Requested size: 136.57635pt x 188.7538pt.

<../../Images/Report_19_09//Regions/regions_2.png, id=12, 446.66875pt x 617.306
24pt>
File: ../../Images/Report_19_09//Regions/regions_2.png Graphic file (type png)
 <use ../../Images/Report_19_09//Regions/regions_2.png>
Package pdftex.def Info: ../../Images/Report_19_09//Regions/regions_2.png used 
on input line 75.
(pdftex.def)             Requested size: 136.57635pt x 188.7538pt.

<../../Images/Report_19_09//Regions/regions_3.png, id=13, 446.66875pt x 617.306
24pt>
File: ../../Images/Report_19_09//Regions/regions_3.png Graphic file (type png)
 <use ../../Images/Report_19_09//Regions/regions_3.png>
Package pdftex.def Info: ../../Images/Report_19_09//Regions/regions_3.png used 
on input line 76.
(pdftex.def)             Requested size: 136.57635pt x 188.7538pt.

<../../Images/Report_19_09//Regions/regions_4.png, id=14, 446.66875pt x 617.306
24pt>
File: ../../Images/Report_19_09//Regions/regions_4.png Graphic file (type png)
 <use ../../Images/Report_19_09//Regions/regions_4.png>
Package pdftex.def Info: ../../Images/Report_19_09//Regions/regions_4.png used 
on input line 77.
(pdftex.def)             Requested size: 136.57635pt x 188.7538pt.

<../../Images/Report_19_09//Regions/regions_5.png, id=15, 446.66875pt x 617.306
24pt>
File: ../../Images/Report_19_09//Regions/regions_5.png Graphic file (type png)
 <use ../../Images/Report_19_09//Regions/regions_5.png>
Package pdftex.def Info: ../../Images/Report_19_09//Regions/regions_5.png used 
on input line 78.
(pdftex.def)             Requested size: 136.57635pt x 188.7538pt.


LaTeX Warning: `!h' float specifier changed to `!ht'.


<../../Figures/Report_19_09//Parameters/tri_proportion.pdf, id=16, 867.24pt x 5
78.16pt>
File: ../../Figures/Report_19_09//Parameters/tri_proportion.pdf Graphic file (t
ype pdf)
 <use ../../Figures/Report_19_09//Parameters/tri_proportion.pdf>
Package pdftex.def Info: ../../Figures/Report_19_09//Parameters/tri_proportion.
pdf used on input line 86.
(pdftex.def)             Requested size: 209.1301pt x 139.41406pt.

<../../Figures/Report_19_09//Parameters/rv_proportion.pdf, id=17, 867.24pt x 57
8.16pt>
File: ../../Figures/Report_19_09//Parameters/rv_proportion.pdf Graphic file (ty
pe pdf)
 <use ../../Figures/Report_19_09//Parameters/rv_proportion.pdf>
Package pdftex.def Info: ../../Figures/Report_19_09//Parameters/rv_proportion.p
df used on input line 87.
(pdftex.def)             Requested size: 209.1301pt x 139.41406pt.


LaTeX Warning: `!h' float specifier changed to `!ht'.

[1 <../../Images/Report_19_09//Regions/classes.png>]

LaTeX Warning: Text page 2 contains only floats.

[2 <../../Images/Report_19_09//Regions/regions_1.png> <../../Images/Report_19_0
9//Regions/regions_2.png> <../../Images/Report_19_09//Regions/regions_3.png> <.
./../Images/Report_19_09//Regions/regions_4.png> <../../Images/Report_19_09//Re
gions/regions_5.png> <../../Figures/Report_19_09//Parameters/tri_proportion.pdf
> <../../Figures/Report_19_09//Parameters/rv_proportion.pdf>]
Overfull \hbox (28.90102pt too wide) in paragraph at lines 129--148
 [][] 
 []


<../../Figures/Report_19_09//Histograms/1th_observation/Soybeans_101/histogram_
trihedral_1.pdf, id=40, 722.7pt x 578.16pt>
File: ../../Figures/Report_19_09//Histograms/1th_observation/Soybeans_101/histo
gram_trihedral_1.pdf Graphic file (type pdf)

<use ../../Figures/Report_19_09//Histograms/1th_observation/Soybeans_101/histog
ram_trihedral_1.pdf>
Package pdftex.def Info: ../../Figures/Report_19_09//Histograms/1th_observation
/Soybeans_101/histogram_trihedral_1.pdf used on input line 153.
(pdftex.def)             Requested size: 209.1301pt x 167.3004pt.

<../../Figures/Report_19_09//Histograms/2th_observation/Soybeans_101/histogram_
trihedral_2.pdf, id=41, 722.7pt x 578.16pt>
File: ../../Figures/Report_19_09//Histograms/2th_observation/Soybeans_101/histo
gram_trihedral_2.pdf Graphic file (type pdf)

<use ../../Figures/Report_19_09//Histograms/2th_observation/Soybeans_101/histog
ram_trihedral_2.pdf>
Package pdftex.def Info: ../../Figures/Report_19_09//Histograms/2th_observation
/Soybeans_101/histogram_trihedral_2.pdf used on input line 154.
(pdftex.def)             Requested size: 209.1301pt x 167.3004pt.

<../../Figures/Report_19_09//Histograms/3th_observation/Soybeans_101/histogram_
trihedral_3.pdf, id=42, 722.7pt x 578.16pt>
File: ../../Figures/Report_19_09//Histograms/3th_observation/Soybeans_101/histo
gram_trihedral_3.pdf Graphic file (type pdf)

<use ../../Figures/Report_19_09//Histograms/3th_observation/Soybeans_101/histog
ram_trihedral_3.pdf>
Package pdftex.def Info: ../../Figures/Report_19_09//Histograms/3th_observation
/Soybeans_101/histogram_trihedral_3.pdf used on input line 155.
(pdftex.def)             Requested size: 209.1301pt x 167.3004pt.

<../../Figures/Report_19_09//Histograms/4th_observation/Soybeans_101/histogram_
trihedral_4.pdf, id=43, 722.7pt x 578.16pt>
File: ../../Figures/Report_19_09//Histograms/4th_observation/Soybeans_101/histo
gram_trihedral_4.pdf Graphic file (type pdf)

<use ../../Figures/Report_19_09//Histograms/4th_observation/Soybeans_101/histog
ram_trihedral_4.pdf>
Package pdftex.def Info: ../../Figures/Report_19_09//Histograms/4th_observation
/Soybeans_101/histogram_trihedral_4.pdf used on input line 156.
(pdftex.def)             Requested size: 209.1301pt x 167.3004pt.

<../../Figures/Report_19_09//Histograms/5th_observation/Soybeans_101/histogram_
trihedral_5.pdf, id=44, 722.7pt x 578.16pt>
File: ../../Figures/Report_19_09//Histograms/5th_observation/Soybeans_101/histo
gram_trihedral_5.pdf Graphic file (type pdf)

<use ../../Figures/Report_19_09//Histograms/5th_observation/Soybeans_101/histog
ram_trihedral_5.pdf>
Package pdftex.def Info: ../../Figures/Report_19_09//Histograms/5th_observation
/Soybeans_101/histogram_trihedral_5.pdf used on input line 157.
(pdftex.def)             Requested size: 209.1301pt x 167.3004pt.

<../../Figures/Report_19_09//Histograms/1th_observation/Soybeans_101/histogram_
random_volume_1.pdf, id=45, 722.7pt x 578.16pt>
File: ../../Figures/Report_19_09//Histograms/1th_observation/Soybeans_101/histo
gram_random_volume_1.pdf Graphic file (type pdf)

<use ../../Figures/Report_19_09//Histograms/1th_observation/Soybeans_101/histog
ram_random_volume_1.pdf>
Package pdftex.def Info: ../../Figures/Report_19_09//Histograms/1th_observation
/Soybeans_101/histogram_random_volume_1.pdf used on input line 164.
(pdftex.def)             Requested size: 209.1301pt x 167.3004pt.

<../../Figures/Report_19_09//Histograms/2th_observation/Soybeans_101/histogram_
random_volume_2.pdf, id=46, 722.7pt x 578.16pt>
File: ../../Figures/Report_19_09//Histograms/2th_observation/Soybeans_101/histo
gram_random_volume_2.pdf Graphic file (type pdf)

<use ../../Figures/Report_19_09//Histograms/2th_observation/Soybeans_101/histog
ram_random_volume_2.pdf>
Package pdftex.def Info: ../../Figures/Report_19_09//Histograms/2th_observation
/Soybeans_101/histogram_random_volume_2.pdf used on input line 165.
(pdftex.def)             Requested size: 209.1301pt x 167.3004pt.

<../../Figures/Report_19_09//Histograms/3th_observation/Soybeans_101/histogram_
random_volume_3.pdf, id=47, 722.7pt x 578.16pt>
File: ../../Figures/Report_19_09//Histograms/3th_observation/Soybeans_101/histo
gram_random_volume_3.pdf Graphic file (type pdf)

<use ../../Figures/Report_19_09//Histograms/3th_observation/Soybeans_101/histog
ram_random_volume_3.pdf>
Package pdftex.def Info: ../../Figures/Report_19_09//Histograms/3th_observation
/Soybeans_101/histogram_random_volume_3.pdf used on input line 166.
(pdftex.def)             Requested size: 209.1301pt x 167.3004pt.

<../../Figures/Report_19_09//Histograms/4th_observation/Soybeans_101/histogram_
random_volume_4.pdf, id=48, 722.7pt x 578.16pt>
File: ../../Figures/Report_19_09//Histograms/4th_observation/Soybeans_101/histo
gram_random_volume_4.pdf Graphic file (type pdf)

<use ../../Figures/Report_19_09//Histograms/4th_observation/Soybeans_101/histog
ram_random_volume_4.pdf>
Package pdftex.def Info: ../../Figures/Report_19_09//Histograms/4th_observation
/Soybeans_101/histogram_random_volume_4.pdf used on input line 167.
(pdftex.def)             Requested size: 209.1301pt x 167.3004pt.

<../../Figures/Report_19_09//Histograms/5th_observation/Soybeans_101/histogram_
random_volume_5.pdf, id=49, 722.7pt x 578.16pt>
File: ../../Figures/Report_19_09//Histograms/5th_observation/Soybeans_101/histo
gram_random_volume_5.pdf Graphic file (type pdf)

<use ../../Figures/Report_19_09//Histograms/5th_observation/Soybeans_101/histog
ram_random_volume_5.pdf>
Package pdftex.def Info: ../../Figures/Report_19_09//Histograms/5th_observation
/Soybeans_101/histogram_random_volume_5.pdf used on input line 168.
(pdftex.def)             Requested size: 209.1301pt x 167.3004pt.

<../../Figures/Report_19_09//Histograms/1th_observation/Soybeans_231/histogram_
trihedral_1.pdf, id=50, 722.7pt x 578.16pt>
File: ../../Figures/Report_19_09//Histograms/1th_observation/Soybeans_231/histo
gram_trihedral_1.pdf Graphic file (type pdf)

<use ../../Figures/Report_19_09//Histograms/1th_observation/Soybeans_231/histog
ram_trihedral_1.pdf>
Package pdftex.def Info: ../../Figures/Report_19_09//Histograms/1th_observation
/Soybeans_231/histogram_trihedral_1.pdf used on input line 176.
(pdftex.def)             Requested size: 209.1301pt x 167.3004pt.

<../../Figures/Report_19_09//Histograms/2th_observation/Soybeans_231/histogram_
trihedral_2.pdf, id=51, 722.7pt x 578.16pt>
File: ../../Figures/Report_19_09//Histograms/2th_observation/Soybeans_231/histo
gram_trihedral_2.pdf Graphic file (type pdf)

<use ../../Figures/Report_19_09//Histograms/2th_observation/Soybeans_231/histog
ram_trihedral_2.pdf>
Package pdftex.def Info: ../../Figures/Report_19_09//Histograms/2th_observation
/Soybeans_231/histogram_trihedral_2.pdf used on input line 177.
(pdftex.def)             Requested size: 209.1301pt x 167.3004pt.

<../../Figures/Report_19_09//Histograms/3th_observation/Soybeans_231/histogram_
trihedral_3.pdf, id=52, 722.7pt x 578.16pt>
File: ../../Figures/Report_19_09//Histograms/3th_observation/Soybeans_231/histo
gram_trihedral_3.pdf Graphic file (type pdf)

<use ../../Figures/Report_19_09//Histograms/3th_observation/Soybeans_231/histog
ram_trihedral_3.pdf>
Package pdftex.def Info: ../../Figures/Report_19_09//Histograms/3th_observation
/Soybeans_231/histogram_trihedral_3.pdf used on input line 178.
(pdftex.def)             Requested size: 209.1301pt x 167.3004pt.

<../../Figures/Report_19_09//Histograms/4th_observation/Soybeans_231/histogram_
trihedral_4.pdf, id=53, 722.7pt x 578.16pt>
File: ../../Figures/Report_19_09//Histograms/4th_observation/Soybeans_231/histo
gram_trihedral_4.pdf Graphic file (type pdf)

<use ../../Figures/Report_19_09//Histograms/4th_observation/Soybeans_231/histog
ram_trihedral_4.pdf>
Package pdftex.def Info: ../../Figures/Report_19_09//Histograms/4th_observation
/Soybeans_231/histogram_trihedral_4.pdf used on input line 179.
(pdftex.def)             Requested size: 209.1301pt x 167.3004pt.

<../../Figures/Report_19_09//Histograms/5th_observation/Soybeans_231/histogram_
trihedral_5.pdf, id=54, 722.7pt x 578.16pt>
File: ../../Figures/Report_19_09//Histograms/5th_observation/Soybeans_231/histo
gram_trihedral_5.pdf Graphic file (type pdf)

<use ../../Figures/Report_19_09//Histograms/5th_observation/Soybeans_231/histog
ram_trihedral_5.pdf>
Package pdftex.def Info: ../../Figures/Report_19_09//Histograms/5th_observation
/Soybeans_231/histogram_trihedral_5.pdf used on input line 180.
(pdftex.def)             Requested size: 209.1301pt x 167.3004pt.

<../../Figures/Report_19_09//Histograms/1th_observation/Soybeans_231/histogram_
random_volume_1.pdf, id=55, 722.7pt x 578.16pt>
File: ../../Figures/Report_19_09//Histograms/1th_observation/Soybeans_231/histo
gram_random_volume_1.pdf Graphic file (type pdf)

<use ../../Figures/Report_19_09//Histograms/1th_observation/Soybeans_231/histog
ram_random_volume_1.pdf>
Package pdftex.def Info: ../../Figures/Report_19_09//Histograms/1th_observation
/Soybeans_231/histogram_random_volume_1.pdf used on input line 187.
(pdftex.def)             Requested size: 209.1301pt x 167.3004pt.

<../../Figures/Report_19_09//Histograms/2th_observation/Soybeans_231/histogram_
random_volume_2.pdf, id=56, 722.7pt x 578.16pt>
File: ../../Figures/Report_19_09//Histograms/2th_observation/Soybeans_231/histo
gram_random_volume_2.pdf Graphic file (type pdf)

<use ../../Figures/Report_19_09//Histograms/2th_observation/Soybeans_231/histog
ram_random_volume_2.pdf>
Package pdftex.def Info: ../../Figures/Report_19_09//Histograms/2th_observation
/Soybeans_231/histogram_random_volume_2.pdf used on input line 188.
(pdftex.def)             Requested size: 209.1301pt x 167.3004pt.

<../../Figures/Report_19_09//Histograms/3th_observation/Soybeans_231/histogram_
random_volume_3.pdf, id=57, 722.7pt x 578.16pt>
File: ../../Figures/Report_19_09//Histograms/3th_observation/Soybeans_231/histo
gram_random_volume_3.pdf Graphic file (type pdf)

<use ../../Figures/Report_19_09//Histograms/3th_observation/Soybeans_231/histog
ram_random_volume_3.pdf>
Package pdftex.def Info: ../../Figures/Report_19_09//Histograms/3th_observation
/Soybeans_231/histogram_random_volume_3.pdf used on input line 189.
(pdftex.def)             Requested size: 209.1301pt x 167.3004pt.

<../../Figures/Report_19_09//Histograms/4th_observation/Soybeans_231/histogram_
random_volume_4.pdf, id=58, 722.7pt x 578.16pt>
File: ../../Figures/Report_19_09//Histograms/4th_observation/Soybeans_231/histo
gram_random_volume_4.pdf Graphic file (type pdf)

<use ../../Figures/Report_19_09//Histograms/4th_observation/Soybeans_231/histog
ram_random_volume_4.pdf>
Package pdftex.def Info: ../../Figures/Report_19_09//Histograms/4th_observation
/Soybeans_231/histogram_random_volume_4.pdf used on input line 190.
(pdftex.def)             Requested size: 209.1301pt x 167.3004pt.

<../../Figures/Report_19_09//Histograms/5th_observation/Soybeans_231/histogram_
random_volume_5.pdf, id=59, 722.7pt x 578.16pt>
File: ../../Figures/Report_19_09//Histograms/5th_observation/Soybeans_231/histo
gram_random_volume_5.pdf Graphic file (type pdf)

<use ../../Figures/Report_19_09//Histograms/5th_observation/Soybeans_231/histog
ram_random_volume_5.pdf>
Package pdftex.def Info: ../../Figures/Report_19_09//Histograms/5th_observation
/Soybeans_231/histogram_random_volume_5.pdf used on input line 191.
(pdftex.def)             Requested size: 209.1301pt x 167.3004pt.

<../../Figures/Report_19_09//Histograms/1th_observation/Soybeans_232/histogram_
trihedral_1.pdf, id=60, 722.7pt x 578.16pt>
File: ../../Figures/Report_19_09//Histograms/1th_observation/Soybeans_232/histo
gram_trihedral_1.pdf Graphic file (type pdf)

<use ../../Figures/Report_19_09//Histograms/1th_observation/Soybeans_232/histog
ram_trihedral_1.pdf>
Package pdftex.def Info: ../../Figures/Report_19_09//Histograms/1th_observation
/Soybeans_232/histogram_trihedral_1.pdf used on input line 199.
(pdftex.def)             Requested size: 209.1301pt x 167.3004pt.

<../../Figures/Report_19_09//Histograms/2th_observation/Soybeans_232/histogram_
trihedral_2.pdf, id=61, 722.7pt x 578.16pt>
File: ../../Figures/Report_19_09//Histograms/2th_observation/Soybeans_232/histo
gram_trihedral_2.pdf Graphic file (type pdf)

<use ../../Figures/Report_19_09//Histograms/2th_observation/Soybeans_232/histog
ram_trihedral_2.pdf>
Package pdftex.def Info: ../../Figures/Report_19_09//Histograms/2th_observation
/Soybeans_232/histogram_trihedral_2.pdf used on input line 200.
(pdftex.def)             Requested size: 209.1301pt x 167.3004pt.

<../../Figures/Report_19_09//Histograms/3th_observation/Soybeans_232/histogram_
trihedral_3.pdf, id=62, 722.7pt x 578.16pt>
File: ../../Figures/Report_19_09//Histograms/3th_observation/Soybeans_232/histo
gram_trihedral_3.pdf Graphic file (type pdf)

<use ../../Figures/Report_19_09//Histograms/3th_observation/Soybeans_232/histog
ram_trihedral_3.pdf>
Package pdftex.def Info: ../../Figures/Report_19_09//Histograms/3th_observation
/Soybeans_232/histogram_trihedral_3.pdf used on input line 201.
(pdftex.def)             Requested size: 209.1301pt x 167.3004pt.

<../../Figures/Report_19_09//Histograms/4th_observation/Soybeans_232/histogram_
trihedral_4.pdf, id=63, 722.7pt x 578.16pt>
File: ../../Figures/Report_19_09//Histograms/4th_observation/Soybeans_232/histo
gram_trihedral_4.pdf Graphic file (type pdf)

<use ../../Figures/Report_19_09//Histograms/4th_observation/Soybeans_232/histog
ram_trihedral_4.pdf>
Package pdftex.def Info: ../../Figures/Report_19_09//Histograms/4th_observation
/Soybeans_232/histogram_trihedral_4.pdf used on input line 202.
(pdftex.def)             Requested size: 209.1301pt x 167.3004pt.

<../../Figures/Report_19_09//Histograms/5th_observation/Soybeans_232/histogram_
trihedral_5.pdf, id=64, 722.7pt x 578.16pt>
File: ../../Figures/Report_19_09//Histograms/5th_observation/Soybeans_232/histo
gram_trihedral_5.pdf Graphic file (type pdf)

<use ../../Figures/Report_19_09//Histograms/5th_observation/Soybeans_232/histog
ram_trihedral_5.pdf>
Package pdftex.def Info: ../../Figures/Report_19_09//Histograms/5th_observation
/Soybeans_232/histogram_trihedral_5.pdf used on input line 203.
(pdftex.def)             Requested size: 209.1301pt x 167.3004pt.

<../../Figures/Report_19_09//Histograms/1th_observation/Soybeans_232/histogram_
random_volume_1.pdf, id=65, 722.7pt x 578.16pt>
File: ../../Figures/Report_19_09//Histograms/1th_observation/Soybeans_232/histo
gram_random_volume_1.pdf Graphic file (type pdf)

<use ../../Figures/Report_19_09//Histograms/1th_observation/Soybeans_232/histog
ram_random_volume_1.pdf>
Package pdftex.def Info: ../../Figures/Report_19_09//Histograms/1th_observation
/Soybeans_232/histogram_random_volume_1.pdf used on input line 210.
(pdftex.def)             Requested size: 209.1301pt x 167.3004pt.

<../../Figures/Report_19_09//Histograms/2th_observation/Soybeans_232/histogram_
random_volume_2.pdf, id=66, 722.7pt x 578.16pt>
File: ../../Figures/Report_19_09//Histograms/2th_observation/Soybeans_232/histo
gram_random_volume_2.pdf Graphic file (type pdf)

<use ../../Figures/Report_19_09//Histograms/2th_observation/Soybeans_232/histog
ram_random_volume_2.pdf>
Package pdftex.def Info: ../../Figures/Report_19_09//Histograms/2th_observation
/Soybeans_232/histogram_random_volume_2.pdf used on input line 211.
(pdftex.def)             Requested size: 209.1301pt x 167.3004pt.

<../../Figures/Report_19_09//Histograms/3th_observation/Soybeans_232/histogram_
random_volume_3.pdf, id=67, 722.7pt x 578.16pt>
File: ../../Figures/Report_19_09//Histograms/3th_observation/Soybeans_232/histo
gram_random_volume_3.pdf Graphic file (type pdf)

<use ../../Figures/Report_19_09//Histograms/3th_observation/Soybeans_232/histog
ram_random_volume_3.pdf>
Package pdftex.def Info: ../../Figures/Report_19_09//Histograms/3th_observation
/Soybeans_232/histogram_random_volume_3.pdf used on input line 212.
(pdftex.def)             Requested size: 209.1301pt x 167.3004pt.

<../../Figures/Report_19_09//Histograms/4th_observation/Soybeans_232/histogram_
random_volume_4.pdf, id=68, 722.7pt x 578.16pt>
File: ../../Figures/Report_19_09//Histograms/4th_observation/Soybeans_232/histo
gram_random_volume_4.pdf Graphic file (type pdf)

<use ../../Figures/Report_19_09//Histograms/4th_observation/Soybeans_232/histog
ram_random_volume_4.pdf>
Package pdftex.def Info: ../../Figures/Report_19_09//Histograms/4th_observation
/Soybeans_232/histogram_random_volume_4.pdf used on input line 213.
(pdftex.def)             Requested size: 209.1301pt x 167.3004pt.

<../../Figures/Report_19_09//Histograms/5th_observation/Soybeans_232/histogram_
random_volume_5.pdf, id=69, 722.7pt x 578.16pt>
File: ../../Figures/Report_19_09//Histograms/5th_observation/Soybeans_232/histo
gram_random_volume_5.pdf Graphic file (type pdf)

<use ../../Figures/Report_19_09//Histograms/5th_observation/Soybeans_232/histog
ram_random_volume_5.pdf>
Package pdftex.def Info: ../../Figures/Report_19_09//Histograms/5th_observation
/Soybeans_232/histogram_random_volume_5.pdf used on input line 214.
(pdftex.def)             Requested size: 209.1301pt x 167.3004pt.

<../../Figures/Report_19_09//Histograms/1th_observation/Wheat_104/histogram_tri
hedral_1.pdf, id=70, 722.7pt x 578.16pt>
File: ../../Figures/Report_19_09//Histograms/1th_observation/Wheat_104/histogra
m_trihedral_1.pdf Graphic file (type pdf)

<use ../../Figures/Report_19_09//Histograms/1th_observation/Wheat_104/histogram
_trihedral_1.pdf>
Package pdftex.def Info: ../../Figures/Report_19_09//Histograms/1th_observation
/Wheat_104/histogram_trihedral_1.pdf used on input line 222.
(pdftex.def)             Requested size: 209.1301pt x 167.3004pt.

<../../Figures/Report_19_09//Histograms/2th_observation/Wheat_104/histogram_tri
hedral_2.pdf, id=71, 722.7pt x 578.16pt>
File: ../../Figures/Report_19_09//Histograms/2th_observation/Wheat_104/histogra
m_trihedral_2.pdf Graphic file (type pdf)

<use ../../Figures/Report_19_09//Histograms/2th_observation/Wheat_104/histogram
_trihedral_2.pdf>
Package pdftex.def Info: ../../Figures/Report_19_09//Histograms/2th_observation
/Wheat_104/histogram_trihedral_2.pdf used on input line 223.
(pdftex.def)             Requested size: 209.1301pt x 167.3004pt.

<../../Figures/Report_19_09//Histograms/3th_observation/Wheat_104/histogram_tri
hedral_3.pdf, id=72, 722.7pt x 578.16pt>
File: ../../Figures/Report_19_09//Histograms/3th_observation/Wheat_104/histogra
m_trihedral_3.pdf Graphic file (type pdf)

<use ../../Figures/Report_19_09//Histograms/3th_observation/Wheat_104/histogram
_trihedral_3.pdf>
Package pdftex.def Info: ../../Figures/Report_19_09//Histograms/3th_observation
/Wheat_104/histogram_trihedral_3.pdf used on input line 224.
(pdftex.def)             Requested size: 209.1301pt x 167.3004pt.

<../../Figures/Report_19_09//Histograms/4th_observation/Wheat_104/histogram_tri
hedral_4.pdf, id=73, 722.7pt x 578.16pt>
File: ../../Figures/Report_19_09//Histograms/4th_observation/Wheat_104/histogra
m_trihedral_4.pdf Graphic file (type pdf)

<use ../../Figures/Report_19_09//Histograms/4th_observation/Wheat_104/histogram
_trihedral_4.pdf>
Package pdftex.def Info: ../../Figures/Report_19_09//Histograms/4th_observation
/Wheat_104/histogram_trihedral_4.pdf used on input line 225.
(pdftex.def)             Requested size: 209.1301pt x 167.3004pt.

<../../Figures/Report_19_09//Histograms/5th_observation/Wheat_104/histogram_tri
hedral_5.pdf, id=74, 722.7pt x 578.16pt>
File: ../../Figures/Report_19_09//Histograms/5th_observation/Wheat_104/histogra
m_trihedral_5.pdf Graphic file (type pdf)

<use ../../Figures/Report_19_09//Histograms/5th_observation/Wheat_104/histogram
_trihedral_5.pdf>
Package pdftex.def Info: ../../Figures/Report_19_09//Histograms/5th_observation
/Wheat_104/histogram_trihedral_5.pdf used on input line 226.
(pdftex.def)             Requested size: 209.1301pt x 167.3004pt.

<../../Figures/Report_19_09//Histograms/1th_observation/Wheat_104/histogram_ran
dom_volume_1.pdf, id=75, 722.7pt x 578.16pt>
File: ../../Figures/Report_19_09//Histograms/1th_observation/Wheat_104/histogra
m_random_volume_1.pdf Graphic file (type pdf)

<use ../../Figures/Report_19_09//Histograms/1th_observation/Wheat_104/histogram
_random_volume_1.pdf>
Package pdftex.def Info: ../../Figures/Report_19_09//Histograms/1th_observation
/Wheat_104/histogram_random_volume_1.pdf used on input line 233.
(pdftex.def)             Requested size: 209.1301pt x 167.3004pt.

<../../Figures/Report_19_09//Histograms/2th_observation/Wheat_104/histogram_ran
dom_volume_2.pdf, id=76, 722.7pt x 578.16pt>
File: ../../Figures/Report_19_09//Histograms/2th_observation/Wheat_104/histogra
m_random_volume_2.pdf Graphic file (type pdf)

<use ../../Figures/Report_19_09//Histograms/2th_observation/Wheat_104/histogram
_random_volume_2.pdf>
Package pdftex.def Info: ../../Figures/Report_19_09//Histograms/2th_observation
/Wheat_104/histogram_random_volume_2.pdf used on input line 234.
(pdftex.def)             Requested size: 209.1301pt x 167.3004pt.

<../../Figures/Report_19_09//Histograms/3th_observation/Wheat_104/histogram_ran
dom_volume_3.pdf, id=77, 722.7pt x 578.16pt>
File: ../../Figures/Report_19_09//Histograms/3th_observation/Wheat_104/histogra
m_random_volume_3.pdf Graphic file (type pdf)

<use ../../Figures/Report_19_09//Histograms/3th_observation/Wheat_104/histogram
_random_volume_3.pdf>
Package pdftex.def Info: ../../Figures/Report_19_09//Histograms/3th_observation
/Wheat_104/histogram_random_volume_3.pdf used on input line 235.
(pdftex.def)             Requested size: 209.1301pt x 167.3004pt.

<../../Figures/Report_19_09//Histograms/4th_observation/Wheat_104/histogram_ran
dom_volume_4.pdf, id=78, 722.7pt x 578.16pt>
File: ../../Figures/Report_19_09//Histograms/4th_observation/Wheat_104/histogra
m_random_volume_4.pdf Graphic file (type pdf)

<use ../../Figures/Report_19_09//Histograms/4th_observation/Wheat_104/histogram
_random_volume_4.pdf>
Package pdftex.def Info: ../../Figures/Report_19_09//Histograms/4th_observation
/Wheat_104/histogram_random_volume_4.pdf used on input line 236.
(pdftex.def)             Requested size: 209.1301pt x 167.3004pt.

<../../Figures/Report_19_09//Histograms/5th_observation/Wheat_104/histogram_ran
dom_volume_5.pdf, id=79, 722.7pt x 578.16pt>
File: ../../Figures/Report_19_09//Histograms/5th_observation/Wheat_104/histogra
m_random_volume_5.pdf Graphic file (type pdf)

<use ../../Figures/Report_19_09//Histograms/5th_observation/Wheat_104/histogram
_random_volume_5.pdf>
Package pdftex.def Info: ../../Figures/Report_19_09//Histograms/5th_observation
/Wheat_104/histogram_random_volume_5.pdf used on input line 237.
(pdftex.def)             Requested size: 209.1301pt x 167.3004pt.

<../../Figures/Report_19_09//Histograms/1th_observation/Wheat_105/histogram_tri
hedral_1.pdf, id=80, 722.7pt x 578.16pt>
File: ../../Figures/Report_19_09//Histograms/1th_observation/Wheat_105/histogra
m_trihedral_1.pdf Graphic file (type pdf)

<use ../../Figures/Report_19_09//Histograms/1th_observation/Wheat_105/histogram
_trihedral_1.pdf>
Package pdftex.def Info: ../../Figures/Report_19_09//Histograms/1th_observation
/Wheat_105/histogram_trihedral_1.pdf used on input line 245.
(pdftex.def)             Requested size: 209.1301pt x 167.3004pt.

<../../Figures/Report_19_09//Histograms/2th_observation/Wheat_105/histogram_tri
hedral_2.pdf, id=81, 722.7pt x 578.16pt>
File: ../../Figures/Report_19_09//Histograms/2th_observation/Wheat_105/histogra
m_trihedral_2.pdf Graphic file (type pdf)

<use ../../Figures/Report_19_09//Histograms/2th_observation/Wheat_105/histogram
_trihedral_2.pdf>
Package pdftex.def Info: ../../Figures/Report_19_09//Histograms/2th_observation
/Wheat_105/histogram_trihedral_2.pdf used on input line 246.
(pdftex.def)             Requested size: 209.1301pt x 167.3004pt.

<../../Figures/Report_19_09//Histograms/3th_observation/Wheat_105/histogram_tri
hedral_3.pdf, id=82, 722.7pt x 578.16pt>
File: ../../Figures/Report_19_09//Histograms/3th_observation/Wheat_105/histogra
m_trihedral_3.pdf Graphic file (type pdf)

<use ../../Figures/Report_19_09//Histograms/3th_observation/Wheat_105/histogram
_trihedral_3.pdf>
Package pdftex.def Info: ../../Figures/Report_19_09//Histograms/3th_observation
/Wheat_105/histogram_trihedral_3.pdf used on input line 247.
(pdftex.def)             Requested size: 209.1301pt x 167.3004pt.

<../../Figures/Report_19_09//Histograms/4th_observation/Wheat_105/histogram_tri
hedral_4.pdf, id=83, 722.7pt x 578.16pt>
File: ../../Figures/Report_19_09//Histograms/4th_observation/Wheat_105/histogra
m_trihedral_4.pdf Graphic file (type pdf)

<use ../../Figures/Report_19_09//Histograms/4th_observation/Wheat_105/histogram
_trihedral_4.pdf>
Package pdftex.def Info: ../../Figures/Report_19_09//Histograms/4th_observation
/Wheat_105/histogram_trihedral_4.pdf used on input line 248.
(pdftex.def)             Requested size: 209.1301pt x 167.3004pt.

<../../Figures/Report_19_09//Histograms/5th_observation/Wheat_105/histogram_tri
hedral_5.pdf, id=84, 722.7pt x 578.16pt>
File: ../../Figures/Report_19_09//Histograms/5th_observation/Wheat_105/histogra
m_trihedral_5.pdf Graphic file (type pdf)

<use ../../Figures/Report_19_09//Histograms/5th_observation/Wheat_105/histogram
_trihedral_5.pdf>
Package pdftex.def Info: ../../Figures/Report_19_09//Histograms/5th_observation
/Wheat_105/histogram_trihedral_5.pdf used on input line 249.
(pdftex.def)             Requested size: 209.1301pt x 167.3004pt.

<../../Figures/Report_19_09//Histograms/1th_observation/Wheat_105/histogram_ran
dom_volume_1.pdf, id=85, 722.7pt x 578.16pt>
File: ../../Figures/Report_19_09//Histograms/1th_observation/Wheat_105/histogra
m_random_volume_1.pdf Graphic file (type pdf)

<use ../../Figures/Report_19_09//Histograms/1th_observation/Wheat_105/histogram
_random_volume_1.pdf>
Package pdftex.def Info: ../../Figures/Report_19_09//Histograms/1th_observation
/Wheat_105/histogram_random_volume_1.pdf used on input line 256.
(pdftex.def)             Requested size: 209.1301pt x 167.3004pt.

<../../Figures/Report_19_09//Histograms/2th_observation/Wheat_105/histogram_ran
dom_volume_2.pdf, id=86, 722.7pt x 578.16pt>
File: ../../Figures/Report_19_09//Histograms/2th_observation/Wheat_105/histogra
m_random_volume_2.pdf Graphic file (type pdf)

<use ../../Figures/Report_19_09//Histograms/2th_observation/Wheat_105/histogram
_random_volume_2.pdf>
Package pdftex.def Info: ../../Figures/Report_19_09//Histograms/2th_observation
/Wheat_105/histogram_random_volume_2.pdf used on input line 257.
(pdftex.def)             Requested size: 209.1301pt x 167.3004pt.

<../../Figures/Report_19_09//Histograms/3th_observation/Wheat_105/histogram_ran
dom_volume_3.pdf, id=87, 722.7pt x 578.16pt>
File: ../../Figures/Report_19_09//Histograms/3th_observation/Wheat_105/histogra
m_random_volume_3.pdf Graphic file (type pdf)

<use ../../Figures/Report_19_09//Histograms/3th_observation/Wheat_105/histogram
_random_volume_3.pdf>
Package pdftex.def Info: ../../Figures/Report_19_09//Histograms/3th_observation
/Wheat_105/histogram_random_volume_3.pdf used on input line 258.
(pdftex.def)             Requested size: 209.1301pt x 167.3004pt.

<../../Figures/Report_19_09//Histograms/4th_observation/Wheat_105/histogram_ran
dom_volume_4.pdf, id=88, 722.7pt x 578.16pt>
File: ../../Figures/Report_19_09//Histograms/4th_observation/Wheat_105/histogra
m_random_volume_4.pdf Graphic file (type pdf)

<use ../../Figures/Report_19_09//Histograms/4th_observation/Wheat_105/histogram
_random_volume_4.pdf>
Package pdftex.def Info: ../../Figures/Report_19_09//Histograms/4th_observation
/Wheat_105/histogram_random_volume_4.pdf used on input line 259.
(pdftex.def)             Requested size: 209.1301pt x 167.3004pt.

<../../Figures/Report_19_09//Histograms/5th_observation/Wheat_105/histogram_ran
dom_volume_5.pdf, id=89, 722.7pt x 578.16pt>
File: ../../Figures/Report_19_09//Histograms/5th_observation/Wheat_105/histogra
m_random_volume_5.pdf Graphic file (type pdf)

<use ../../Figures/Report_19_09//Histograms/5th_observation/Wheat_105/histogram
_random_volume_5.pdf>
Package pdftex.def Info: ../../Figures/Report_19_09//Histograms/5th_observation
/Wheat_105/histogram_random_volume_5.pdf used on input line 260.
(pdftex.def)             Requested size: 209.1301pt x 167.3004pt.

<../../Figures/Report_19_09//Histograms/1th_observation/Wheat_255/histogram_tri
hedral_1.pdf, id=90, 722.7pt x 578.16pt>
File: ../../Figures/Report_19_09//Histograms/1th_observation/Wheat_255/histogra
m_trihedral_1.pdf Graphic file (type pdf)

<use ../../Figures/Report_19_09//Histograms/1th_observation/Wheat_255/histogram
_trihedral_1.pdf>
Package pdftex.def Info: ../../Figures/Report_19_09//Histograms/1th_observation
/Wheat_255/histogram_trihedral_1.pdf used on input line 268.
(pdftex.def)             Requested size: 209.1301pt x 167.3004pt.

<../../Figures/Report_19_09//Histograms/2th_observation/Wheat_255/histogram_tri
hedral_2.pdf, id=91, 722.7pt x 578.16pt>
File: ../../Figures/Report_19_09//Histograms/2th_observation/Wheat_255/histogra
m_trihedral_2.pdf Graphic file (type pdf)

<use ../../Figures/Report_19_09//Histograms/2th_observation/Wheat_255/histogram
_trihedral_2.pdf>
Package pdftex.def Info: ../../Figures/Report_19_09//Histograms/2th_observation
/Wheat_255/histogram_trihedral_2.pdf used on input line 269.
(pdftex.def)             Requested size: 209.1301pt x 167.3004pt.

<../../Figures/Report_19_09//Histograms/3th_observation/Wheat_255/histogram_tri
hedral_3.pdf, id=92, 722.7pt x 578.16pt>
File: ../../Figures/Report_19_09//Histograms/3th_observation/Wheat_255/histogra
m_trihedral_3.pdf Graphic file (type pdf)

<use ../../Figures/Report_19_09//Histograms/3th_observation/Wheat_255/histogram
_trihedral_3.pdf>
Package pdftex.def Info: ../../Figures/Report_19_09//Histograms/3th_observation
/Wheat_255/histogram_trihedral_3.pdf used on input line 270.
(pdftex.def)             Requested size: 209.1301pt x 167.3004pt.

<../../Figures/Report_19_09//Histograms/4th_observation/Wheat_255/histogram_tri
hedral_4.pdf, id=93, 722.7pt x 578.16pt>
File: ../../Figures/Report_19_09//Histograms/4th_observation/Wheat_255/histogra
m_trihedral_4.pdf Graphic file (type pdf)

<use ../../Figures/Report_19_09//Histograms/4th_observation/Wheat_255/histogram
_trihedral_4.pdf>
Package pdftex.def Info: ../../Figures/Report_19_09//Histograms/4th_observation
/Wheat_255/histogram_trihedral_4.pdf used on input line 271.
(pdftex.def)             Requested size: 209.1301pt x 167.3004pt.

<../../Figures/Report_19_09//Histograms/5th_observation/Wheat_255/histogram_tri
hedral_5.pdf, id=94, 722.7pt x 578.16pt>
File: ../../Figures/Report_19_09//Histograms/5th_observation/Wheat_255/histogra
m_trihedral_5.pdf Graphic file (type pdf)

<use ../../Figures/Report_19_09//Histograms/5th_observation/Wheat_255/histogram
_trihedral_5.pdf>
Package pdftex.def Info: ../../Figures/Report_19_09//Histograms/5th_observation
/Wheat_255/histogram_trihedral_5.pdf used on input line 272.
(pdftex.def)             Requested size: 209.1301pt x 167.3004pt.

<../../Figures/Report_19_09//Histograms/1th_observation/Wheat_255/histogram_ran
dom_volume_1.pdf, id=95, 722.7pt x 578.16pt>
File: ../../Figures/Report_19_09//Histograms/1th_observation/Wheat_255/histogra
m_random_volume_1.pdf Graphic file (type pdf)

<use ../../Figures/Report_19_09//Histograms/1th_observation/Wheat_255/histogram
_random_volume_1.pdf>
Package pdftex.def Info: ../../Figures/Report_19_09//Histograms/1th_observation
/Wheat_255/histogram_random_volume_1.pdf used on input line 279.
(pdftex.def)             Requested size: 209.1301pt x 167.3004pt.

<../../Figures/Report_19_09//Histograms/2th_observation/Wheat_255/histogram_ran
dom_volume_2.pdf, id=96, 722.7pt x 578.16pt>
File: ../../Figures/Report_19_09//Histograms/2th_observation/Wheat_255/histogra
m_random_volume_2.pdf Graphic file (type pdf)

<use ../../Figures/Report_19_09//Histograms/2th_observation/Wheat_255/histogram
_random_volume_2.pdf>
Package pdftex.def Info: ../../Figures/Report_19_09//Histograms/2th_observation
/Wheat_255/histogram_random_volume_2.pdf used on input line 280.
(pdftex.def)             Requested size: 209.1301pt x 167.3004pt.

<../../Figures/Report_19_09//Histograms/3th_observation/Wheat_255/histogram_ran
dom_volume_3.pdf, id=97, 722.7pt x 578.16pt>
File: ../../Figures/Report_19_09//Histograms/3th_observation/Wheat_255/histogra
m_random_volume_3.pdf Graphic file (type pdf)

<use ../../Figures/Report_19_09//Histograms/3th_observation/Wheat_255/histogram
_random_volume_3.pdf>
Package pdftex.def Info: ../../Figures/Report_19_09//Histograms/3th_observation
/Wheat_255/histogram_random_volume_3.pdf used on input line 281.
(pdftex.def)             Requested size: 209.1301pt x 167.3004pt.

<../../Figures/Report_19_09//Histograms/4th_observation/Wheat_255/histogram_ran
dom_volume_4.pdf, id=98, 722.7pt x 578.16pt>
File: ../../Figures/Report_19_09//Histograms/4th_observation/Wheat_255/histogra
m_random_volume_4.pdf Graphic file (type pdf)

<use ../../Figures/Report_19_09//Histograms/4th_observation/Wheat_255/histogram
_random_volume_4.pdf>
Package pdftex.def Info: ../../Figures/Report_19_09//Histograms/4th_observation
/Wheat_255/histogram_random_volume_4.pdf used on input line 282.
(pdftex.def)             Requested size: 209.1301pt x 167.3004pt.

<../../Figures/Report_19_09//Histograms/5th_observation/Wheat_255/histogram_ran
dom_volume_5.pdf, id=99, 722.7pt x 578.16pt>
File: ../../Figures/Report_19_09//Histograms/5th_observation/Wheat_255/histogra
m_random_volume_5.pdf Graphic file (type pdf)

<use ../../Figures/Report_19_09//Histograms/5th_observation/Wheat_255/histogram
_random_volume_5.pdf>
Package pdftex.def Info: ../../Figures/Report_19_09//Histograms/5th_observation
/Wheat_255/histogram_random_volume_5.pdf used on input line 283.
(pdftex.def)             Requested size: 209.1301pt x 167.3004pt.

<../../Figures/Report_19_09//Histograms/1th_observation/Canola_43/histogram_tri
hedral_1.pdf, id=100, 722.7pt x 578.16pt>
File: ../../Figures/Report_19_09//Histograms/1th_observation/Canola_43/histogra
m_trihedral_1.pdf Graphic file (type pdf)

<use ../../Figures/Report_19_09//Histograms/1th_observation/Canola_43/histogram
_trihedral_1.pdf>
Package pdftex.def Info: ../../Figures/Report_19_09//Histograms/1th_observation
/Canola_43/histogram_trihedral_1.pdf used on input line 291.
(pdftex.def)             Requested size: 209.1301pt x 167.3004pt.

<../../Figures/Report_19_09//Histograms/2th_observation/Canola_43/histogram_tri
hedral_2.pdf, id=101, 722.7pt x 578.16pt>
File: ../../Figures/Report_19_09//Histograms/2th_observation/Canola_43/histogra
m_trihedral_2.pdf Graphic file (type pdf)

<use ../../Figures/Report_19_09//Histograms/2th_observation/Canola_43/histogram
_trihedral_2.pdf>
Package pdftex.def Info: ../../Figures/Report_19_09//Histograms/2th_observation
/Canola_43/histogram_trihedral_2.pdf used on input line 292.
(pdftex.def)             Requested size: 209.1301pt x 167.3004pt.

<../../Figures/Report_19_09//Histograms/3th_observation/Canola_43/histogram_tri
hedral_3.pdf, id=102, 722.7pt x 578.16pt>
File: ../../Figures/Report_19_09//Histograms/3th_observation/Canola_43/histogra
m_trihedral_3.pdf Graphic file (type pdf)

<use ../../Figures/Report_19_09//Histograms/3th_observation/Canola_43/histogram
_trihedral_3.pdf>
Package pdftex.def Info: ../../Figures/Report_19_09//Histograms/3th_observation
/Canola_43/histogram_trihedral_3.pdf used on input line 293.
(pdftex.def)             Requested size: 209.1301pt x 167.3004pt.

<../../Figures/Report_19_09//Histograms/4th_observation/Canola_43/histogram_tri
hedral_4.pdf, id=103, 722.7pt x 578.16pt>
File: ../../Figures/Report_19_09//Histograms/4th_observation/Canola_43/histogra
m_trihedral_4.pdf Graphic file (type pdf)

<use ../../Figures/Report_19_09//Histograms/4th_observation/Canola_43/histogram
_trihedral_4.pdf>
Package pdftex.def Info: ../../Figures/Report_19_09//Histograms/4th_observation
/Canola_43/histogram_trihedral_4.pdf used on input line 294.
(pdftex.def)             Requested size: 209.1301pt x 167.3004pt.

<../../Figures/Report_19_09//Histograms/5th_observation/Canola_43/histogram_tri
hedral_5.pdf, id=104, 722.7pt x 578.16pt>
File: ../../Figures/Report_19_09//Histograms/5th_observation/Canola_43/histogra
m_trihedral_5.pdf Graphic file (type pdf)

<use ../../Figures/Report_19_09//Histograms/5th_observation/Canola_43/histogram
_trihedral_5.pdf>
Package pdftex.def Info: ../../Figures/Report_19_09//Histograms/5th_observation
/Canola_43/histogram_trihedral_5.pdf used on input line 295.
(pdftex.def)             Requested size: 209.1301pt x 167.3004pt.

<../../Figures/Report_19_09//Histograms/1th_observation/Canola_43/histogram_ran
dom_volume_1.pdf, id=105, 722.7pt x 578.16pt>
File: ../../Figures/Report_19_09//Histograms/1th_observation/Canola_43/histogra
m_random_volume_1.pdf Graphic file (type pdf)

<use ../../Figures/Report_19_09//Histograms/1th_observation/Canola_43/histogram
_random_volume_1.pdf>
Package pdftex.def Info: ../../Figures/Report_19_09//Histograms/1th_observation
/Canola_43/histogram_random_volume_1.pdf used on input line 302.
(pdftex.def)             Requested size: 209.1301pt x 167.3004pt.

<../../Figures/Report_19_09//Histograms/2th_observation/Canola_43/histogram_ran
dom_volume_2.pdf, id=106, 722.7pt x 578.16pt>
File: ../../Figures/Report_19_09//Histograms/2th_observation/Canola_43/histogra
m_random_volume_2.pdf Graphic file (type pdf)

<use ../../Figures/Report_19_09//Histograms/2th_observation/Canola_43/histogram
_random_volume_2.pdf>
Package pdftex.def Info: ../../Figures/Report_19_09//Histograms/2th_observation
/Canola_43/histogram_random_volume_2.pdf used on input line 303.
(pdftex.def)             Requested size: 209.1301pt x 167.3004pt.

<../../Figures/Report_19_09//Histograms/3th_observation/Canola_43/histogram_ran
dom_volume_3.pdf, id=107, 722.7pt x 578.16pt>
File: ../../Figures/Report_19_09//Histograms/3th_observation/Canola_43/histogra
m_random_volume_3.pdf Graphic file (type pdf)

<use ../../Figures/Report_19_09//Histograms/3th_observation/Canola_43/histogram
_random_volume_3.pdf>
Package pdftex.def Info: ../../Figures/Report_19_09//Histograms/3th_observation
/Canola_43/histogram_random_volume_3.pdf used on input line 304.
(pdftex.def)             Requested size: 209.1301pt x 167.3004pt.

<../../Figures/Report_19_09//Histograms/4th_observation/Canola_43/histogram_ran
dom_volume_4.pdf, id=108, 722.7pt x 578.16pt>
File: ../../Figures/Report_19_09//Histograms/4th_observation/Canola_43/histogra
m_random_volume_4.pdf Graphic file (type pdf)

<use ../../Figures/Report_19_09//Histograms/4th_observation/Canola_43/histogram
_random_volume_4.pdf>
Package pdftex.def Info: ../../Figures/Report_19_09//Histograms/4th_observation
/Canola_43/histogram_random_volume_4.pdf used on input line 305.
(pdftex.def)             Requested size: 209.1301pt x 167.3004pt.

<../../Figures/Report_19_09//Histograms/5th_observation/Canola_43/histogram_ran
dom_volume_5.pdf, id=109, 722.7pt x 578.16pt>
File: ../../Figures/Report_19_09//Histograms/5th_observation/Canola_43/histogra
m_random_volume_5.pdf Graphic file (type pdf)

<use ../../Figures/Report_19_09//Histograms/5th_observation/Canola_43/histogram
_random_volume_5.pdf>
Package pdftex.def Info: ../../Figures/Report_19_09//Histograms/5th_observation
/Canola_43/histogram_random_volume_5.pdf used on input line 306.
(pdftex.def)             Requested size: 209.1301pt x 167.3004pt.

<../../Figures/Report_19_09//Histograms/1th_observation/Canola_224/histogram_tr
ihedral_1.pdf, id=110, 722.7pt x 578.16pt>
File: ../../Figures/Report_19_09//Histograms/1th_observation/Canola_224/histogr
am_trihedral_1.pdf Graphic file (type pdf)

<use ../../Figures/Report_19_09//Histograms/1th_observation/Canola_224/histogra
m_trihedral_1.pdf>
Package pdftex.def Info: ../../Figures/Report_19_09//Histograms/1th_observation
/Canola_224/histogram_trihedral_1.pdf used on input line 314.
(pdftex.def)             Requested size: 209.1301pt x 167.3004pt.

<../../Figures/Report_19_09//Histograms/2th_observation/Canola_224/histogram_tr
ihedral_2.pdf, id=111, 722.7pt x 578.16pt>
File: ../../Figures/Report_19_09//Histograms/2th_observation/Canola_224/histogr
am_trihedral_2.pdf Graphic file (type pdf)

<use ../../Figures/Report_19_09//Histograms/2th_observation/Canola_224/histogra
m_trihedral_2.pdf>
Package pdftex.def Info: ../../Figures/Report_19_09//Histograms/2th_observation
/Canola_224/histogram_trihedral_2.pdf used on input line 315.
(pdftex.def)             Requested size: 209.1301pt x 167.3004pt.

<../../Figures/Report_19_09//Histograms/3th_observation/Canola_224/histogram_tr
ihedral_3.pdf, id=112, 722.7pt x 578.16pt>
File: ../../Figures/Report_19_09//Histograms/3th_observation/Canola_224/histogr
am_trihedral_3.pdf Graphic file (type pdf)

<use ../../Figures/Report_19_09//Histograms/3th_observation/Canola_224/histogra
m_trihedral_3.pdf>
Package pdftex.def Info: ../../Figures/Report_19_09//Histograms/3th_observation
/Canola_224/histogram_trihedral_3.pdf used on input line 316.
(pdftex.def)             Requested size: 209.1301pt x 167.3004pt.

<../../Figures/Report_19_09//Histograms/4th_observation/Canola_224/histogram_tr
ihedral_4.pdf, id=113, 722.7pt x 578.16pt>
File: ../../Figures/Report_19_09//Histograms/4th_observation/Canola_224/histogr
am_trihedral_4.pdf Graphic file (type pdf)

<use ../../Figures/Report_19_09//Histograms/4th_observation/Canola_224/histogra
m_trihedral_4.pdf>
Package pdftex.def Info: ../../Figures/Report_19_09//Histograms/4th_observation
/Canola_224/histogram_trihedral_4.pdf used on input line 317.
(pdftex.def)             Requested size: 209.1301pt x 167.3004pt.

<../../Figures/Report_19_09//Histograms/5th_observation/Canola_224/histogram_tr
ihedral_5.pdf, id=114, 722.7pt x 578.16pt>
File: ../../Figures/Report_19_09//Histograms/5th_observation/Canola_224/histogr
am_trihedral_5.pdf Graphic file (type pdf)

<use ../../Figures/Report_19_09//Histograms/5th_observation/Canola_224/histogra
m_trihedral_5.pdf>
Package pdftex.def Info: ../../Figures/Report_19_09//Histograms/5th_observation
/Canola_224/histogram_trihedral_5.pdf used on input line 318.
(pdftex.def)             Requested size: 209.1301pt x 167.3004pt.

<../../Figures/Report_19_09//Histograms/1th_observation/Canola_224/histogram_ra
ndom_volume_1.pdf, id=115, 722.7pt x 578.16pt>
File: ../../Figures/Report_19_09//Histograms/1th_observation/Canola_224/histogr
am_random_volume_1.pdf Graphic file (type pdf)

<use ../../Figures/Report_19_09//Histograms/1th_observation/Canola_224/histogra
m_random_volume_1.pdf>
Package pdftex.def Info: ../../Figures/Report_19_09//Histograms/1th_observation
/Canola_224/histogram_random_volume_1.pdf used on input line 325.
(pdftex.def)             Requested size: 209.1301pt x 167.3004pt.

<../../Figures/Report_19_09//Histograms/2th_observation/Canola_224/histogram_ra
ndom_volume_2.pdf, id=116, 722.7pt x 578.16pt>
File: ../../Figures/Report_19_09//Histograms/2th_observation/Canola_224/histogr
am_random_volume_2.pdf Graphic file (type pdf)

<use ../../Figures/Report_19_09//Histograms/2th_observation/Canola_224/histogra
m_random_volume_2.pdf>
Package pdftex.def Info: ../../Figures/Report_19_09//Histograms/2th_observation
/Canola_224/histogram_random_volume_2.pdf used on input line 326.
(pdftex.def)             Requested size: 209.1301pt x 167.3004pt.

<../../Figures/Report_19_09//Histograms/3th_observation/Canola_224/histogram_ra
ndom_volume_3.pdf, id=117, 722.7pt x 578.16pt>
File: ../../Figures/Report_19_09//Histograms/3th_observation/Canola_224/histogr
am_random_volume_3.pdf Graphic file (type pdf)

<use ../../Figures/Report_19_09//Histograms/3th_observation/Canola_224/histogra
m_random_volume_3.pdf>
Package pdftex.def Info: ../../Figures/Report_19_09//Histograms/3th_observation
/Canola_224/histogram_random_volume_3.pdf used on input line 327.
(pdftex.def)             Requested size: 209.1301pt x 167.3004pt.

<../../Figures/Report_19_09//Histograms/4th_observation/Canola_224/histogram_ra
ndom_volume_4.pdf, id=118, 722.7pt x 578.16pt>
File: ../../Figures/Report_19_09//Histograms/4th_observation/Canola_224/histogr
am_random_volume_4.pdf Graphic file (type pdf)

<use ../../Figures/Report_19_09//Histograms/4th_observation/Canola_224/histogra
m_random_volume_4.pdf>
Package pdftex.def Info: ../../Figures/Report_19_09//Histograms/4th_observation
/Canola_224/histogram_random_volume_4.pdf used on input line 328.
(pdftex.def)             Requested size: 209.1301pt x 167.3004pt.

<../../Figures/Report_19_09//Histograms/5th_observation/Canola_224/histogram_ra
ndom_volume_5.pdf, id=119, 722.7pt x 578.16pt>
File: ../../Figures/Report_19_09//Histograms/5th_observation/Canola_224/histogr
am_random_volume_5.pdf Graphic file (type pdf)

<use ../../Figures/Report_19_09//Histograms/5th_observation/Canola_224/histogra
m_random_volume_5.pdf>
Package pdftex.def Info: ../../Figures/Report_19_09//Histograms/5th_observation
/Canola_224/histogram_random_volume_5.pdf used on input line 329.
(pdftex.def)             Requested size: 209.1301pt x 167.3004pt.

<../../Figures/Report_19_09//Histograms/1th_observation/Oats_102/histogram_trih
edral_1.pdf, id=120, 722.7pt x 578.16pt>
File: ../../Figures/Report_19_09//Histograms/1th_observation/Oats_102/histogram
_trihedral_1.pdf Graphic file (type pdf)

<use ../../Figures/Report_19_09//Histograms/1th_observation/Oats_102/histogram_
trihedral_1.pdf>
Package pdftex.def Info: ../../Figures/Report_19_09//Histograms/1th_observation
/Oats_102/histogram_trihedral_1.pdf used on input line 337.
(pdftex.def)             Requested size: 209.1301pt x 167.3004pt.

<../../Figures/Report_19_09//Histograms/2th_observation/Oats_102/histogram_trih
edral_2.pdf, id=121, 722.7pt x 578.16pt>
File: ../../Figures/Report_19_09//Histograms/2th_observation/Oats_102/histogram
_trihedral_2.pdf Graphic file (type pdf)

<use ../../Figures/Report_19_09//Histograms/2th_observation/Oats_102/histogram_
trihedral_2.pdf>
Package pdftex.def Info: ../../Figures/Report_19_09//Histograms/2th_observation
/Oats_102/histogram_trihedral_2.pdf used on input line 338.
(pdftex.def)             Requested size: 209.1301pt x 167.3004pt.

<../../Figures/Report_19_09//Histograms/3th_observation/Oats_102/histogram_trih
edral_3.pdf, id=122, 722.7pt x 578.16pt>
File: ../../Figures/Report_19_09//Histograms/3th_observation/Oats_102/histogram
_trihedral_3.pdf Graphic file (type pdf)

<use ../../Figures/Report_19_09//Histograms/3th_observation/Oats_102/histogram_
trihedral_3.pdf>
Package pdftex.def Info: ../../Figures/Report_19_09//Histograms/3th_observation
/Oats_102/histogram_trihedral_3.pdf used on input line 339.
(pdftex.def)             Requested size: 209.1301pt x 167.3004pt.

<../../Figures/Report_19_09//Histograms/4th_observation/Oats_102/histogram_trih
edral_4.pdf, id=123, 722.7pt x 578.16pt>
File: ../../Figures/Report_19_09//Histograms/4th_observation/Oats_102/histogram
_trihedral_4.pdf Graphic file (type pdf)

<use ../../Figures/Report_19_09//Histograms/4th_observation/Oats_102/histogram_
trihedral_4.pdf>
Package pdftex.def Info: ../../Figures/Report_19_09//Histograms/4th_observation
/Oats_102/histogram_trihedral_4.pdf used on input line 340.
(pdftex.def)             Requested size: 209.1301pt x 167.3004pt.

<../../Figures/Report_19_09//Histograms/5th_observation/Oats_102/histogram_trih
edral_5.pdf, id=124, 722.7pt x 578.16pt>
File: ../../Figures/Report_19_09//Histograms/5th_observation/Oats_102/histogram
_trihedral_5.pdf Graphic file (type pdf)

<use ../../Figures/Report_19_09//Histograms/5th_observation/Oats_102/histogram_
trihedral_5.pdf>
Package pdftex.def Info: ../../Figures/Report_19_09//Histograms/5th_observation
/Oats_102/histogram_trihedral_5.pdf used on input line 341.
(pdftex.def)             Requested size: 209.1301pt x 167.3004pt.

<../../Figures/Report_19_09//Histograms/1th_observation/Oats_102/histogram_rand
om_volume_1.pdf, id=125, 722.7pt x 578.16pt>
File: ../../Figures/Report_19_09//Histograms/1th_observation/Oats_102/histogram
_random_volume_1.pdf Graphic file (type pdf)

<use ../../Figures/Report_19_09//Histograms/1th_observation/Oats_102/histogram_
random_volume_1.pdf>
Package pdftex.def Info: ../../Figures/Report_19_09//Histograms/1th_observation
/Oats_102/histogram_random_volume_1.pdf used on input line 348.
(pdftex.def)             Requested size: 209.1301pt x 167.3004pt.

<../../Figures/Report_19_09//Histograms/2th_observation/Oats_102/histogram_rand
om_volume_2.pdf, id=126, 722.7pt x 578.16pt>
File: ../../Figures/Report_19_09//Histograms/2th_observation/Oats_102/histogram
_random_volume_2.pdf Graphic file (type pdf)

<use ../../Figures/Report_19_09//Histograms/2th_observation/Oats_102/histogram_
random_volume_2.pdf>
Package pdftex.def Info: ../../Figures/Report_19_09//Histograms/2th_observation
/Oats_102/histogram_random_volume_2.pdf used on input line 349.
(pdftex.def)             Requested size: 209.1301pt x 167.3004pt.

<../../Figures/Report_19_09//Histograms/3th_observation/Oats_102/histogram_rand
om_volume_3.pdf, id=127, 626.34pt x 418.56375pt>
File: ../../Figures/Report_19_09//Histograms/3th_observation/Oats_102/histogram
_random_volume_3.pdf Graphic file (type pdf)

<use ../../Figures/Report_19_09//Histograms/3th_observation/Oats_102/histogram_
random_volume_3.pdf>
Package pdftex.def Info: ../../Figures/Report_19_09//Histograms/3th_observation
/Oats_102/histogram_random_volume_3.pdf used on input line 350.
(pdftex.def)             Requested size: 209.1301pt x 139.75508pt.

<../../Figures/Report_19_09//Histograms/4th_observation/Oats_102/histogram_rand
om_volume_4.pdf, id=128, 722.7pt x 578.16pt>
File: ../../Figures/Report_19_09//Histograms/4th_observation/Oats_102/histogram
_random_volume_4.pdf Graphic file (type pdf)

<use ../../Figures/Report_19_09//Histograms/4th_observation/Oats_102/histogram_
random_volume_4.pdf>
Package pdftex.def Info: ../../Figures/Report_19_09//Histograms/4th_observation
/Oats_102/histogram_random_volume_4.pdf used on input line 351.
(pdftex.def)             Requested size: 209.1301pt x 167.3004pt.

<../../Figures/Report_19_09//Histograms/5th_observation/Oats_102/histogram_rand
om_volume_5.pdf, id=129, 722.7pt x 578.16pt>
File: ../../Figures/Report_19_09//Histograms/5th_observation/Oats_102/histogram
_random_volume_5.pdf Graphic file (type pdf)

<use ../../Figures/Report_19_09//Histograms/5th_observation/Oats_102/histogram_
random_volume_5.pdf>
Package pdftex.def Info: ../../Figures/Report_19_09//Histograms/5th_observation
/Oats_102/histogram_random_volume_5.pdf used on input line 352.
(pdftex.def)             Requested size: 209.1301pt x 167.3004pt.

<../../Figures/Report_19_09//Histograms/1th_observation/Oats_103/histogram_trih
edral_1.pdf, id=130, 722.7pt x 578.16pt>
File: ../../Figures/Report_19_09//Histograms/1th_observation/Oats_103/histogram
_trihedral_1.pdf Graphic file (type pdf)

<use ../../Figures/Report_19_09//Histograms/1th_observation/Oats_103/histogram_
trihedral_1.pdf>
Package pdftex.def Info: ../../Figures/Report_19_09//Histograms/1th_observation
/Oats_103/histogram_trihedral_1.pdf used on input line 360.
(pdftex.def)             Requested size: 209.1301pt x 167.3004pt.

<../../Figures/Report_19_09//Histograms/2th_observation/Oats_103/histogram_trih
edral_2.pdf, id=131, 722.7pt x 578.16pt>
File: ../../Figures/Report_19_09//Histograms/2th_observation/Oats_103/histogram
_trihedral_2.pdf Graphic file (type pdf)

<use ../../Figures/Report_19_09//Histograms/2th_observation/Oats_103/histogram_
trihedral_2.pdf>
Package pdftex.def Info: ../../Figures/Report_19_09//Histograms/2th_observation
/Oats_103/histogram_trihedral_2.pdf used on input line 361.
(pdftex.def)             Requested size: 209.1301pt x 167.3004pt.

<../../Figures/Report_19_09//Histograms/3th_observation/Oats_103/histogram_trih
edral_3.pdf, id=132, 722.7pt x 578.16pt>
File: ../../Figures/Report_19_09//Histograms/3th_observation/Oats_103/histogram
_trihedral_3.pdf Graphic file (type pdf)

<use ../../Figures/Report_19_09//Histograms/3th_observation/Oats_103/histogram_
trihedral_3.pdf>
Package pdftex.def Info: ../../Figures/Report_19_09//Histograms/3th_observation
/Oats_103/histogram_trihedral_3.pdf used on input line 362.
(pdftex.def)             Requested size: 209.1301pt x 167.3004pt.

<../../Figures/Report_19_09//Histograms/4th_observation/Oats_103/histogram_trih
edral_4.pdf, id=133, 722.7pt x 578.16pt>
File: ../../Figures/Report_19_09//Histograms/4th_observation/Oats_103/histogram
_trihedral_4.pdf Graphic file (type pdf)

<use ../../Figures/Report_19_09//Histograms/4th_observation/Oats_103/histogram_
trihedral_4.pdf>
Package pdftex.def Info: ../../Figures/Report_19_09//Histograms/4th_observation
/Oats_103/histogram_trihedral_4.pdf used on input line 363.
(pdftex.def)             Requested size: 209.1301pt x 167.3004pt.

<../../Figures/Report_19_09//Histograms/5th_observation/Oats_103/histogram_trih
edral_5.pdf, id=134, 722.7pt x 578.16pt>
File: ../../Figures/Report_19_09//Histograms/5th_observation/Oats_103/histogram
_trihedral_5.pdf Graphic file (type pdf)

<use ../../Figures/Report_19_09//Histograms/5th_observation/Oats_103/histogram_
trihedral_5.pdf>
Package pdftex.def Info: ../../Figures/Report_19_09//Histograms/5th_observation
/Oats_103/histogram_trihedral_5.pdf used on input line 364.
(pdftex.def)             Requested size: 209.1301pt x 167.3004pt.

<../../Figures/Report_19_09//Histograms/1th_observation/Oats_103/histogram_rand
om_volume_1.pdf, id=135, 722.7pt x 578.16pt>
File: ../../Figures/Report_19_09//Histograms/1th_observation/Oats_103/histogram
_random_volume_1.pdf Graphic file (type pdf)

<use ../../Figures/Report_19_09//Histograms/1th_observation/Oats_103/histogram_
random_volume_1.pdf>
Package pdftex.def Info: ../../Figures/Report_19_09//Histograms/1th_observation
/Oats_103/histogram_random_volume_1.pdf used on input line 371.
(pdftex.def)             Requested size: 209.1301pt x 167.3004pt.

<../../Figures/Report_19_09//Histograms/2th_observation/Oats_103/histogram_rand
om_volume_2.pdf, id=136, 722.7pt x 578.16pt>
File: ../../Figures/Report_19_09//Histograms/2th_observation/Oats_103/histogram
_random_volume_2.pdf Graphic file (type pdf)

<use ../../Figures/Report_19_09//Histograms/2th_observation/Oats_103/histogram_
random_volume_2.pdf>
Package pdftex.def Info: ../../Figures/Report_19_09//Histograms/2th_observation
/Oats_103/histogram_random_volume_2.pdf used on input line 372.
(pdftex.def)             Requested size: 209.1301pt x 167.3004pt.

<../../Figures/Report_19_09//Histograms/3th_observation/Oats_103/histogram_rand
om_volume_3.pdf, id=137, 722.7pt x 578.16pt>
File: ../../Figures/Report_19_09//Histograms/3th_observation/Oats_103/histogram
_random_volume_3.pdf Graphic file (type pdf)

<use ../../Figures/Report_19_09//Histograms/3th_observation/Oats_103/histogram_
random_volume_3.pdf>
Package pdftex.def Info: ../../Figures/Report_19_09//Histograms/3th_observation
/Oats_103/histogram_random_volume_3.pdf used on input line 373.
(pdftex.def)             Requested size: 209.1301pt x 167.3004pt.

<../../Figures/Report_19_09//Histograms/4th_observation/Oats_103/histogram_rand
om_volume_4.pdf, id=138, 722.7pt x 578.16pt>
File: ../../Figures/Report_19_09//Histograms/4th_observation/Oats_103/histogram
_random_volume_4.pdf Graphic file (type pdf)

<use ../../Figures/Report_19_09//Histograms/4th_observation/Oats_103/histogram_
random_volume_4.pdf>
Package pdftex.def Info: ../../Figures/Report_19_09//Histograms/4th_observation
/Oats_103/histogram_random_volume_4.pdf used on input line 374.
(pdftex.def)             Requested size: 209.1301pt x 167.3004pt.

<../../Figures/Report_19_09//Histograms/5th_observation/Oats_103/histogram_rand
om_volume_5.pdf, id=139, 722.7pt x 578.16pt>
File: ../../Figures/Report_19_09//Histograms/5th_observation/Oats_103/histogram
_random_volume_5.pdf Graphic file (type pdf)

<use ../../Figures/Report_19_09//Histograms/5th_observation/Oats_103/histogram_
random_volume_5.pdf>
Package pdftex.def Info: ../../Figures/Report_19_09//Histograms/5th_observation
/Oats_103/histogram_random_volume_5.pdf used on input line 375.
(pdftex.def)             Requested size: 209.1301pt x 167.3004pt.
 [3]
<../../Figures/Report_19_09//Parameters/mean_tri_over_time_sb231.pdf, id=144, 8
67.24pt x 578.16pt>
File: ../../Figures/Report_19_09//Parameters/mean_tri_over_time_sb231.pdf Graph
ic file (type pdf)

<use ../../Figures/Report_19_09//Parameters/mean_tri_over_time_sb231.pdf>
Package pdftex.def Info: ../../Figures/Report_19_09//Parameters/mean_tri_over_t
ime_sb231.pdf used on input line 424.
(pdftex.def)             Requested size: 213.39568pt x 142.26357pt.

<../../Figures/Report_19_09//Parameters/mean_tri_over_time_sb232.pdf, id=145, 8
67.24pt x 578.16pt>
File: ../../Figures/Report_19_09//Parameters/mean_tri_over_time_sb232.pdf Graph
ic file (type pdf)

<use ../../Figures/Report_19_09//Parameters/mean_tri_over_time_sb232.pdf>
Package pdftex.def Info: ../../Figures/Report_19_09//Parameters/mean_tri_over_t
ime_sb232.pdf used on input line 425.
(pdftex.def)             Requested size: 213.39568pt x 142.26357pt.

Overfull \hbox (2.61108pt too wide) in paragraph at lines 424--426
[][] [] 
 []


LaTeX Warning: `!h' float specifier changed to `!ht'.

[4] [5 <../../Figures/Report_19_09//Histograms/1th_observation/Soybeans_101/his
togram_trihedral_1.pdf> <../../Figures/Report_19_09//Histograms/2th_observation
/Soybeans_101/histogram_trihedral_2.pdf> <../../Figures/Report_19_09//Histogram
s/3th_observation/Soybeans_101/histogram_trihedral_3.pdf> <../../Figures/Report
_19_09//Histograms/4th_observation/Soybeans_101/histogram_trihedral_4.pdf> <../
../Figures/Report_19_09//Histograms/5th_observation/Soybeans_101/histogram_trih
edral_5.pdf>] [6 <../../Figures/Report_19_09//Histograms/1th_observation/Soybea
ns_101/histogram_random_volume_1.pdf> <../../Figures/Report_19_09//Histograms/2
th_observation/Soybeans_101/histogram_random_volume_2.pdf> <../../Figures/Repor
t_19_09//Histograms/3th_observation/Soybeans_101/histogram_random_volume_3.pdf>
 <../../Figures/Report_19_09//Histograms/4th_observation/Soybeans_101/histogram
_random_volume_4.pdf> <../../Figures/Report_19_09//Histograms/5th_observation/S
oybeans_101/histogram_random_volume_5.pdf>] [7 <../../Figures/Report_19_09//His
tograms/1th_observation/Soybeans_231/histogram_trihedral_1.pdf> <../../Figures/
Report_19_09//Histograms/2th_observation/Soybeans_231/histogram_trihedral_2.pdf
> <../../Figures/Report_19_09//Histograms/3th_observation/Soybeans_231/histogra
m_trihedral_3.pdf> <../../Figures/Report_19_09//Histograms/4th_observation/Soyb
eans_231/histogram_trihedral_4.pdf> <../../Figures/Report_19_09//Histograms/5th
_observation/Soybeans_231/histogram_trihedral_5.pdf>] [8 <../../Figures/Report_
19_09//Histograms/1th_observation/Soybeans_231/histogram_random_volume_1.pdf> <
../../Figures/Report_19_09//Histograms/2th_observation/Soybeans_231/histogram_r
andom_volume_2.pdf> <../../Figures/Report_19_09//Histograms/3th_observation/Soy
beans_231/histogram_random_volume_3.pdf> <../../Figures/Report_19_09//Histogram
s/4th_observation/Soybeans_231/histogram_random_volume_4.pdf> <../../Figures/Re
port_19_09//Histograms/5th_observation/Soybeans_231/histogram_random_volume_5.p
df>] [9 <../../Figures/Report_19_09//Histograms/1th_observation/Soybeans_232/hi
stogram_trihedral_1.pdf> <../../Figures/Report_19_09//Histograms/2th_observatio
n/Soybeans_232/histogram_trihedral_2.pdf> <../../Figures/Report_19_09//Histogra
ms/3th_observation/Soybeans_232/histogram_trihedral_3.pdf> <../../Figures/Repor
t_19_09//Histograms/4th_observation/Soybeans_232/histogram_trihedral_4.pdf> <..
/../Figures/Report_19_09//Histograms/5th_observation/Soybeans_232/histogram_tri
hedral_5.pdf>] [10 <../../Figures/Report_19_09//Histograms/1th_observation/Soyb
eans_232/histogram_random_volume_1.pdf> <../../Figures/Report_19_09//Histograms
/2th_observation/Soybeans_232/histogram_random_volume_2.pdf> <../../Figures/Rep
ort_19_09//Histograms/3th_observation/Soybeans_232/histogram_random_volume_3.pd
f> <../../Figures/Report_19_09//Histograms/4th_observation/Soybeans_232/histogr
am_random_volume_4.pdf> <../../Figures/Report_19_09//Histograms/5th_observation
/Soybeans_232/histogram_random_volume_5.pdf>] [11 <../../Figures/Report_19_09//
Histograms/1th_observation/Wheat_104/histogram_trihedral_1.pdf> <../../Figures/
Report_19_09//Histograms/2th_observation/Wheat_104/histogram_trihedral_2.pdf> <
../../Figures/Report_19_09//Histograms/3th_observation/Wheat_104/histogram_trih
edral_3.pdf> <../../Figures/Report_19_09//Histograms/4th_observation/Wheat_104/
histogram_trihedral_4.pdf> <../../Figures/Report_19_09//Histograms/5th_observat
ion/Wheat_104/histogram_trihedral_5.pdf>] [12 <../../Figures/Report_19_09//Hist
ograms/1th_observation/Wheat_104/histogram_random_volume_1.pdf> <../../Figures/
Report_19_09//Histograms/2th_observation/Wheat_104/histogram_random_volume_2.pd
f> <../../Figures/Report_19_09//Histograms/3th_observation/Wheat_104/histogram_
random_volume_3.pdf> <../../Figures/Report_19_09//Histograms/4th_observation/Wh
eat_104/histogram_random_volume_4.pdf> <../../Figures/Report_19_09//Histograms/
5th_observation/Wheat_104/histogram_random_volume_5.pdf>] [13 <../../Figures/Re
port_19_09//Histograms/1th_observation/Wheat_105/histogram_trihedral_1.pdf> <..
/../Figures/Report_19_09//Histograms/2th_observation/Wheat_105/histogram_trihed
ral_2.pdf> <../../Figures/Report_19_09//Histograms/3th_observation/Wheat_105/hi
stogram_trihedral_3.pdf> <../../Figures/Report_19_09//Histograms/4th_observatio
n/Wheat_105/histogram_trihedral_4.pdf> <../../Figures/Report_19_09//Histograms/
5th_observation/Wheat_105/histogram_trihedral_5.pdf>] [14 <../../Figures/Report
_19_09//Histograms/1th_observation/Wheat_105/histogram_random_volume_1.pdf> <..
/../Figures/Report_19_09//Histograms/2th_observation/Wheat_105/histogram_random
_volume_2.pdf> <../../Figures/Report_19_09//Histograms/3th_observation/Wheat_10
5/histogram_random_volume_3.pdf> <../../Figures/Report_19_09//Histograms/4th_ob
servation/Wheat_105/histogram_random_volume_4.pdf> <../../Figures/Report_19_09/
/Histograms/5th_observation/Wheat_105/histogram_random_volume_5.pdf>] [15 <../.
./Figures/Report_19_09//Histograms/1th_observation/Wheat_255/histogram_trihedra
l_1.pdf> <../../Figures/Report_19_09//Histograms/2th_observation/Wheat_255/hist
ogram_trihedral_2.pdf> <../../Figures/Report_19_09//Histograms/3th_observation/
Wheat_255/histogram_trihedral_3.pdf> <../../Figures/Report_19_09//Histograms/4t
h_observation/Wheat_255/histogram_trihedral_4.pdf> <../../Figures/Report_19_09/
/Histograms/5th_observation/Wheat_255/histogram_trihedral_5.pdf>] [16 <../../Fi
gures/Report_19_09//Histograms/1th_observation/Wheat_255/histogram_random_volum
e_1.pdf> <../../Figures/Report_19_09//Histograms/2th_observation/Wheat_255/hist
ogram_random_volume_2.pdf> <../../Figures/Report_19_09//Histograms/3th_observat
ion/Wheat_255/histogram_random_volume_3.pdf> <../../Figures/Report_19_09//Histo
grams/4th_observation/Wheat_255/histogram_random_volume_4.pdf> <../../Figures/R
eport_19_09//Histograms/5th_observation/Wheat_255/histogram_random_volume_5.pdf
>] [17 <../../Figures/Report_19_09//Histograms/1th_observation/Canola_43/histog
ram_trihedral_1.pdf> <../../Figures/Report_19_09//Histograms/2th_observation/Ca
nola_43/histogram_trihedral_2.pdf> <../../Figures/Report_19_09//Histograms/3th_
observation/Canola_43/histogram_trihedral_3.pdf> <../../Figures/Report_19_09//H
istograms/4th_observation/Canola_43/histogram_trihedral_4.pdf> <../../Figures/R
eport_19_09//Histograms/5th_observation/Canola_43/histogram_trihedral_5.pdf>]
[18 <../../Figures/Report_19_09//Histograms/1th_observation/Canola_43/histogram
_random_volume_1.pdf> <../../Figures/Report_19_09//Histograms/2th_observation/C
anola_43/histogram_random_volume_2.pdf> <../../Figures/Report_19_09//Histograms
/3th_observation/Canola_43/histogram_random_volume_3.pdf> <../../Figures/Report
_19_09//Histograms/4th_observation/Canola_43/histogram_random_volume_4.pdf> <..
/../Figures/Report_19_09//Histograms/5th_observation/Canola_43/histogram_random
_volume_5.pdf>] [19 <../../Figures/Report_19_09//Histograms/1th_observation/Can
ola_224/histogram_trihedral_1.pdf> <../../Figures/Report_19_09//Histograms/2th_
observation/Canola_224/histogram_trihedral_2.pdf> <../../Figures/Report_19_09//
Histograms/3th_observation/Canola_224/histogram_trihedral_3.pdf> <../../Figures
/Report_19_09//Histograms/4th_observation/Canola_224/histogram_trihedral_4.pdf>
 <../../Figures/Report_19_09//Histograms/5th_observation/Canola_224/histogram_t
rihedral_5.pdf>] [20 <../../Figures/Report_19_09//Histograms/1th_observation/Ca
nola_224/histogram_random_volume_1.pdf> <../../Figures/Report_19_09//Histograms
/2th_observation/Canola_224/histogram_random_volume_2.pdf> <../../Figures/Repor
t_19_09//Histograms/3th_observation/Canola_224/histogram_random_volume_3.pdf> <
../../Figures/Report_19_09//Histograms/4th_observation/Canola_224/histogram_ran
dom_volume_4.pdf> <../../Figures/Report_19_09//Histograms/5th_observation/Canol
a_224/histogram_random_volume_5.pdf>] [21 <../../Figures/Report_19_09//Histogra
ms/1th_observation/Oats_102/histogram_trihedral_1.pdf> <../../Figures/Report_19
_09//Histograms/2th_observation/Oats_102/histogram_trihedral_2.pdf> <../../Figu
res/Report_19_09//Histograms/3th_observation/Oats_102/histogram_trihedral_3.pdf
> <../../Figures/Report_19_09//Histograms/4th_observation/Oats_102/histogram_tr
ihedral_4.pdf> <../../Figures/Report_19_09//Histograms/5th_observation/Oats_102
/histogram_trihedral_5.pdf>] [22 <../../Figures/Report_19_09//Histograms/1th_ob
servation/Oats_102/histogram_random_volume_1.pdf> <../../Figures/Report_19_09//
Histograms/2th_observation/Oats_102/histogram_random_volume_2.pdf> <../../Figur
es/Report_19_09//Histograms/3th_observation/Oats_102/histogram_random_volume_3.
pdf> <../../Figures/Report_19_09//Histograms/4th_observation/Oats_102/histogram
_random_volume_4.pdf> <../../Figures/Report_19_09//Histograms/5th_observation/O
ats_102/histogram_random_volume_5.pdf>] [23 <../../Figures/Report_19_09//Histog
rams/1th_observation/Oats_103/histogram_trihedral_1.pdf> <../../Figures/Report_
19_09//Histograms/2th_observation/Oats_103/histogram_trihedral_2.pdf> <../../Fi
gures/Report_19_09//Histograms/3th_observation/Oats_103/histogram_trihedral_3.p
df> <../../Figures/Report_19_09//Histograms/4th_observation/Oats_103/histogram_
trihedral_4.pdf> <../../Figures/Report_19_09//Histograms/5th_observation/Oats_1
03/histogram_trihedral_5.pdf>] [24 <../../Figures/Report_19_09//Histograms/1th_
observation/Oats_103/histogram_random_volume_1.pdf> <../../Figures/Report_19_09
//Histograms/2th_observation/Oats_103/histogram_random_volume_2.pdf> <../../Fig
ures/Report_19_09//Histograms/3th_observation/Oats_103/histogram_random_volume_
3.pdf> <../../Figures/Report_19_09//Histograms/4th_observation/Oats_103/histogr
am_random_volume_4.pdf> <../../Figures/Report_19_09//Histograms/5th_observation
/Oats_103/histogram_random_volume_5.pdf>] [25 <../../Figures/Report_19_09//Para
meters/mean_tri_over_time_sb231.pdf> <../../Figures/Report_19_09//Parameters/me
an_tri_over_time_sb232.pdf>] (./report_19_09.aux) ) 
Here is how much of TeX's memory you used:
 5117 strings out of 493029
 109859 string characters out of 6136234
 283906 words of memory out of 5000000
 8382 multiletter control sequences out of 15000+600000
 9174 words of font info for 33 fonts, out of 8000000 for 9000
 1141 hyphenation exceptions out of 8191
 38i,8n,24p,629b,266s stack positions out of 5000i,500n,10000p,200000b,80000s
</usr/share/texlive/texmf-di
st/fonts/type1/public/amsfonts/cm/cmbx12.pfb></usr/share/texlive/texmf-dist/fon
ts/type1/public/amsfonts/cm/cmmi12.pfb></usr/share/texlive/texmf-dist/fonts/typ
e1/public/amsfonts/cm/cmr10.pfb></usr/share/texlive/texmf-dist/fonts/type1/publ
ic/amsfonts/cm/cmr12.pfb></usr/share/texlive/texmf-dist/fonts/type1/public/amsf
onts/cm/cmr17.pfb></usr/share/texlive/texmf-dist/fonts/type1/public/amsfonts/cm
/cmsy10.pfb>
Output written on report_19_09.pdf (26 pages, 5343062 bytes).
PDF statistics:
 752 PDF objects out of 1000 (max. 8388607)
 494 compressed objects within 5 object streams
 0 named destinations out of 1000 (max. 500000)
 551 words of extra memory for PDF output out of 10000 (max. 10000000)

